<?xml version="1.0" encoding="UTF-8"?>
<testsuite xmlns:xsi="http://www.w3.org/2001/XMLSchema-instance" xsi:noNamespaceSchemaLocation="https://maven.apache.org/surefire/maven-surefire-plugin/xsd/surefire-test-report.xsd" version="3.0.2" name="vn.edu.fpt.myfschool.TuitionIntegrationTest" time="2.93" tests="7" errors="0" skipped="0" failures="0">
  <properties>
[...]
</properties>
  <testcase name="simulate_payment" classname="vn.edu.fpt.myfschool.TuitionIntegrationTest" time="0.449">
    <system-out><![CDATA[2026-06-24T20:29:50.143+07:00  INFO 24436 --- [myfschool-backend] [           main] t.c.s.AnnotationConfigContextLoaderUtils : Could not detect default configuration classes for test class [vn.edu.fpt.myfschool.TuitionIntegrationTest]: TuitionIntegrationTest does not declare any static, non-private, non-final, nested classes annotated with @Configuration.
2026-06-24T20:29:50.145+07:00  INFO 24436 --- [myfschool-backend] [           main] .b.t.c.SpringBootTestContextBootstrapper : Found @SpringBootConfiguration vn.edu.fpt.myfschool.MyfSchoolApplication for test class vn.edu.fpt.myfschool.TuitionIntegrationTest
2026-06-24T20:29:50.150+07:00 DEBUG 24436 --- [myfschool-backend] [           main] org.hibernate.SQL                        : 
    insert 
    into
        classes
        (academic_year, created_at, grade_level, name, school_name, updated_at, id) 
    values
        (?, ?, ?, ?, ?, ?, default)
Hibernate: 
    insert 
    into
        classes
        (academic_year, created_at, grade_level, name, school_name, updated_at, id) 
    values
        (?, ?, ?, ?, ?, ?, default)
2026-06-24T20:29:50.151+07:00 DEBUG 24436 --- [myfschool-backend] [           main] org.hibernate.SQL                        : 
    insert 
    into
        classes
        (academic_year, created_at, grade_level, name, school_name, updated_at, id) 
    values
        (?, ?, ?, ?, ?, ?, default)
Hibernate: 
    insert 
    into
        classes
        (academic_year, created_at, grade_level, name, school_name, updated_at, id) 
    values
        (?, ?, ?, ?, ?, ?, default)
2026-06-24T20:29:50.152+07:00 DEBUG 24436 --- [myfschool-backend] [           main] org.hibernate.SQL                        : 
    insert 
    into
        subjects
        (code, created_at, name, updated_at, id) 
    values
        (?, ?, ?, ?, default)
Hibernate: 
    insert 
    into
        subjects
        (code, created_at, name, updated_at, id) 
    values
        (?, ?, ?, ?, default)
2026-06-24T20:29:50.152+07:00 DEBUG 24436 --- [myfschool-backend] [           main] org.hibernate.SQL                        : 
    insert 
    into
        subjects
        (code, created_at, name, updated_at, id) 
    values
        (?, ?, ?, ?, default)
Hibernate: 
    insert 
    into
        subjects
        (code, created_at, name, updated_at, id) 
    values
        (?, ?, ?, ?, default)
2026-06-24T20:29:50.153+07:00 DEBUG 24436 --- [myfschool-backend] [           main] org.hibernate.SQL                        : 
    insert 
    into
        semesters
        (academic_year, created_at, end_date, is_current, name, start_date, updated_at, id) 
    values
        (?, ?, ?, ?, ?, ?, ?, default)
Hibernate: 
    insert 
    into
        semesters
        (academic_year, created_at, end_date, is_current, name, start_date, updated_at, id) 
    values
        (?, ?, ?, ?, ?, ?, ?, default)
2026-06-24T20:29:50.226+07:00 DEBUG 24436 --- [myfschool-backend] [           main] org.hibernate.SQL                        : 
    insert 
    into
        users
        (avatar, created_at, email, name, password, phone, role, status, updated_at, id) 
    values
        (?, ?, ?, ?, ?, ?, ?, ?, ?, default)
Hibernate: 
    insert 
    into
        users
        (avatar, created_at, email, name, password, phone, role, status, updated_at, id) 
    values
        (?, ?, ?, ?, ?, ?, ?, ?, ?, default)
2026-06-24T20:29:50.228+07:00 DEBUG 24436 --- [myfschool-backend] [           main] org.hibernate.SQL                        : 
    insert 
    into
        teachers
        (created_at, department, employee_code, updated_at, user_id, id) 
    values
        (?, ?, ?, ?, ?, default)
Hibernate: 
    insert 
    into
        teachers
        (created_at, department, employee_code, updated_at, user_id, id) 
    values
        (?, ?, ?, ?, ?, default)
2026-06-24T20:29:50.229+07:00 DEBUG 24436 --- [myfschool-backend] [           main] org.hibernate.SQL                        : 
    insert 
    into
        class_subjects
        (academic_year, class_id, created_at, is_homeroom, semester_id, subject_id, teacher_id, updated_at, id) 
    values
        (?, ?, ?, ?, ?, ?, ?, ?, default)
Hibernate: 
    insert 
    into
        class_subjects
        (academic_year, class_id, created_at, is_homeroom, semester_id, subject_id, teacher_id, updated_at, id) 
    values
        (?, ?, ?, ?, ?, ?, ?, ?, default)
2026-06-24T20:29:50.301+07:00 DEBUG 24436 --- [myfschool-backend] [           main] org.hibernate.SQL                        : 
    insert 
    into
        users
        (avatar, created_at, email, name, password, phone, role, status, updated_at, id) 
    values
        (?, ?, ?, ?, ?, ?, ?, ?, ?, default)
Hibernate: 
    insert 
    into
        users
        (avatar, created_at, email, name, password, phone, role, status, updated_at, id) 
    values
        (?, ?, ?, ?, ?, ?, ?, ?, ?, default)
2026-06-24T20:29:50.301+07:00 DEBUG 24436 --- [myfschool-backend] [           main] org.hibernate.SQL                        : 
    insert 
    into
        parents
        (address, created_at, occupation, updated_at, user_id, id) 
    values
        (?, ?, ?, ?, ?, default)
Hibernate: 
    insert 
    into
        parents
        (address, created_at, occupation, updated_at, user_id, id) 
    values
        (?, ?, ?, ?, ?, default)
2026-06-24T20:29:50.362+07:00 DEBUG 24436 --- [myfschool-backend] [           main] org.hibernate.SQL                        : 
    insert 
    into
        users
        (avatar, created_at, email, name, password, phone, role, status, updated_at, id) 
    values
        (?, ?, ?, ?, ?, ?, ?, ?, ?, default)
Hibernate: 
    insert 
    into
        users
        (avatar, created_at, email, name, password, phone, role, status, updated_at, id) 
    values
        (?, ?, ?, ?, ?, ?, ?, ?, ?, default)
2026-06-24T20:29:50.364+07:00 DEBUG 24436 --- [myfschool-backend] [           main] org.hibernate.SQL                        : 
    insert 
    into
        students
        (created_at, class_id, date_of_birth, student_code, updated_at, user_id, id) 
    values
        (?, ?, ?, ?, ?, ?, default)
Hibernate: 
    insert 
    into
        students
        (created_at, class_id, date_of_birth, student_code, updated_at, user_id, id) 
    values
        (?, ?, ?, ?, ?, ?, default)
2026-06-24T20:29:50.364+07:00 DEBUG 24436 --- [myfschool-backend] [           main] org.hibernate.SQL                        : 
    insert 
    into
        student_guardians
        (created_at, guardian_id, relationship, student_id, updated_at, id) 
    values
        (?, ?, ?, ?, ?, default)
Hibernate: 
    insert 
    into
        student_guardians
        (created_at, guardian_id, relationship, student_id, updated_at, id) 
    values
        (?, ?, ?, ?, ?, default)
2026-06-24T20:29:50.427+07:00 DEBUG 24436 --- [myfschool-backend] [           main] org.hibernate.SQL                        : 
    insert 
    into
        users
        (avatar, created_at, email, name, password, phone, role, status, updated_at, id) 
    values
        (?, ?, ?, ?, ?, ?, ?, ?, ?, default)
Hibernate: 
    insert 
    into
        users
        (avatar, created_at, email, name, password, phone, role, status, updated_at, id) 
    values
        (?, ?, ?, ?, ?, ?, ?, ?, ?, default)
2026-06-24T20:29:50.427+07:00 DEBUG 24436 --- [myfschool-backend] [           main] org.hibernate.SQL                        : 
    insert 
    into
        students
        (created_at, class_id, date_of_birth, student_code, updated_at, user_id, id) 
    values
        (?, ?, ?, ?, ?, ?, default)
Hibernate: 
    insert 
    into
        students
        (created_at, class_id, date_of_birth, student_code, updated_at, user_id, id) 
    values
        (?, ?, ?, ?, ?, ?, default)
2026-06-24T20:29:50.428+07:00 DEBUG 24436 --- [myfschool-backend] [           main] org.hibernate.SQL                        : 
    insert 
    into
        student_guardians
        (created_at, guardian_id, relationship, student_id, updated_at, id) 
    values
        (?, ?, ?, ?, ?, default)
Hibernate: 
    insert 
    into
        student_guardians
        (created_at, guardian_id, relationship, student_id, updated_at, id) 
    values
        (?, ?, ?, ?, ?, default)
2026-06-24T20:29:50.491+07:00 DEBUG 24436 --- [myfschool-backend] [           main] org.hibernate.SQL                        : 
    insert 
    into
        users
        (avatar, created_at, email, name, password, phone, role, status, updated_at, id) 
    values
        (?, ?, ?, ?, ?, ?, ?, ?, ?, default)
Hibernate: 
    insert 
    into
        users
        (avatar, created_at, email, name, password, phone, role, status, updated_at, id) 
    values
        (?, ?, ?, ?, ?, ?, ?, ?, ?, default)
2026-06-24T20:29:50.492+07:00 DEBUG 24436 --- [myfschool-backend] [           main] org.hibernate.SQL                        : 
    insert 
    into
        students
        (created_at, class_id, date_of_birth, student_code, updated_at, user_id, id) 
    values
        (?, ?, ?, ?, ?, ?, default)
Hibernate: 
    insert 
    into
        students
        (created_at, class_id, date_of_birth, student_code, updated_at, user_id, id) 
    values
        (?, ?, ?, ?, ?, ?, default)
2026-06-24T20:29:50.492+07:00 DEBUG 24436 --- [myfschool-backend] [           main] org.hibernate.SQL                        : 
    insert 
    into
        student_guardians
        (created_at, guardian_id, relationship, student_id, updated_at, id) 
    values
        (?, ?, ?, ?, ?, default)
Hibernate: 
    insert 
    into
        student_guardians
        (created_at, guardian_id, relationship, student_id, updated_at, id) 
    values
        (?, ?, ?, ?, ?, default)
2026-06-24T20:29:50.495+07:00 DEBUG 24436 --- [myfschool-backend] [           main] org.hibernate.SQL                        : 
    select
        u1_0.id,
        u1_0.avatar,
        u1_0.created_at,
        u1_0.email,
        u1_0.name,
        u1_0.password,
        u1_0.phone,
        u1_0.role,
        u1_0.status,
        u1_0.updated_at 
    from
        users u1_0 
    where
        u1_0.phone=?
Hibernate: 
    select
        u1_0.id,
        u1_0.avatar,
        u1_0.created_at,
        u1_0.email,
        u1_0.name,
        u1_0.password,
        u1_0.phone,
        u1_0.role,
        u1_0.status,
        u1_0.updated_at 
    from
        users u1_0 
    where
        u1_0.phone=?
2026-06-24T20:29:50.558+07:00 DEBUG 24436 --- [myfschool-backend] [           main] org.hibernate.SQL                        : 
    select
        us1_0.id,
        us1_0.created_at,
        us1_0.language,
        us1_0.notification_enabled,
        us1_0.theme,
        us1_0.updated_at,
        us1_0.user_id 
    from
        user_settings us1_0 
    left join
        users u1_0 
            on u1_0.id=us1_0.user_id 
    where
        u1_0.id=?
Hibernate: 
    select
        us1_0.id,
        us1_0.created_at,
        us1_0.language,
        us1_0.notification_enabled,
        us1_0.theme,
        us1_0.updated_at,
        us1_0.user_id 
    from
        user_settings us1_0 
    left join
        users u1_0 
            on u1_0.id=us1_0.user_id 
    where
        u1_0.id=?
2026-06-24T20:29:50.559+07:00 DEBUG 24436 --- [myfschool-backend] [           main] org.hibernate.SQL                        : 
    select
        t1_0.id,
        t1_0.created_at,
        t1_0.department,
        t1_0.employee_code,
        t1_0.updated_at,
        t1_0.user_id 
    from
        teachers t1_0 
    left join
        users u1_0 
            on u1_0.id=t1_0.user_id 
    where
        u1_0.id=?
Hibernate: 
    select
        t1_0.id,
        t1_0.created_at,
        t1_0.department,
        t1_0.employee_code,
        t1_0.updated_at,
        t1_0.user_id 
    from
        teachers t1_0 
    left join
        users u1_0 
            on u1_0.id=t1_0.user_id 
    where
        u1_0.id=?
2026-06-24T20:29:50.575+07:00 DEBUG 24436 --- [myfschool-backend] [           main] org.hibernate.SQL                        : 
    select
        tb1_0.id 
    from
        tuition_bills tb1_0 
    left join
        students s1_0 
            on s1_0.id=tb1_0.student_id 
    left join
        semesters s2_0 
            on s2_0.id=tb1_0.semester_id 
    where
        s1_0.id=? 
        and s2_0.id=? 
        and tb1_0.name=? 
    fetch
        first ? rows only
Hibernate: 
    select
        tb1_0.id 
    from
        tuition_bills tb1_0 
    left join
        students s1_0 
            on s1_0.id=tb1_0.student_id 
    left join
        semesters s2_0 
            on s2_0.id=tb1_0.semester_id 
    where
        s1_0.id=? 
        and s2_0.id=? 
        and tb1_0.name=? 
    fetch
        first ? rows only
2026-06-24T20:29:50.576+07:00 DEBUG 24436 --- [myfschool-backend] [           main] org.hibernate.SQL                        : 
    insert 
    into
        tuition_bills
        (amount, class_id, created_at, due_date, name, paid_at, semester_id, status, student_id, updated_at, id) 
    values
        (?, ?, ?, ?, ?, ?, ?, ?, ?, ?, default)
Hibernate: 
    insert 
    into
        tuition_bills
        (amount, class_id, created_at, due_date, name, paid_at, semester_id, status, student_id, updated_at, id) 
    values
        (?, ?, ?, ?, ?, ?, ?, ?, ?, ?, default)
2026-06-24T20:29:50.584+07:00 DEBUG 24436 --- [myfschool-backend] [           main] org.hibernate.SQL                        : 
    insert 
    into
        payment_transactions
        (amount, created_at, paid_at, payment_method, status, transaction_ref, bill_id, updated_at, id) 
    values
        (?, ?, ?, ?, ?, ?, ?, ?, default)
Hibernate: 
    insert 
    into
        payment_transactions
        (amount, created_at, paid_at, payment_method, status, transaction_ref, bill_id, updated_at, id) 
    values
        (?, ?, ?, ?, ?, ?, ?, ?, default)
]]></system-out>
  </testcase>
  <testcase name="teacher_view_class_bills" classname="vn.edu.fpt.myfschool.TuitionIntegrationTest" time="0.418">
    <system-out><![CDATA[2026-06-24T20:29:50.599+07:00 DEBUG 24436 --- [myfschool-backend] [           main] org.hibernate.SQL                        : 
    insert 
    into
        classes
        (academic_year, created_at, grade_level, name, school_name, updated_at, id) 
    values
        (?, ?, ?, ?, ?, ?, default)
Hibernate: 
    insert 
    into
        classes
        (academic_year, created_at, grade_level, name, school_name, updated_at, id) 
    values
        (?, ?, ?, ?, ?, ?, default)
2026-06-24T20:29:50.600+07:00 DEBUG 24436 --- [myfschool-backend] [           main] org.hibernate.SQL                        : 
    insert 
    into
        classes
        (academic_year, created_at, grade_level, name, school_name, updated_at, id) 
    values
        (?, ?, ?, ?, ?, ?, default)
Hibernate: 
    insert 
    into
        classes
        (academic_year, created_at, grade_level, name, school_name, updated_at, id) 
    values
        (?, ?, ?, ?, ?, ?, default)
2026-06-24T20:29:50.600+07:00 DEBUG 24436 --- [myfschool-backend] [           main] org.hibernate.SQL                        : 
    insert 
    into
        subjects
        (code, created_at, name, updated_at, id) 
    values
        (?, ?, ?, ?, default)
Hibernate: 
    insert 
    into
        subjects
        (code, created_at, name, updated_at, id) 
    values
        (?, ?, ?, ?, default)
2026-06-24T20:29:50.600+07:00 DEBUG 24436 --- [myfschool-backend] [           main] org.hibernate.SQL                        : 
    insert 
    into
        subjects
        (code, created_at, name, updated_at, id) 
    values
        (?, ?, ?, ?, default)
Hibernate: 
    insert 
    into
        subjects
        (code, created_at, name, updated_at, id) 
    values
        (?, ?, ?, ?, default)
2026-06-24T20:29:50.600+07:00 DEBUG 24436 --- [myfschool-backend] [           main] org.hibernate.SQL                        : 
    insert 
    into
        semesters
        (academic_year, created_at, end_date, is_current, name, start_date, updated_at, id) 
    values
        (?, ?, ?, ?, ?, ?, ?, default)
Hibernate: 
    insert 
    into
        semesters
        (academic_year, created_at, end_date, is_current, name, start_date, updated_at, id) 
    values
        (?, ?, ?, ?, ?, ?, ?, default)
2026-06-24T20:29:50.664+07:00 DEBUG 24436 --- [myfschool-backend] [           main] org.hibernate.SQL                        : 
    insert 
    into
        users
        (avatar, created_at, email, name, password, phone, role, status, updated_at, id) 
    values
        (?, ?, ?, ?, ?, ?, ?, ?, ?, default)
Hibernate: 
    insert 
    into
        users
        (avatar, created_at, email, name, password, phone, role, status, updated_at, id) 
    values
        (?, ?, ?, ?, ?, ?, ?, ?, ?, default)
2026-06-24T20:29:50.665+07:00 DEBUG 24436 --- [myfschool-backend] [           main] org.hibernate.SQL                        : 
    insert 
    into
        teachers
        (created_at, department, employee_code, updated_at, user_id, id) 
    values
        (?, ?, ?, ?, ?, default)
Hibernate: 
    insert 
    into
        teachers
        (created_at, department, employee_code, updated_at, user_id, id) 
    values
        (?, ?, ?, ?, ?, default)
2026-06-24T20:29:50.665+07:00 DEBUG 24436 --- [myfschool-backend] [           main] org.hibernate.SQL                        : 
    insert 
    into
        class_subjects
        (academic_year, class_id, created_at, is_homeroom, semester_id, subject_id, teacher_id, updated_at, id) 
    values
        (?, ?, ?, ?, ?, ?, ?, ?, default)
Hibernate: 
    insert 
    into
        class_subjects
        (academic_year, class_id, created_at, is_homeroom, semester_id, subject_id, teacher_id, updated_at, id) 
    values
        (?, ?, ?, ?, ?, ?, ?, ?, default)
2026-06-24T20:29:50.730+07:00 DEBUG 24436 --- [myfschool-backend] [           main] org.hibernate.SQL                        : 
    insert 
    into
        users
        (avatar, created_at, email, name, password, phone, role, status, updated_at, id) 
    values
        (?, ?, ?, ?, ?, ?, ?, ?, ?, default)
Hibernate: 
    insert 
    into
        users
        (avatar, created_at, email, name, password, phone, role, status, updated_at, id) 
    values
        (?, ?, ?, ?, ?, ?, ?, ?, ?, default)
2026-06-24T20:29:50.731+07:00 DEBUG 24436 --- [myfschool-backend] [           main] org.hibernate.SQL                        : 
    insert 
    into
        parents
        (address, created_at, occupation, updated_at, user_id, id) 
    values
        (?, ?, ?, ?, ?, default)
Hibernate: 
    insert 
    into
        parents
        (address, created_at, occupation, updated_at, user_id, id) 
    values
        (?, ?, ?, ?, ?, default)
2026-06-24T20:29:50.797+07:00 DEBUG 24436 --- [myfschool-backend] [           main] org.hibernate.SQL                        : 
    insert 
    into
        users
        (avatar, created_at, email, name, password, phone, role, status, updated_at, id) 
    values
        (?, ?, ?, ?, ?, ?, ?, ?, ?, default)
Hibernate: 
    insert 
    into
        users
        (avatar, created_at, email, name, password, phone, role, status, updated_at, id) 
    values
        (?, ?, ?, ?, ?, ?, ?, ?, ?, default)
2026-06-24T20:29:50.797+07:00 DEBUG 24436 --- [myfschool-backend] [           main] org.hibernate.SQL                        : 
    insert 
    into
        students
        (created_at, class_id, date_of_birth, student_code, updated_at, user_id, id) 
    values
        (?, ?, ?, ?, ?, ?, default)
Hibernate: 
    insert 
    into
        students
        (created_at, class_id, date_of_birth, student_code, updated_at, user_id, id) 
    values
        (?, ?, ?, ?, ?, ?, default)
2026-06-24T20:29:50.797+07:00 DEBUG 24436 --- [myfschool-backend] [           main] org.hibernate.SQL                        : 
    insert 
    into
        student_guardians
        (created_at, guardian_id, relationship, student_id, updated_at, id) 
    values
        (?, ?, ?, ?, ?, default)
Hibernate: 
    insert 
    into
        student_guardians
        (created_at, guardian_id, relationship, student_id, updated_at, id) 
    values
        (?, ?, ?, ?, ?, default)
2026-06-24T20:29:50.859+07:00 DEBUG 24436 --- [myfschool-backend] [           main] org.hibernate.SQL                        : 
    insert 
    into
        users
        (avatar, created_at, email, name, password, phone, role, status, updated_at, id) 
    values
        (?, ?, ?, ?, ?, ?, ?, ?, ?, default)
Hibernate: 
    insert 
    into
        users
        (avatar, created_at, email, name, password, phone, role, status, updated_at, id) 
    values
        (?, ?, ?, ?, ?, ?, ?, ?, ?, default)
2026-06-24T20:29:50.859+07:00 DEBUG 24436 --- [myfschool-backend] [           main] org.hibernate.SQL                        : 
    insert 
    into
        students
        (created_at, class_id, date_of_birth, student_code, updated_at, user_id, id) 
    values
        (?, ?, ?, ?, ?, ?, default)
Hibernate: 
    insert 
    into
        students
        (created_at, class_id, date_of_birth, student_code, updated_at, user_id, id) 
    values
        (?, ?, ?, ?, ?, ?, default)
2026-06-24T20:29:50.860+07:00 DEBUG 24436 --- [myfschool-backend] [           main] org.hibernate.SQL                        : 
    insert 
    into
        student_guardians
        (created_at, guardian_id, relationship, student_id, updated_at, id) 
    values
        (?, ?, ?, ?, ?, default)
Hibernate: 
    insert 
    into
        student_guardians
        (created_at, guardian_id, relationship, student_id, updated_at, id) 
    values
        (?, ?, ?, ?, ?, default)
2026-06-24T20:29:50.921+07:00 DEBUG 24436 --- [myfschool-backend] [           main] org.hibernate.SQL                        : 
    insert 
    into
        users
        (avatar, created_at, email, name, password, phone, role, status, updated_at, id) 
    values
        (?, ?, ?, ?, ?, ?, ?, ?, ?, default)
Hibernate: 
    insert 
    into
        users
        (avatar, created_at, email, name, password, phone, role, status, updated_at, id) 
    values
        (?, ?, ?, ?, ?, ?, ?, ?, ?, default)
2026-06-24T20:29:50.922+07:00 DEBUG 24436 --- [myfschool-backend] [           main] org.hibernate.SQL                        : 
    insert 
    into
        students
        (created_at, class_id, date_of_birth, student_code, updated_at, user_id, id) 
    values
        (?, ?, ?, ?, ?, ?, default)
Hibernate: 
    insert 
    into
        students
        (created_at, class_id, date_of_birth, student_code, updated_at, user_id, id) 
    values
        (?, ?, ?, ?, ?, ?, default)
2026-06-24T20:29:50.922+07:00 DEBUG 24436 --- [myfschool-backend] [           main] org.hibernate.SQL                        : 
    insert 
    into
        student_guardians
        (created_at, guardian_id, relationship, student_id, updated_at, id) 
    values
        (?, ?, ?, ?, ?, default)
Hibernate: 
    insert 
    into
        student_guardians
        (created_at, guardian_id, relationship, student_id, updated_at, id) 
    values
        (?, ?, ?, ?, ?, default)
2026-06-24T20:29:50.925+07:00 DEBUG 24436 --- [myfschool-backend] [           main] org.hibernate.SQL                        : 
    select
        u1_0.id,
        u1_0.avatar,
        u1_0.created_at,
        u1_0.email,
        u1_0.name,
        u1_0.password,
        u1_0.phone,
        u1_0.role,
        u1_0.status,
        u1_0.updated_at 
    from
        users u1_0 
    where
        u1_0.phone=?
Hibernate: 
    select
        u1_0.id,
        u1_0.avatar,
        u1_0.created_at,
        u1_0.email,
        u1_0.name,
        u1_0.password,
        u1_0.phone,
        u1_0.role,
        u1_0.status,
        u1_0.updated_at 
    from
        users u1_0 
    where
        u1_0.phone=?
2026-06-24T20:29:50.992+07:00 DEBUG 24436 --- [myfschool-backend] [           main] org.hibernate.SQL                        : 
    select
        us1_0.id,
        us1_0.created_at,
        us1_0.language,
        us1_0.notification_enabled,
        us1_0.theme,
        us1_0.updated_at,
        us1_0.user_id 
    from
        user_settings us1_0 
    left join
        users u1_0 
            on u1_0.id=us1_0.user_id 
    where
        u1_0.id=?
Hibernate: 
    select
        us1_0.id,
        us1_0.created_at,
        us1_0.language,
        us1_0.notification_enabled,
        us1_0.theme,
        us1_0.updated_at,
        us1_0.user_id 
    from
        user_settings us1_0 
    left join
        users u1_0 
            on u1_0.id=us1_0.user_id 
    where
        u1_0.id=?
2026-06-24T20:29:50.994+07:00 DEBUG 24436 --- [myfschool-backend] [           main] org.hibernate.SQL                        : 
    select
        t1_0.id,
        t1_0.created_at,
        t1_0.department,
        t1_0.employee_code,
        t1_0.updated_at,
        t1_0.user_id 
    from
        teachers t1_0 
    left join
        users u1_0 
            on u1_0.id=t1_0.user_id 
    where
        u1_0.id=?
Hibernate: 
    select
        t1_0.id,
        t1_0.created_at,
        t1_0.department,
        t1_0.employee_code,
        t1_0.updated_at,
        t1_0.user_id 
    from
        teachers t1_0 
    left join
        users u1_0 
            on u1_0.id=t1_0.user_id 
    where
        u1_0.id=?
2026-06-24T20:29:51.002+07:00 DEBUG 24436 --- [myfschool-backend] [           main] org.hibernate.SQL                        : 
    select
        tb1_0.id 
    from
        tuition_bills tb1_0 
    left join
        students s1_0 
            on s1_0.id=tb1_0.student_id 
    left join
        semesters s2_0 
            on s2_0.id=tb1_0.semester_id 
    where
        s1_0.id=? 
        and s2_0.id=? 
        and tb1_0.name=? 
    fetch
        first ? rows only
Hibernate: 
    select
        tb1_0.id 
    from
        tuition_bills tb1_0 
    left join
        students s1_0 
            on s1_0.id=tb1_0.student_id 
    left join
        semesters s2_0 
            on s2_0.id=tb1_0.semester_id 
    where
        s1_0.id=? 
        and s2_0.id=? 
        and tb1_0.name=? 
    fetch
        first ? rows only
2026-06-24T20:29:51.003+07:00 DEBUG 24436 --- [myfschool-backend] [           main] org.hibernate.SQL                        : 
    insert 
    into
        tuition_bills
        (amount, class_id, created_at, due_date, name, paid_at, semester_id, status, student_id, updated_at, id) 
    values
        (?, ?, ?, ?, ?, ?, ?, ?, ?, ?, default)
Hibernate: 
    insert 
    into
        tuition_bills
        (amount, class_id, created_at, due_date, name, paid_at, semester_id, status, student_id, updated_at, id) 
    values
        (?, ?, ?, ?, ?, ?, ?, ?, ?, ?, default)
2026-06-24T20:29:51.010+07:00 DEBUG 24436 --- [myfschool-backend] [           main] org.hibernate.SQL                        : 
    select
        tb1_0.id,
        tb1_0.amount,
        tb1_0.class_id,
        tb1_0.created_at,
        tb1_0.due_date,
        tb1_0.name,
        tb1_0.paid_at,
        tb1_0.semester_id,
        tb1_0.status,
        tb1_0.student_id,
        tb1_0.updated_at 
    from
        tuition_bills tb1_0 
    where
        tb1_0.class_id=? 
        and tb1_0.semester_id=? 
    order by
        tb1_0.created_at desc
Hibernate: 
    select
        tb1_0.id,
        tb1_0.amount,
        tb1_0.class_id,
        tb1_0.created_at,
        tb1_0.due_date,
        tb1_0.name,
        tb1_0.paid_at,
        tb1_0.semester_id,
        tb1_0.status,
        tb1_0.student_id,
        tb1_0.updated_at 
    from
        tuition_bills tb1_0 
    where
        tb1_0.class_id=? 
        and tb1_0.semester_id=? 
    order by
        tb1_0.created_at desc
]]></system-out>
  </testcase>
  <testcase name="create_tuition_bill_teacher_only" classname="vn.edu.fpt.myfschool.TuitionIntegrationTest" time="0.406">
    <system-out><![CDATA[2026-06-24T20:29:51.021+07:00 DEBUG 24436 --- [myfschool-backend] [           main] org.hibernate.SQL                        : 
    insert 
    into
        classes
        (academic_year, created_at, grade_level, name, school_name, updated_at, id) 
    values
        (?, ?, ?, ?, ?, ?, default)
Hibernate: 
    insert 
    into
        classes
        (academic_year, created_at, grade_level, name, school_name, updated_at, id) 
    values
        (?, ?, ?, ?, ?, ?, default)
2026-06-24T20:29:51.021+07:00 DEBUG 24436 --- [myfschool-backend] [           main] org.hibernate.SQL                        : 
    insert 
    into
        classes
        (academic_year, created_at, grade_level, name, school_name, updated_at, id) 
    values
        (?, ?, ?, ?, ?, ?, default)
Hibernate: 
    insert 
    into
        classes
        (academic_year, created_at, grade_level, name, school_name, updated_at, id) 
    values
        (?, ?, ?, ?, ?, ?, default)
2026-06-24T20:29:51.023+07:00 DEBUG 24436 --- [myfschool-backend] [           main] org.hibernate.SQL                        : 
    insert 
    into
        subjects
        (code, created_at, name, updated_at, id) 
    values
        (?, ?, ?, ?, default)
Hibernate: 
    insert 
    into
        subjects
        (code, created_at, name, updated_at, id) 
    values
        (?, ?, ?, ?, default)
2026-06-24T20:29:51.023+07:00 DEBUG 24436 --- [myfschool-backend] [           main] org.hibernate.SQL                        : 
    insert 
    into
        subjects
        (code, created_at, name, updated_at, id) 
    values
        (?, ?, ?, ?, default)
Hibernate: 
    insert 
    into
        subjects
        (code, created_at, name, updated_at, id) 
    values
        (?, ?, ?, ?, default)
2026-06-24T20:29:51.023+07:00 DEBUG 24436 --- [myfschool-backend] [           main] org.hibernate.SQL                        : 
    insert 
    into
        semesters
        (academic_year, created_at, end_date, is_current, name, start_date, updated_at, id) 
    values
        (?, ?, ?, ?, ?, ?, ?, default)
Hibernate: 
    insert 
    into
        semesters
        (academic_year, created_at, end_date, is_current, name, start_date, updated_at, id) 
    values
        (?, ?, ?, ?, ?, ?, ?, default)
2026-06-24T20:29:51.088+07:00 DEBUG 24436 --- [myfschool-backend] [           main] org.hibernate.SQL                        : 
    insert 
    into
        users
        (avatar, created_at, email, name, password, phone, role, status, updated_at, id) 
    values
        (?, ?, ?, ?, ?, ?, ?, ?, ?, default)
Hibernate: 
    insert 
    into
        users
        (avatar, created_at, email, name, password, phone, role, status, updated_at, id) 
    values
        (?, ?, ?, ?, ?, ?, ?, ?, ?, default)
2026-06-24T20:29:51.089+07:00 DEBUG 24436 --- [myfschool-backend] [           main] org.hibernate.SQL                        : 
    insert 
    into
        teachers
        (created_at, department, employee_code, updated_at, user_id, id) 
    values
        (?, ?, ?, ?, ?, default)
Hibernate: 
    insert 
    into
        teachers
        (created_at, department, employee_code, updated_at, user_id, id) 
    values
        (?, ?, ?, ?, ?, default)
2026-06-24T20:29:51.089+07:00 DEBUG 24436 --- [myfschool-backend] [           main] org.hibernate.SQL                        : 
    insert 
    into
        class_subjects
        (academic_year, class_id, created_at, is_homeroom, semester_id, subject_id, teacher_id, updated_at, id) 
    values
        (?, ?, ?, ?, ?, ?, ?, ?, default)
Hibernate: 
    insert 
    into
        class_subjects
        (academic_year, class_id, created_at, is_homeroom, semester_id, subject_id, teacher_id, updated_at, id) 
    values
        (?, ?, ?, ?, ?, ?, ?, ?, default)
2026-06-24T20:29:51.155+07:00 DEBUG 24436 --- [myfschool-backend] [           main] org.hibernate.SQL                        : 
    insert 
    into
        users
        (avatar, created_at, email, name, password, phone, role, status, updated_at, id) 
    values
        (?, ?, ?, ?, ?, ?, ?, ?, ?, default)
Hibernate: 
    insert 
    into
        users
        (avatar, created_at, email, name, password, phone, role, status, updated_at, id) 
    values
        (?, ?, ?, ?, ?, ?, ?, ?, ?, default)
2026-06-24T20:29:51.156+07:00 DEBUG 24436 --- [myfschool-backend] [           main] org.hibernate.SQL                        : 
    insert 
    into
        parents
        (address, created_at, occupation, updated_at, user_id, id) 
    values
        (?, ?, ?, ?, ?, default)
Hibernate: 
    insert 
    into
        parents
        (address, created_at, occupation, updated_at, user_id, id) 
    values
        (?, ?, ?, ?, ?, default)
2026-06-24T20:29:51.218+07:00 DEBUG 24436 --- [myfschool-backend] [           main] org.hibernate.SQL                        : 
    insert 
    into
        users
        (avatar, created_at, email, name, password, phone, role, status, updated_at, id) 
    values
        (?, ?, ?, ?, ?, ?, ?, ?, ?, default)
Hibernate: 
    insert 
    into
        users
        (avatar, created_at, email, name, password, phone, role, status, updated_at, id) 
    values
        (?, ?, ?, ?, ?, ?, ?, ?, ?, default)
2026-06-24T20:29:51.218+07:00 DEBUG 24436 --- [myfschool-backend] [           main] org.hibernate.SQL                        : 
    insert 
    into
        students
        (created_at, class_id, date_of_birth, student_code, updated_at, user_id, id) 
    values
        (?, ?, ?, ?, ?, ?, default)
Hibernate: 
    insert 
    into
        students
        (created_at, class_id, date_of_birth, student_code, updated_at, user_id, id) 
    values
        (?, ?, ?, ?, ?, ?, default)
2026-06-24T20:29:51.219+07:00 DEBUG 24436 --- [myfschool-backend] [           main] org.hibernate.SQL                        : 
    insert 
    into
        student_guardians
        (created_at, guardian_id, relationship, student_id, updated_at, id) 
    values
        (?, ?, ?, ?, ?, default)
Hibernate: 
    insert 
    into
        student_guardians
        (created_at, guardian_id, relationship, student_id, updated_at, id) 
    values
        (?, ?, ?, ?, ?, default)
2026-06-24T20:29:51.280+07:00 DEBUG 24436 --- [myfschool-backend] [           main] org.hibernate.SQL                        : 
    insert 
    into
        users
        (avatar, created_at, email, name, password, phone, role, status, updated_at, id) 
    values
        (?, ?, ?, ?, ?, ?, ?, ?, ?, default)
Hibernate: 
    insert 
    into
        users
        (avatar, created_at, email, name, password, phone, role, status, updated_at, id) 
    values
        (?, ?, ?, ?, ?, ?, ?, ?, ?, default)
2026-06-24T20:29:51.281+07:00 DEBUG 24436 --- [myfschool-backend] [           main] org.hibernate.SQL                        : 
    insert 
    into
        students
        (created_at, class_id, date_of_birth, student_code, updated_at, user_id, id) 
    values
        (?, ?, ?, ?, ?, ?, default)
Hibernate: 
    insert 
    into
        students
        (created_at, class_id, date_of_birth, student_code, updated_at, user_id, id) 
    values
        (?, ?, ?, ?, ?, ?, default)
2026-06-24T20:29:51.281+07:00 DEBUG 24436 --- [myfschool-backend] [           main] org.hibernate.SQL                        : 
    insert 
    into
        student_guardians
        (created_at, guardian_id, relationship, student_id, updated_at, id) 
    values
        (?, ?, ?, ?, ?, default)
Hibernate: 
    insert 
    into
        student_guardians
        (created_at, guardian_id, relationship, student_id, updated_at, id) 
    values
        (?, ?, ?, ?, ?, default)
2026-06-24T20:29:51.343+07:00 DEBUG 24436 --- [myfschool-backend] [           main] org.hibernate.SQL                        : 
    insert 
    into
        users
        (avatar, created_at, email, name, password, phone, role, status, updated_at, id) 
    values
        (?, ?, ?, ?, ?, ?, ?, ?, ?, default)
Hibernate: 
    insert 
    into
        users
        (avatar, created_at, email, name, password, phone, role, status, updated_at, id) 
    values
        (?, ?, ?, ?, ?, ?, ?, ?, ?, default)
2026-06-24T20:29:51.343+07:00 DEBUG 24436 --- [myfschool-backend] [           main] org.hibernate.SQL                        : 
    insert 
    into
        students
        (created_at, class_id, date_of_birth, student_code, updated_at, user_id, id) 
    values
        (?, ?, ?, ?, ?, ?, default)
Hibernate: 
    insert 
    into
        students
        (created_at, class_id, date_of_birth, student_code, updated_at, user_id, id) 
    values
        (?, ?, ?, ?, ?, ?, default)
2026-06-24T20:29:51.343+07:00 DEBUG 24436 --- [myfschool-backend] [           main] org.hibernate.SQL                        : 
    insert 
    into
        student_guardians
        (created_at, guardian_id, relationship, student_id, updated_at, id) 
    values
        (?, ?, ?, ?, ?, default)
Hibernate: 
    insert 
    into
        student_guardians
        (created_at, guardian_id, relationship, student_id, updated_at, id) 
    values
        (?, ?, ?, ?, ?, default)
2026-06-24T20:29:51.350+07:00 DEBUG 24436 --- [myfschool-backend] [           main] org.hibernate.SQL                        : 
    select
        u1_0.id,
        u1_0.avatar,
        u1_0.created_at,
        u1_0.email,
        u1_0.name,
        u1_0.password,
        u1_0.phone,
        u1_0.role,
        u1_0.status,
        u1_0.updated_at 
    from
        users u1_0 
    where
        u1_0.phone=?
Hibernate: 
    select
        u1_0.id,
        u1_0.avatar,
        u1_0.created_at,
        u1_0.email,
        u1_0.name,
        u1_0.password,
        u1_0.phone,
        u1_0.role,
        u1_0.status,
        u1_0.updated_at 
    from
        users u1_0 
    where
        u1_0.phone=?
2026-06-24T20:29:51.413+07:00 DEBUG 24436 --- [myfschool-backend] [           main] org.hibernate.SQL                        : 
    select
        us1_0.id,
        us1_0.created_at,
        us1_0.language,
        us1_0.notification_enabled,
        us1_0.theme,
        us1_0.updated_at,
        us1_0.user_id 
    from
        user_settings us1_0 
    left join
        users u1_0 
            on u1_0.id=us1_0.user_id 
    where
        u1_0.id=?
Hibernate: 
    select
        us1_0.id,
        us1_0.created_at,
        us1_0.language,
        us1_0.notification_enabled,
        us1_0.theme,
        us1_0.updated_at,
        us1_0.user_id 
    from
        user_settings us1_0 
    left join
        users u1_0 
            on u1_0.id=us1_0.user_id 
    where
        u1_0.id=?
2026-06-24T20:29:51.414+07:00 DEBUG 24436 --- [myfschool-backend] [           main] org.hibernate.SQL                        : 
    select
        t1_0.id,
        t1_0.created_at,
        t1_0.department,
        t1_0.employee_code,
        t1_0.updated_at,
        t1_0.user_id 
    from
        teachers t1_0 
    left join
        users u1_0 
            on u1_0.id=t1_0.user_id 
    where
        u1_0.id=?
Hibernate: 
    select
        t1_0.id,
        t1_0.created_at,
        t1_0.department,
        t1_0.employee_code,
        t1_0.updated_at,
        t1_0.user_id 
    from
        teachers t1_0 
    left join
        users u1_0 
            on u1_0.id=t1_0.user_id 
    where
        u1_0.id=?
2026-06-24T20:29:51.420+07:00 DEBUG 24436 --- [myfschool-backend] [           main] org.hibernate.SQL                        : 
    select
        tb1_0.id 
    from
        tuition_bills tb1_0 
    left join
        students s1_0 
            on s1_0.id=tb1_0.student_id 
    left join
        semesters s2_0 
            on s2_0.id=tb1_0.semester_id 
    where
        s1_0.id=? 
        and s2_0.id=? 
        and tb1_0.name=? 
    fetch
        first ? rows only
Hibernate: 
    select
        tb1_0.id 
    from
        tuition_bills tb1_0 
    left join
        students s1_0 
            on s1_0.id=tb1_0.student_id 
    left join
        semesters s2_0 
            on s2_0.id=tb1_0.semester_id 
    where
        s1_0.id=? 
        and s2_0.id=? 
        and tb1_0.name=? 
    fetch
        first ? rows only
2026-06-24T20:29:51.421+07:00 DEBUG 24436 --- [myfschool-backend] [           main] org.hibernate.SQL                        : 
    insert 
    into
        tuition_bills
        (amount, class_id, created_at, due_date, name, paid_at, semester_id, status, student_id, updated_at, id) 
    values
        (?, ?, ?, ?, ?, ?, ?, ?, ?, ?, default)
Hibernate: 
    insert 
    into
        tuition_bills
        (amount, class_id, created_at, due_date, name, paid_at, semester_id, status, student_id, updated_at, id) 
    values
        (?, ?, ?, ?, ?, ?, ?, ?, ?, ?, default)
]]></system-out>
  </testcase>
  <testcase name="create_tuition_bill_parent_forbidden" classname="vn.edu.fpt.myfschool.TuitionIntegrationTest" time="0.398">
    <system-out><![CDATA[2026-06-24T20:29:51.426+07:00 DEBUG 24436 --- [myfschool-backend] [           main] org.hibernate.SQL                        : 
    insert 
    into
        classes
        (academic_year, created_at, grade_level, name, school_name, updated_at, id) 
    values
        (?, ?, ?, ?, ?, ?, default)
Hibernate: 
    insert 
    into
        classes
        (academic_year, created_at, grade_level, name, school_name, updated_at, id) 
    values
        (?, ?, ?, ?, ?, ?, default)
2026-06-24T20:29:51.427+07:00 DEBUG 24436 --- [myfschool-backend] [           main] org.hibernate.SQL                        : 
    insert 
    into
        classes
        (academic_year, created_at, grade_level, name, school_name, updated_at, id) 
    values
        (?, ?, ?, ?, ?, ?, default)
Hibernate: 
    insert 
    into
        classes
        (academic_year, created_at, grade_level, name, school_name, updated_at, id) 
    values
        (?, ?, ?, ?, ?, ?, default)
2026-06-24T20:29:51.427+07:00 DEBUG 24436 --- [myfschool-backend] [           main] org.hibernate.SQL                        : 
    insert 
    into
        subjects
        (code, created_at, name, updated_at, id) 
    values
        (?, ?, ?, ?, default)
Hibernate: 
    insert 
    into
        subjects
        (code, created_at, name, updated_at, id) 
    values
        (?, ?, ?, ?, default)
2026-06-24T20:29:51.427+07:00 DEBUG 24436 --- [myfschool-backend] [           main] org.hibernate.SQL                        : 
    insert 
    into
        subjects
        (code, created_at, name, updated_at, id) 
    values
        (?, ?, ?, ?, default)
Hibernate: 
    insert 
    into
        subjects
        (code, created_at, name, updated_at, id) 
    values
        (?, ?, ?, ?, default)
2026-06-24T20:29:51.427+07:00 DEBUG 24436 --- [myfschool-backend] [           main] org.hibernate.SQL                        : 
    insert 
    into
        semesters
        (academic_year, created_at, end_date, is_current, name, start_date, updated_at, id) 
    values
        (?, ?, ?, ?, ?, ?, ?, default)
Hibernate: 
    insert 
    into
        semesters
        (academic_year, created_at, end_date, is_current, name, start_date, updated_at, id) 
    values
        (?, ?, ?, ?, ?, ?, ?, default)
2026-06-24T20:29:51.488+07:00 DEBUG 24436 --- [myfschool-backend] [           main] org.hibernate.SQL                        : 
    insert 
    into
        users
        (avatar, created_at, email, name, password, phone, role, status, updated_at, id) 
    values
        (?, ?, ?, ?, ?, ?, ?, ?, ?, default)
Hibernate: 
    insert 
    into
        users
        (avatar, created_at, email, name, password, phone, role, status, updated_at, id) 
    values
        (?, ?, ?, ?, ?, ?, ?, ?, ?, default)
2026-06-24T20:29:51.489+07:00 DEBUG 24436 --- [myfschool-backend] [           main] org.hibernate.SQL                        : 
    insert 
    into
        teachers
        (created_at, department, employee_code, updated_at, user_id, id) 
    values
        (?, ?, ?, ?, ?, default)
Hibernate: 
    insert 
    into
        teachers
        (created_at, department, employee_code, updated_at, user_id, id) 
    values
        (?, ?, ?, ?, ?, default)
2026-06-24T20:29:51.489+07:00 DEBUG 24436 --- [myfschool-backend] [           main] org.hibernate.SQL                        : 
    insert 
    into
        class_subjects
        (academic_year, class_id, created_at, is_homeroom, semester_id, subject_id, teacher_id, updated_at, id) 
    values
        (?, ?, ?, ?, ?, ?, ?, ?, default)
Hibernate: 
    insert 
    into
        class_subjects
        (academic_year, class_id, created_at, is_homeroom, semester_id, subject_id, teacher_id, updated_at, id) 
    values
        (?, ?, ?, ?, ?, ?, ?, ?, default)
2026-06-24T20:29:51.552+07:00 DEBUG 24436 --- [myfschool-backend] [           main] org.hibernate.SQL                        : 
    insert 
    into
        users
        (avatar, created_at, email, name, password, phone, role, status, updated_at, id) 
    values
        (?, ?, ?, ?, ?, ?, ?, ?, ?, default)
Hibernate: 
    insert 
    into
        users
        (avatar, created_at, email, name, password, phone, role, status, updated_at, id) 
    values
        (?, ?, ?, ?, ?, ?, ?, ?, ?, default)
2026-06-24T20:29:51.553+07:00 DEBUG 24436 --- [myfschool-backend] [           main] org.hibernate.SQL                        : 
    insert 
    into
        parents
        (address, created_at, occupation, updated_at, user_id, id) 
    values
        (?, ?, ?, ?, ?, default)
Hibernate: 
    insert 
    into
        parents
        (address, created_at, occupation, updated_at, user_id, id) 
    values
        (?, ?, ?, ?, ?, default)
2026-06-24T20:29:51.615+07:00 DEBUG 24436 --- [myfschool-backend] [           main] org.hibernate.SQL                        : 
    insert 
    into
        users
        (avatar, created_at, email, name, password, phone, role, status, updated_at, id) 
    values
        (?, ?, ?, ?, ?, ?, ?, ?, ?, default)
Hibernate: 
    insert 
    into
        users
        (avatar, created_at, email, name, password, phone, role, status, updated_at, id) 
    values
        (?, ?, ?, ?, ?, ?, ?, ?, ?, default)
2026-06-24T20:29:51.616+07:00 DEBUG 24436 --- [myfschool-backend] [           main] org.hibernate.SQL                        : 
    insert 
    into
        students
        (created_at, class_id, date_of_birth, student_code, updated_at, user_id, id) 
    values
        (?, ?, ?, ?, ?, ?, default)
Hibernate: 
    insert 
    into
        students
        (created_at, class_id, date_of_birth, student_code, updated_at, user_id, id) 
    values
        (?, ?, ?, ?, ?, ?, default)
2026-06-24T20:29:51.616+07:00 DEBUG 24436 --- [myfschool-backend] [           main] org.hibernate.SQL                        : 
    insert 
    into
        student_guardians
        (created_at, guardian_id, relationship, student_id, updated_at, id) 
    values
        (?, ?, ?, ?, ?, default)
Hibernate: 
    insert 
    into
        student_guardians
        (created_at, guardian_id, relationship, student_id, updated_at, id) 
    values
        (?, ?, ?, ?, ?, default)
2026-06-24T20:29:51.680+07:00 DEBUG 24436 --- [myfschool-backend] [           main] org.hibernate.SQL                        : 
    insert 
    into
        users
        (avatar, created_at, email, name, password, phone, role, status, updated_at, id) 
    values
        (?, ?, ?, ?, ?, ?, ?, ?, ?, default)
Hibernate: 
    insert 
    into
        users
        (avatar, created_at, email, name, password, phone, role, status, updated_at, id) 
    values
        (?, ?, ?, ?, ?, ?, ?, ?, ?, default)
2026-06-24T20:29:51.681+07:00 DEBUG 24436 --- [myfschool-backend] [           main] org.hibernate.SQL                        : 
    insert 
    into
        students
        (created_at, class_id, date_of_birth, student_code, updated_at, user_id, id) 
    values
        (?, ?, ?, ?, ?, ?, default)
Hibernate: 
    insert 
    into
        students
        (created_at, class_id, date_of_birth, student_code, updated_at, user_id, id) 
    values
        (?, ?, ?, ?, ?, ?, default)
2026-06-24T20:29:51.681+07:00 DEBUG 24436 --- [myfschool-backend] [           main] org.hibernate.SQL                        : 
    insert 
    into
        student_guardians
        (created_at, guardian_id, relationship, student_id, updated_at, id) 
    values
        (?, ?, ?, ?, ?, default)
Hibernate: 
    insert 
    into
        student_guardians
        (created_at, guardian_id, relationship, student_id, updated_at, id) 
    values
        (?, ?, ?, ?, ?, default)
2026-06-24T20:29:51.747+07:00 DEBUG 24436 --- [myfschool-backend] [           main] org.hibernate.SQL                        : 
    insert 
    into
        users
        (avatar, created_at, email, name, password, phone, role, status, updated_at, id) 
    values
        (?, ?, ?, ?, ?, ?, ?, ?, ?, default)
Hibernate: 
    insert 
    into
        users
        (avatar, created_at, email, name, password, phone, role, status, updated_at, id) 
    values
        (?, ?, ?, ?, ?, ?, ?, ?, ?, default)
2026-06-24T20:29:51.748+07:00 DEBUG 24436 --- [myfschool-backend] [           main] org.hibernate.SQL                        : 
    insert 
    into
        students
        (created_at, class_id, date_of_birth, student_code, updated_at, user_id, id) 
    values
        (?, ?, ?, ?, ?, ?, default)
Hibernate: 
    insert 
    into
        students
        (created_at, class_id, date_of_birth, student_code, updated_at, user_id, id) 
    values
        (?, ?, ?, ?, ?, ?, default)
2026-06-24T20:29:51.748+07:00 DEBUG 24436 --- [myfschool-backend] [           main] org.hibernate.SQL                        : 
    insert 
    into
        student_guardians
        (created_at, guardian_id, relationship, student_id, updated_at, id) 
    values
        (?, ?, ?, ?, ?, default)
Hibernate: 
    insert 
    into
        student_guardians
        (created_at, guardian_id, relationship, student_id, updated_at, id) 
    values
        (?, ?, ?, ?, ?, default)
2026-06-24T20:29:51.751+07:00 DEBUG 24436 --- [myfschool-backend] [           main] org.hibernate.SQL                        : 
    select
        u1_0.id,
        u1_0.avatar,
        u1_0.created_at,
        u1_0.email,
        u1_0.name,
        u1_0.password,
        u1_0.phone,
        u1_0.role,
        u1_0.status,
        u1_0.updated_at 
    from
        users u1_0 
    where
        u1_0.phone=?
Hibernate: 
    select
        u1_0.id,
        u1_0.avatar,
        u1_0.created_at,
        u1_0.email,
        u1_0.name,
        u1_0.password,
        u1_0.phone,
        u1_0.role,
        u1_0.status,
        u1_0.updated_at 
    from
        users u1_0 
    where
        u1_0.phone=?
2026-06-24T20:29:51.815+07:00 DEBUG 24436 --- [myfschool-backend] [           main] org.hibernate.SQL                        : 
    select
        us1_0.id,
        us1_0.created_at,
        us1_0.language,
        us1_0.notification_enabled,
        us1_0.theme,
        us1_0.updated_at,
        us1_0.user_id 
    from
        user_settings us1_0 
    left join
        users u1_0 
            on u1_0.id=us1_0.user_id 
    where
        u1_0.id=?
Hibernate: 
    select
        us1_0.id,
        us1_0.created_at,
        us1_0.language,
        us1_0.notification_enabled,
        us1_0.theme,
        us1_0.updated_at,
        us1_0.user_id 
    from
        user_settings us1_0 
    left join
        users u1_0 
            on u1_0.id=us1_0.user_id 
    where
        u1_0.id=?
2026-06-24T20:29:51.816+07:00 DEBUG 24436 --- [myfschool-backend] [           main] org.hibernate.SQL                        : 
    select
        p1_0.id,
        p1_0.address,
        p1_0.created_at,
        p1_0.occupation,
        p1_0.updated_at,
        p1_0.user_id 
    from
        parents p1_0 
    left join
        users u1_0 
            on u1_0.id=p1_0.user_id 
    where
        u1_0.id=?
Hibernate: 
    select
        p1_0.id,
        p1_0.address,
        p1_0.created_at,
        p1_0.occupation,
        p1_0.updated_at,
        p1_0.user_id 
    from
        parents p1_0 
    left join
        users u1_0 
            on u1_0.id=p1_0.user_id 
    where
        u1_0.id=?
2026-06-24T20:29:51.817+07:00 DEBUG 24436 --- [myfschool-backend] [           main] org.hibernate.SQL                        : 
    select
        s1_0.id,
        s1_0.created_at,
        s1_0.class_id,
        s1_0.date_of_birth,
        s1_0.student_code,
        s1_0.updated_at,
        s1_0.user_id 
    from
        student_guardians sg1_0 
    join
        students s1_0 
            on s1_0.id=sg1_0.student_id 
    where
        sg1_0.guardian_id=?
Hibernate: 
    select
        s1_0.id,
        s1_0.created_at,
        s1_0.class_id,
        s1_0.date_of_birth,
        s1_0.student_code,
        s1_0.updated_at,
        s1_0.user_id 
    from
        student_guardians sg1_0 
    join
        students s1_0 
            on s1_0.id=sg1_0.student_id 
    where
        sg1_0.guardian_id=?
]]></system-out>
  </testcase>
  <testcase name="register_club_parent_forbidden" classname="vn.edu.fpt.myfschool.TuitionIntegrationTest" time="0.42">
    <system-out><![CDATA[2026-06-24T20:29:51.825+07:00 DEBUG 24436 --- [myfschool-backend] [           main] org.hibernate.SQL                        : 
    insert 
    into
        classes
        (academic_year, created_at, grade_level, name, school_name, updated_at, id) 
    values
        (?, ?, ?, ?, ?, ?, default)
Hibernate: 
    insert 
    into
        classes
        (academic_year, created_at, grade_level, name, school_name, updated_at, id) 
    values
        (?, ?, ?, ?, ?, ?, default)
2026-06-24T20:29:51.825+07:00 DEBUG 24436 --- [myfschool-backend] [           main] org.hibernate.SQL                        : 
    insert 
    into
        classes
        (academic_year, created_at, grade_level, name, school_name, updated_at, id) 
    values
        (?, ?, ?, ?, ?, ?, default)
Hibernate: 
    insert 
    into
        classes
        (academic_year, created_at, grade_level, name, school_name, updated_at, id) 
    values
        (?, ?, ?, ?, ?, ?, default)
2026-06-24T20:29:51.825+07:00 DEBUG 24436 --- [myfschool-backend] [           main] org.hibernate.SQL                        : 
    insert 
    into
        subjects
        (code, created_at, name, updated_at, id) 
    values
        (?, ?, ?, ?, default)
Hibernate: 
    insert 
    into
        subjects
        (code, created_at, name, updated_at, id) 
    values
        (?, ?, ?, ?, default)
2026-06-24T20:29:51.826+07:00 DEBUG 24436 --- [myfschool-backend] [           main] org.hibernate.SQL                        : 
    insert 
    into
        subjects
        (code, created_at, name, updated_at, id) 
    values
        (?, ?, ?, ?, default)
Hibernate: 
    insert 
    into
        subjects
        (code, created_at, name, updated_at, id) 
    values
        (?, ?, ?, ?, default)
2026-06-24T20:29:51.826+07:00 DEBUG 24436 --- [myfschool-backend] [           main] org.hibernate.SQL                        : 
    insert 
    into
        semesters
        (academic_year, created_at, end_date, is_current, name, start_date, updated_at, id) 
    values
        (?, ?, ?, ?, ?, ?, ?, default)
Hibernate: 
    insert 
    into
        semesters
        (academic_year, created_at, end_date, is_current, name, start_date, updated_at, id) 
    values
        (?, ?, ?, ?, ?, ?, ?, default)
2026-06-24T20:29:51.888+07:00 DEBUG 24436 --- [myfschool-backend] [           main] org.hibernate.SQL                        : 
    insert 
    into
        users
        (avatar, created_at, email, name, password, phone, role, status, updated_at, id) 
    values
        (?, ?, ?, ?, ?, ?, ?, ?, ?, default)
Hibernate: 
    insert 
    into
        users
        (avatar, created_at, email, name, password, phone, role, status, updated_at, id) 
    values
        (?, ?, ?, ?, ?, ?, ?, ?, ?, default)
2026-06-24T20:29:51.888+07:00 DEBUG 24436 --- [myfschool-backend] [           main] org.hibernate.SQL                        : 
    insert 
    into
        teachers
        (created_at, department, employee_code, updated_at, user_id, id) 
    values
        (?, ?, ?, ?, ?, default)
Hibernate: 
    insert 
    into
        teachers
        (created_at, department, employee_code, updated_at, user_id, id) 
    values
        (?, ?, ?, ?, ?, default)
2026-06-24T20:29:51.889+07:00 DEBUG 24436 --- [myfschool-backend] [           main] org.hibernate.SQL                        : 
    insert 
    into
        class_subjects
        (academic_year, class_id, created_at, is_homeroom, semester_id, subject_id, teacher_id, updated_at, id) 
    values
        (?, ?, ?, ?, ?, ?, ?, ?, default)
Hibernate: 
    insert 
    into
        class_subjects
        (academic_year, class_id, created_at, is_homeroom, semester_id, subject_id, teacher_id, updated_at, id) 
    values
        (?, ?, ?, ?, ?, ?, ?, ?, default)
2026-06-24T20:29:51.958+07:00 DEBUG 24436 --- [myfschool-backend] [           main] org.hibernate.SQL                        : 
    insert 
    into
        users
        (avatar, created_at, email, name, password, phone, role, status, updated_at, id) 
    values
        (?, ?, ?, ?, ?, ?, ?, ?, ?, default)
Hibernate: 
    insert 
    into
        users
        (avatar, created_at, email, name, password, phone, role, status, updated_at, id) 
    values
        (?, ?, ?, ?, ?, ?, ?, ?, ?, default)
2026-06-24T20:29:51.958+07:00 DEBUG 24436 --- [myfschool-backend] [           main] org.hibernate.SQL                        : 
    insert 
    into
        parents
        (address, created_at, occupation, updated_at, user_id, id) 
    values
        (?, ?, ?, ?, ?, default)
Hibernate: 
    insert 
    into
        parents
        (address, created_at, occupation, updated_at, user_id, id) 
    values
        (?, ?, ?, ?, ?, default)
2026-06-24T20:29:52.027+07:00 DEBUG 24436 --- [myfschool-backend] [           main] org.hibernate.SQL                        : 
    insert 
    into
        users
        (avatar, created_at, email, name, password, phone, role, status, updated_at, id) 
    values
        (?, ?, ?, ?, ?, ?, ?, ?, ?, default)
Hibernate: 
    insert 
    into
        users
        (avatar, created_at, email, name, password, phone, role, status, updated_at, id) 
    values
        (?, ?, ?, ?, ?, ?, ?, ?, ?, default)
2026-06-24T20:29:52.028+07:00 DEBUG 24436 --- [myfschool-backend] [           main] org.hibernate.SQL                        : 
    insert 
    into
        students
        (created_at, class_id, date_of_birth, student_code, updated_at, user_id, id) 
    values
        (?, ?, ?, ?, ?, ?, default)
Hibernate: 
    insert 
    into
        students
        (created_at, class_id, date_of_birth, student_code, updated_at, user_id, id) 
    values
        (?, ?, ?, ?, ?, ?, default)
2026-06-24T20:29:52.028+07:00 DEBUG 24436 --- [myfschool-backend] [           main] org.hibernate.SQL                        : 
    insert 
    into
        student_guardians
        (created_at, guardian_id, relationship, student_id, updated_at, id) 
    values
        (?, ?, ?, ?, ?, default)
Hibernate: 
    insert 
    into
        student_guardians
        (created_at, guardian_id, relationship, student_id, updated_at, id) 
    values
        (?, ?, ?, ?, ?, default)
2026-06-24T20:29:52.095+07:00 DEBUG 24436 --- [myfschool-backend] [           main] org.hibernate.SQL                        : 
    insert 
    into
        users
        (avatar, created_at, email, name, password, phone, role, status, updated_at, id) 
    values
        (?, ?, ?, ?, ?, ?, ?, ?, ?, default)
Hibernate: 
    insert 
    into
        users
        (avatar, created_at, email, name, password, phone, role, status, updated_at, id) 
    values
        (?, ?, ?, ?, ?, ?, ?, ?, ?, default)
2026-06-24T20:29:52.095+07:00 DEBUG 24436 --- [myfschool-backend] [           main] org.hibernate.SQL                        : 
    insert 
    into
        students
        (created_at, class_id, date_of_birth, student_code, updated_at, user_id, id) 
    values
        (?, ?, ?, ?, ?, ?, default)
Hibernate: 
    insert 
    into
        students
        (created_at, class_id, date_of_birth, student_code, updated_at, user_id, id) 
    values
        (?, ?, ?, ?, ?, ?, default)
2026-06-24T20:29:52.095+07:00 DEBUG 24436 --- [myfschool-backend] [           main] org.hibernate.SQL                        : 
    insert 
    into
        student_guardians
        (created_at, guardian_id, relationship, student_id, updated_at, id) 
    values
        (?, ?, ?, ?, ?, default)
Hibernate: 
    insert 
    into
        student_guardians
        (created_at, guardian_id, relationship, student_id, updated_at, id) 
    values
        (?, ?, ?, ?, ?, default)
2026-06-24T20:29:52.160+07:00 DEBUG 24436 --- [myfschool-backend] [           main] org.hibernate.SQL                        : 
    insert 
    into
        users
        (avatar, created_at, email, name, password, phone, role, status, updated_at, id) 
    values
        (?, ?, ?, ?, ?, ?, ?, ?, ?, default)
Hibernate: 
    insert 
    into
        users
        (avatar, created_at, email, name, password, phone, role, status, updated_at, id) 
    values
        (?, ?, ?, ?, ?, ?, ?, ?, ?, default)
2026-06-24T20:29:52.161+07:00 DEBUG 24436 --- [myfschool-backend] [           main] org.hibernate.SQL                        : 
    insert 
    into
        students
        (created_at, class_id, date_of_birth, student_code, updated_at, user_id, id) 
    values
        (?, ?, ?, ?, ?, ?, default)
Hibernate: 
    insert 
    into
        students
        (created_at, class_id, date_of_birth, student_code, updated_at, user_id, id) 
    values
        (?, ?, ?, ?, ?, ?, default)
2026-06-24T20:29:52.161+07:00 DEBUG 24436 --- [myfschool-backend] [           main] org.hibernate.SQL                        : 
    insert 
    into
        student_guardians
        (created_at, guardian_id, relationship, student_id, updated_at, id) 
    values
        (?, ?, ?, ?, ?, default)
Hibernate: 
    insert 
    into
        student_guardians
        (created_at, guardian_id, relationship, student_id, updated_at, id) 
    values
        (?, ?, ?, ?, ?, default)
2026-06-24T20:29:52.163+07:00 DEBUG 24436 --- [myfschool-backend] [           main] org.hibernate.SQL                        : 
    select
        u1_0.id,
        u1_0.avatar,
        u1_0.created_at,
        u1_0.email,
        u1_0.name,
        u1_0.password,
        u1_0.phone,
        u1_0.role,
        u1_0.status,
        u1_0.updated_at 
    from
        users u1_0 
    where
        u1_0.phone=?
Hibernate: 
    select
        u1_0.id,
        u1_0.avatar,
        u1_0.created_at,
        u1_0.email,
        u1_0.name,
        u1_0.password,
        u1_0.phone,
        u1_0.role,
        u1_0.status,
        u1_0.updated_at 
    from
        users u1_0 
    where
        u1_0.phone=?
2026-06-24T20:29:52.230+07:00 DEBUG 24436 --- [myfschool-backend] [           main] org.hibernate.SQL                        : 
    select
        us1_0.id,
        us1_0.created_at,
        us1_0.language,
        us1_0.notification_enabled,
        us1_0.theme,
        us1_0.updated_at,
        us1_0.user_id 
    from
        user_settings us1_0 
    left join
        users u1_0 
            on u1_0.id=us1_0.user_id 
    where
        u1_0.id=?
Hibernate: 
    select
        us1_0.id,
        us1_0.created_at,
        us1_0.language,
        us1_0.notification_enabled,
        us1_0.theme,
        us1_0.updated_at,
        us1_0.user_id 
    from
        user_settings us1_0 
    left join
        users u1_0 
            on u1_0.id=us1_0.user_id 
    where
        u1_0.id=?
2026-06-24T20:29:52.232+07:00 DEBUG 24436 --- [myfschool-backend] [           main] org.hibernate.SQL                        : 
    select
        p1_0.id,
        p1_0.address,
        p1_0.created_at,
        p1_0.occupation,
        p1_0.updated_at,
        p1_0.user_id 
    from
        parents p1_0 
    left join
        users u1_0 
            on u1_0.id=p1_0.user_id 
    where
        u1_0.id=?
Hibernate: 
    select
        p1_0.id,
        p1_0.address,
        p1_0.created_at,
        p1_0.occupation,
        p1_0.updated_at,
        p1_0.user_id 
    from
        parents p1_0 
    left join
        users u1_0 
            on u1_0.id=p1_0.user_id 
    where
        u1_0.id=?
2026-06-24T20:29:52.232+07:00 DEBUG 24436 --- [myfschool-backend] [           main] org.hibernate.SQL                        : 
    select
        s1_0.id,
        s1_0.created_at,
        s1_0.class_id,
        s1_0.date_of_birth,
        s1_0.student_code,
        s1_0.updated_at,
        s1_0.user_id 
    from
        student_guardians sg1_0 
    join
        students s1_0 
            on s1_0.id=sg1_0.student_id 
    where
        sg1_0.guardian_id=?
Hibernate: 
    select
        s1_0.id,
        s1_0.created_at,
        s1_0.class_id,
        s1_0.date_of_birth,
        s1_0.student_code,
        s1_0.updated_at,
        s1_0.user_id 
    from
        student_guardians sg1_0 
    join
        students s1_0 
            on s1_0.id=sg1_0.student_id 
    where
        sg1_0.guardian_id=?
]]></system-out>
  </testcase>
  <testcase name="register_club_student_only" classname="vn.edu.fpt.myfschool.TuitionIntegrationTest" time="0.416">
    <system-out><![CDATA[2026-06-24T20:29:52.246+07:00 DEBUG 24436 --- [myfschool-backend] [           main] org.hibernate.SQL                        : 
    insert 
    into
        classes
        (academic_year, created_at, grade_level, name, school_name, updated_at, id) 
    values
        (?, ?, ?, ?, ?, ?, default)
Hibernate: 
    insert 
    into
        classes
        (academic_year, created_at, grade_level, name, school_name, updated_at, id) 
    values
        (?, ?, ?, ?, ?, ?, default)
2026-06-24T20:29:52.246+07:00 DEBUG 24436 --- [myfschool-backend] [           main] org.hibernate.SQL                        : 
    insert 
    into
        classes
        (academic_year, created_at, grade_level, name, school_name, updated_at, id) 
    values
        (?, ?, ?, ?, ?, ?, default)
Hibernate: 
    insert 
    into
        classes
        (academic_year, created_at, grade_level, name, school_name, updated_at, id) 
    values
        (?, ?, ?, ?, ?, ?, default)
2026-06-24T20:29:52.246+07:00 DEBUG 24436 --- [myfschool-backend] [           main] org.hibernate.SQL                        : 
    insert 
    into
        subjects
        (code, created_at, name, updated_at, id) 
    values
        (?, ?, ?, ?, default)
Hibernate: 
    insert 
    into
        subjects
        (code, created_at, name, updated_at, id) 
    values
        (?, ?, ?, ?, default)
2026-06-24T20:29:52.247+07:00 DEBUG 24436 --- [myfschool-backend] [           main] org.hibernate.SQL                        : 
    insert 
    into
        subjects
        (code, created_at, name, updated_at, id) 
    values
        (?, ?, ?, ?, default)
Hibernate: 
    insert 
    into
        subjects
        (code, created_at, name, updated_at, id) 
    values
        (?, ?, ?, ?, default)
2026-06-24T20:29:52.247+07:00 DEBUG 24436 --- [myfschool-backend] [           main] org.hibernate.SQL                        : 
    insert 
    into
        semesters
        (academic_year, created_at, end_date, is_current, name, start_date, updated_at, id) 
    values
        (?, ?, ?, ?, ?, ?, ?, default)
Hibernate: 
    insert 
    into
        semesters
        (academic_year, created_at, end_date, is_current, name, start_date, updated_at, id) 
    values
        (?, ?, ?, ?, ?, ?, ?, default)
2026-06-24T20:29:52.312+07:00 DEBUG 24436 --- [myfschool-backend] [           main] org.hibernate.SQL                        : 
    insert 
    into
        users
        (avatar, created_at, email, name, password, phone, role, status, updated_at, id) 
    values
        (?, ?, ?, ?, ?, ?, ?, ?, ?, default)
Hibernate: 
    insert 
    into
        users
        (avatar, created_at, email, name, password, phone, role, status, updated_at, id) 
    values
        (?, ?, ?, ?, ?, ?, ?, ?, ?, default)
2026-06-24T20:29:52.313+07:00 DEBUG 24436 --- [myfschool-backend] [           main] org.hibernate.SQL                        : 
    insert 
    into
        teachers
        (created_at, department, employee_code, updated_at, user_id, id) 
    values
        (?, ?, ?, ?, ?, default)
Hibernate: 
    insert 
    into
        teachers
        (created_at, department, employee_code, updated_at, user_id, id) 
    values
        (?, ?, ?, ?, ?, default)
2026-06-24T20:29:52.313+07:00 DEBUG 24436 --- [myfschool-backend] [           main] org.hibernate.SQL                        : 
    insert 
    into
        class_subjects
        (academic_year, class_id, created_at, is_homeroom, semester_id, subject_id, teacher_id, updated_at, id) 
    values
        (?, ?, ?, ?, ?, ?, ?, ?, default)
Hibernate: 
    insert 
    into
        class_subjects
        (academic_year, class_id, created_at, is_homeroom, semester_id, subject_id, teacher_id, updated_at, id) 
    values
        (?, ?, ?, ?, ?, ?, ?, ?, default)
2026-06-24T20:29:52.378+07:00 DEBUG 24436 --- [myfschool-backend] [           main] org.hibernate.SQL                        : 
    insert 
    into
        users
        (avatar, created_at, email, name, password, phone, role, status, updated_at, id) 
    values
        (?, ?, ?, ?, ?, ?, ?, ?, ?, default)
Hibernate: 
    insert 
    into
        users
        (avatar, created_at, email, name, password, phone, role, status, updated_at, id) 
    values
        (?, ?, ?, ?, ?, ?, ?, ?, ?, default)
2026-06-24T20:29:52.378+07:00 DEBUG 24436 --- [myfschool-backend] [           main] org.hibernate.SQL                        : 
    insert 
    into
        parents
        (address, created_at, occupation, updated_at, user_id, id) 
    values
        (?, ?, ?, ?, ?, default)
Hibernate: 
    insert 
    into
        parents
        (address, created_at, occupation, updated_at, user_id, id) 
    values
        (?, ?, ?, ?, ?, default)
2026-06-24T20:29:52.445+07:00 DEBUG 24436 --- [myfschool-backend] [           main] org.hibernate.SQL                        : 
    insert 
    into
        users
        (avatar, created_at, email, name, password, phone, role, status, updated_at, id) 
    values
        (?, ?, ?, ?, ?, ?, ?, ?, ?, default)
Hibernate: 
    insert 
    into
        users
        (avatar, created_at, email, name, password, phone, role, status, updated_at, id) 
    values
        (?, ?, ?, ?, ?, ?, ?, ?, ?, default)
2026-06-24T20:29:52.446+07:00 DEBUG 24436 --- [myfschool-backend] [           main] org.hibernate.SQL                        : 
    insert 
    into
        students
        (created_at, class_id, date_of_birth, student_code, updated_at, user_id, id) 
    values
        (?, ?, ?, ?, ?, ?, default)
Hibernate: 
    insert 
    into
        students
        (created_at, class_id, date_of_birth, student_code, updated_at, user_id, id) 
    values
        (?, ?, ?, ?, ?, ?, default)
2026-06-24T20:29:52.446+07:00 DEBUG 24436 --- [myfschool-backend] [           main] org.hibernate.SQL                        : 
    insert 
    into
        student_guardians
        (created_at, guardian_id, relationship, student_id, updated_at, id) 
    values
        (?, ?, ?, ?, ?, default)
Hibernate: 
    insert 
    into
        student_guardians
        (created_at, guardian_id, relationship, student_id, updated_at, id) 
    values
        (?, ?, ?, ?, ?, default)
2026-06-24T20:29:52.512+07:00 DEBUG 24436 --- [myfschool-backend] [           main] org.hibernate.SQL                        : 
    insert 
    into
        users
        (avatar, created_at, email, name, password, phone, role, status, updated_at, id) 
    values
        (?, ?, ?, ?, ?, ?, ?, ?, ?, default)
Hibernate: 
    insert 
    into
        users
        (avatar, created_at, email, name, password, phone, role, status, updated_at, id) 
    values
        (?, ?, ?, ?, ?, ?, ?, ?, ?, default)
2026-06-24T20:29:52.512+07:00 DEBUG 24436 --- [myfschool-backend] [           main] org.hibernate.SQL                        : 
    insert 
    into
        students
        (created_at, class_id, date_of_birth, student_code, updated_at, user_id, id) 
    values
        (?, ?, ?, ?, ?, ?, default)
Hibernate: 
    insert 
    into
        students
        (created_at, class_id, date_of_birth, student_code, updated_at, user_id, id) 
    values
        (?, ?, ?, ?, ?, ?, default)
2026-06-24T20:29:52.513+07:00 DEBUG 24436 --- [myfschool-backend] [           main] org.hibernate.SQL                        : 
    insert 
    into
        student_guardians
        (created_at, guardian_id, relationship, student_id, updated_at, id) 
    values
        (?, ?, ?, ?, ?, default)
Hibernate: 
    insert 
    into
        student_guardians
        (created_at, guardian_id, relationship, student_id, updated_at, id) 
    values
        (?, ?, ?, ?, ?, default)
2026-06-24T20:29:52.577+07:00 DEBUG 24436 --- [myfschool-backend] [           main] org.hibernate.SQL                        : 
    insert 
    into
        users
        (avatar, created_at, email, name, password, phone, role, status, updated_at, id) 
    values
        (?, ?, ?, ?, ?, ?, ?, ?, ?, default)
Hibernate: 
    insert 
    into
        users
        (avatar, created_at, email, name, password, phone, role, status, updated_at, id) 
    values
        (?, ?, ?, ?, ?, ?, ?, ?, ?, default)
2026-06-24T20:29:52.578+07:00 DEBUG 24436 --- [myfschool-backend] [           main] org.hibernate.SQL                        : 
    insert 
    into
        students
        (created_at, class_id, date_of_birth, student_code, updated_at, user_id, id) 
    values
        (?, ?, ?, ?, ?, ?, default)
Hibernate: 
    insert 
    into
        students
        (created_at, class_id, date_of_birth, student_code, updated_at, user_id, id) 
    values
        (?, ?, ?, ?, ?, ?, default)
2026-06-24T20:29:52.578+07:00 DEBUG 24436 --- [myfschool-backend] [           main] org.hibernate.SQL                        : 
    insert 
    into
        student_guardians
        (created_at, guardian_id, relationship, student_id, updated_at, id) 
    values
        (?, ?, ?, ?, ?, default)
Hibernate: 
    insert 
    into
        student_guardians
        (created_at, guardian_id, relationship, student_id, updated_at, id) 
    values
        (?, ?, ?, ?, ?, default)
2026-06-24T20:29:52.581+07:00 DEBUG 24436 --- [myfschool-backend] [           main] org.hibernate.SQL                        : 
    select
        u1_0.id,
        u1_0.avatar,
        u1_0.created_at,
        u1_0.email,
        u1_0.name,
        u1_0.password,
        u1_0.phone,
        u1_0.role,
        u1_0.status,
        u1_0.updated_at 
    from
        users u1_0 
    where
        u1_0.phone=?
Hibernate: 
    select
        u1_0.id,
        u1_0.avatar,
        u1_0.created_at,
        u1_0.email,
        u1_0.name,
        u1_0.password,
        u1_0.phone,
        u1_0.role,
        u1_0.status,
        u1_0.updated_at 
    from
        users u1_0 
    where
        u1_0.phone=?
2026-06-24T20:29:52.645+07:00 DEBUG 24436 --- [myfschool-backend] [           main] org.hibernate.SQL                        : 
    select
        us1_0.id,
        us1_0.created_at,
        us1_0.language,
        us1_0.notification_enabled,
        us1_0.theme,
        us1_0.updated_at,
        us1_0.user_id 
    from
        user_settings us1_0 
    left join
        users u1_0 
            on u1_0.id=us1_0.user_id 
    where
        u1_0.id=?
Hibernate: 
    select
        us1_0.id,
        us1_0.created_at,
        us1_0.language,
        us1_0.notification_enabled,
        us1_0.theme,
        us1_0.updated_at,
        us1_0.user_id 
    from
        user_settings us1_0 
    left join
        users u1_0 
            on u1_0.id=us1_0.user_id 
    where
        u1_0.id=?
2026-06-24T20:29:52.647+07:00 DEBUG 24436 --- [myfschool-backend] [           main] org.hibernate.SQL                        : 
    select
        s1_0.id,
        s1_0.created_at,
        s1_0.class_id,
        s1_0.date_of_birth,
        s1_0.student_code,
        s1_0.updated_at,
        s1_0.user_id 
    from
        students s1_0 
    left join
        users u1_0 
            on u1_0.id=s1_0.user_id 
    where
        u1_0.id=?
Hibernate: 
    select
        s1_0.id,
        s1_0.created_at,
        s1_0.class_id,
        s1_0.date_of_birth,
        s1_0.student_code,
        s1_0.updated_at,
        s1_0.user_id 
    from
        students s1_0 
    left join
        users u1_0 
            on u1_0.id=s1_0.user_id 
    where
        u1_0.id=?
2026-06-24T20:29:52.652+07:00 DEBUG 24436 --- [myfschool-backend] [           main] org.hibernate.SQL                        : 
    select
        s1_0.id,
        s1_0.created_at,
        s1_0.class_id,
        s1_0.date_of_birth,
        s1_0.student_code,
        s1_0.updated_at,
        s1_0.user_id 
    from
        students s1_0 
    left join
        users u1_0 
            on u1_0.id=s1_0.user_id 
    where
        u1_0.id=?
Hibernate: 
    select
        s1_0.id,
        s1_0.created_at,
        s1_0.class_id,
        s1_0.date_of_birth,
        s1_0.student_code,
        s1_0.updated_at,
        s1_0.user_id 
    from
        students s1_0 
    left join
        users u1_0 
            on u1_0.id=s1_0.user_id 
    where
        u1_0.id=?
2026-06-24T20:29:52.653+07:00 DEBUG 24436 --- [myfschool-backend] [           main] org.hibernate.SQL                        : 
    select
        cr1_0.id 
    from
        club_registrations cr1_0 
    left join
        students s1_0 
            on s1_0.id=cr1_0.student_id 
    where
        s1_0.id=? 
        and cr1_0.club_name=? 
        and cr1_0.academic_year=? 
    fetch
        first ? rows only
Hibernate: 
    select
        cr1_0.id 
    from
        club_registrations cr1_0 
    left join
        students s1_0 
            on s1_0.id=cr1_0.student_id 
    where
        s1_0.id=? 
        and cr1_0.club_name=? 
        and cr1_0.academic_year=? 
    fetch
        first ? rows only
2026-06-24T20:29:52.654+07:00 DEBUG 24436 --- [myfschool-backend] [           main] org.hibernate.SQL                        : 
    insert 
    into
        club_registrations
        (academic_year, club_name, created_at, registered_at, status, student_id, updated_at, id) 
    values
        (?, ?, ?, ?, ?, ?, ?, default)
Hibernate: 
    insert 
    into
        club_registrations
        (academic_year, club_name, created_at, registered_at, status, student_id, updated_at, id) 
    values
        (?, ?, ?, ?, ?, ?, ?, default)
]]></system-out>
  </testcase>
  <testcase name="parent_view_student_bills" classname="vn.edu.fpt.myfschool.TuitionIntegrationTest" time="0.411">
    <system-out><![CDATA[2026-06-24T20:29:52.660+07:00 DEBUG 24436 --- [myfschool-backend] [           main] org.hibernate.SQL                        : 
    insert 
    into
        classes
        (academic_year, created_at, grade_level, name, school_name, updated_at, id) 
    values
        (?, ?, ?, ?, ?, ?, default)
Hibernate: 
    insert 
    into
        classes
        (academic_year, created_at, grade_level, name, school_name, updated_at, id) 
    values
        (?, ?, ?, ?, ?, ?, default)
2026-06-24T20:29:52.661+07:00 DEBUG 24436 --- [myfschool-backend] [           main] org.hibernate.SQL                        : 
    insert 
    into
        classes
        (academic_year, created_at, grade_level, name, school_name, updated_at, id) 
    values
        (?, ?, ?, ?, ?, ?, default)
Hibernate: 
    insert 
    into
        classes
        (academic_year, created_at, grade_level, name, school_name, updated_at, id) 
    values
        (?, ?, ?, ?, ?, ?, default)
2026-06-24T20:29:52.661+07:00 DEBUG 24436 --- [myfschool-backend] [           main] org.hibernate.SQL                        : 
    insert 
    into
        subjects
        (code, created_at, name, updated_at, id) 
    values
        (?, ?, ?, ?, default)
Hibernate: 
    insert 
    into
        subjects
        (code, created_at, name, updated_at, id) 
    values
        (?, ?, ?, ?, default)
2026-06-24T20:29:52.661+07:00 DEBUG 24436 --- [myfschool-backend] [           main] org.hibernate.SQL                        : 
    insert 
    into
        subjects
        (code, created_at, name, updated_at, id) 
    values
        (?, ?, ?, ?, default)
Hibernate: 
    insert 
    into
        subjects
        (code, created_at, name, updated_at, id) 
    values
        (?, ?, ?, ?, default)
2026-06-24T20:29:52.661+07:00 DEBUG 24436 --- [myfschool-backend] [           main] org.hibernate.SQL                        : 
    insert 
    into
        semesters
        (academic_year, created_at, end_date, is_current, name, start_date, updated_at, id) 
    values
        (?, ?, ?, ?, ?, ?, ?, default)
Hibernate: 
    insert 
    into
        semesters
        (academic_year, created_at, end_date, is_current, name, start_date, updated_at, id) 
    values
        (?, ?, ?, ?, ?, ?, ?, default)
2026-06-24T20:29:52.723+07:00 DEBUG 24436 --- [myfschool-backend] [           main] org.hibernate.SQL                        : 
    insert 
    into
        users
        (avatar, created_at, email, name, password, phone, role, status, updated_at, id) 
    values
        (?, ?, ?, ?, ?, ?, ?, ?, ?, default)
Hibernate: 
    insert 
    into
        users
        (avatar, created_at, email, name, password, phone, role, status, updated_at, id) 
    values
        (?, ?, ?, ?, ?, ?, ?, ?, ?, default)
2026-06-24T20:29:52.724+07:00 DEBUG 24436 --- [myfschool-backend] [           main] org.hibernate.SQL                        : 
    insert 
    into
        teachers
        (created_at, department, employee_code, updated_at, user_id, id) 
    values
        (?, ?, ?, ?, ?, default)
Hibernate: 
    insert 
    into
        teachers
        (created_at, department, employee_code, updated_at, user_id, id) 
    values
        (?, ?, ?, ?, ?, default)
2026-06-24T20:29:52.724+07:00 DEBUG 24436 --- [myfschool-backend] [           main] org.hibernate.SQL                        : 
    insert 
    into
        class_subjects
        (academic_year, class_id, created_at, is_homeroom, semester_id, subject_id, teacher_id, updated_at, id) 
    values
        (?, ?, ?, ?, ?, ?, ?, ?, default)
Hibernate: 
    insert 
    into
        class_subjects
        (academic_year, class_id, created_at, is_homeroom, semester_id, subject_id, teacher_id, updated_at, id) 
    values
        (?, ?, ?, ?, ?, ?, ?, ?, default)
2026-06-24T20:29:52.787+07:00 DEBUG 24436 --- [myfschool-backend] [           main] org.hibernate.SQL                        : 
    insert 
    into
        users
        (avatar, created_at, email, name, password, phone, role, status, updated_at, id) 
    values
        (?, ?, ?, ?, ?, ?, ?, ?, ?, default)
Hibernate: 
    insert 
    into
        users
        (avatar, created_at, email, name, password, phone, role, status, updated_at, id) 
    values
        (?, ?, ?, ?, ?, ?, ?, ?, ?, default)
2026-06-24T20:29:52.788+07:00 DEBUG 24436 --- [myfschool-backend] [           main] org.hibernate.SQL                        : 
    insert 
    into
        parents
        (address, created_at, occupation, updated_at, user_id, id) 
    values
        (?, ?, ?, ?, ?, default)
Hibernate: 
    insert 
    into
        parents
        (address, created_at, occupation, updated_at, user_id, id) 
    values
        (?, ?, ?, ?, ?, default)
2026-06-24T20:29:52.849+07:00 DEBUG 24436 --- [myfschool-backend] [           main] org.hibernate.SQL                        : 
    insert 
    into
        users
        (avatar, created_at, email, name, password, phone, role, status, updated_at, id) 
    values
        (?, ?, ?, ?, ?, ?, ?, ?, ?, default)
Hibernate: 
    insert 
    into
        users
        (avatar, created_at, email, name, password, phone, role, status, updated_at, id) 
    values
        (?, ?, ?, ?, ?, ?, ?, ?, ?, default)
2026-06-24T20:29:52.850+07:00 DEBUG 24436 --- [myfschool-backend] [           main] org.hibernate.SQL                        : 
    insert 
    into
        students
        (created_at, class_id, date_of_birth, student_code, updated_at, user_id, id) 
    values
        (?, ?, ?, ?, ?, ?, default)
Hibernate: 
    insert 
    into
        students
        (created_at, class_id, date_of_birth, student_code, updated_at, user_id, id) 
    values
        (?, ?, ?, ?, ?, ?, default)
2026-06-24T20:29:52.850+07:00 DEBUG 24436 --- [myfschool-backend] [           main] org.hibernate.SQL                        : 
    insert 
    into
        student_guardians
        (created_at, guardian_id, relationship, student_id, updated_at, id) 
    values
        (?, ?, ?, ?, ?, default)
Hibernate: 
    insert 
    into
        student_guardians
        (created_at, guardian_id, relationship, student_id, updated_at, id) 
    values
        (?, ?, ?, ?, ?, default)
2026-06-24T20:29:52.913+07:00 DEBUG 24436 --- [myfschool-backend] [           main] org.hibernate.SQL                        : 
    insert 
    into
        users
        (avatar, created_at, email, name, password, phone, role, status, updated_at, id) 
    values
        (?, ?, ?, ?, ?, ?, ?, ?, ?, default)
Hibernate: 
    insert 
    into
        users
        (avatar, created_at, email, name, password, phone, role, status, updated_at, id) 
    values
        (?, ?, ?, ?, ?, ?, ?, ?, ?, default)
2026-06-24T20:29:52.914+07:00 DEBUG 24436 --- [myfschool-backend] [           main] org.hibernate.SQL                        : 
    insert 
    into
        students
        (created_at, class_id, date_of_birth, student_code, updated_at, user_id, id) 
    values
        (?, ?, ?, ?, ?, ?, default)
Hibernate: 
    insert 
    into
        students
        (created_at, class_id, date_of_birth, student_code, updated_at, user_id, id) 
    values
        (?, ?, ?, ?, ?, ?, default)
2026-06-24T20:29:52.914+07:00 DEBUG 24436 --- [myfschool-backend] [           main] org.hibernate.SQL                        : 
    insert 
    into
        student_guardians
        (created_at, guardian_id, relationship, student_id, updated_at, id) 
    values
        (?, ?, ?, ?, ?, default)
Hibernate: 
    insert 
    into
        student_guardians
        (created_at, guardian_id, relationship, student_id, updated_at, id) 
    values
        (?, ?, ?, ?, ?, default)
2026-06-24T20:29:52.980+07:00 DEBUG 24436 --- [myfschool-backend] [           main] org.hibernate.SQL                        : 
    insert 
    into
        users
        (avatar, created_at, email, name, password, phone, role, status, updated_at, id) 
    values
        (?, ?, ?, ?, ?, ?, ?, ?, ?, default)
Hibernate: 
    insert 
    into
        users
        (avatar, created_at, email, name, password, phone, role, status, updated_at, id) 
    values
        (?, ?, ?, ?, ?, ?, ?, ?, ?, default)
2026-06-24T20:29:52.980+07:00 DEBUG 24436 --- [myfschool-backend] [           main] org.hibernate.SQL                        : 
    insert 
    into
        students
        (created_at, class_id, date_of_birth, student_code, updated_at, user_id, id) 
    values
        (?, ?, ?, ?, ?, ?, default)
Hibernate: 
    insert 
    into
        students
        (created_at, class_id, date_of_birth, student_code, updated_at, user_id, id) 
    values
        (?, ?, ?, ?, ?, ?, default)
2026-06-24T20:29:52.980+07:00 DEBUG 24436 --- [myfschool-backend] [           main] org.hibernate.SQL                        : 
    insert 
    into
        student_guardians
        (created_at, guardian_id, relationship, student_id, updated_at, id) 
    values
        (?, ?, ?, ?, ?, default)
Hibernate: 
    insert 
    into
        student_guardians
        (created_at, guardian_id, relationship, student_id, updated_at, id) 
    values
        (?, ?, ?, ?, ?, default)
2026-06-24T20:29:52.984+07:00 DEBUG 24436 --- [myfschool-backend] [           main] org.hibernate.SQL                        : 
    select
        u1_0.id,
        u1_0.avatar,
        u1_0.created_at,
        u1_0.email,
        u1_0.name,
        u1_0.password,
        u1_0.phone,
        u1_0.role,
        u1_0.status,
        u1_0.updated_at 
    from
        users u1_0 
    where
        u1_0.phone=?
Hibernate: 
    select
        u1_0.id,
        u1_0.avatar,
        u1_0.created_at,
        u1_0.email,
        u1_0.name,
        u1_0.password,
        u1_0.phone,
        u1_0.role,
        u1_0.status,
        u1_0.updated_at 
    from
        users u1_0 
    where
        u1_0.phone=?
2026-06-24T20:29:53.056+07:00 DEBUG 24436 --- [myfschool-backend] [           main] org.hibernate.SQL                        : 
    select
        us1_0.id,
        us1_0.created_at,
        us1_0.language,
        us1_0.notification_enabled,
        us1_0.theme,
        us1_0.updated_at,
        us1_0.user_id 
    from
        user_settings us1_0 
    left join
        users u1_0 
            on u1_0.id=us1_0.user_id 
    where
        u1_0.id=?
Hibernate: 
    select
        us1_0.id,
        us1_0.created_at,
        us1_0.language,
        us1_0.notification_enabled,
        us1_0.theme,
        us1_0.updated_at,
        us1_0.user_id 
    from
        user_settings us1_0 
    left join
        users u1_0 
            on u1_0.id=us1_0.user_id 
    where
        u1_0.id=?
2026-06-24T20:29:53.058+07:00 DEBUG 24436 --- [myfschool-backend] [           main] org.hibernate.SQL                        : 
    select
        p1_0.id,
        p1_0.address,
        p1_0.created_at,
        p1_0.occupation,
        p1_0.updated_at,
        p1_0.user_id 
    from
        parents p1_0 
    left join
        users u1_0 
            on u1_0.id=p1_0.user_id 
    where
        u1_0.id=?
Hibernate: 
    select
        p1_0.id,
        p1_0.address,
        p1_0.created_at,
        p1_0.occupation,
        p1_0.updated_at,
        p1_0.user_id 
    from
        parents p1_0 
    left join
        users u1_0 
            on u1_0.id=p1_0.user_id 
    where
        u1_0.id=?
2026-06-24T20:29:53.058+07:00 DEBUG 24436 --- [myfschool-backend] [           main] org.hibernate.SQL                        : 
    select
        s1_0.id,
        s1_0.created_at,
        s1_0.class_id,
        s1_0.date_of_birth,
        s1_0.student_code,
        s1_0.updated_at,
        s1_0.user_id 
    from
        student_guardians sg1_0 
    join
        students s1_0 
            on s1_0.id=sg1_0.student_id 
    where
        sg1_0.guardian_id=?
Hibernate: 
    select
        s1_0.id,
        s1_0.created_at,
        s1_0.class_id,
        s1_0.date_of_birth,
        s1_0.student_code,
        s1_0.updated_at,
        s1_0.user_id 
    from
        student_guardians sg1_0 
    join
        students s1_0 
            on s1_0.id=sg1_0.student_id 
    where
        sg1_0.guardian_id=?
2026-06-24T20:29:53.065+07:00 DEBUG 24436 --- [myfschool-backend] [           main] org.hibernate.SQL                        : 
    select
        tb1_0.id,
        tb1_0.amount,
        tb1_0.class_id,
        tb1_0.created_at,
        tb1_0.due_date,
        tb1_0.name,
        tb1_0.paid_at,
        tb1_0.semester_id,
        tb1_0.status,
        tb1_0.student_id,
        tb1_0.updated_at 
    from
        tuition_bills tb1_0 
    left join
        students s1_0 
            on s1_0.id=tb1_0.student_id 
    where
        s1_0.id=? 
    order by
        tb1_0.created_at desc
Hibernate: 
    select
        tb1_0.id,
        tb1_0.amount,
        tb1_0.class_id,
        tb1_0.created_at,
        tb1_0.due_date,
        tb1_0.name,
        tb1_0.paid_at,
        tb1_0.semester_id,
        tb1_0.status,
        tb1_0.student_id,
        tb1_0.updated_at 
    from
        tuition_bills tb1_0 
    left join
        students s1_0 
            on s1_0.id=tb1_0.student_id 
    where
        s1_0.id=? 
    order by
        tb1_0.created_at desc
]]></system-out>
  </testcase>
</testsuite>