<?xml version="1.0" encoding="UTF-8"?>
<testsuite xmlns:xsi="http://www.w3.org/2001/XMLSchema-instance" xsi:noNamespaceSchemaLocation="https://maven.apache.org/surefire/maven-surefire-plugin/xsd/surefire-test-report.xsd" version="3.0.2" name="vn.edu.fpt.myfschool.AuthIntegrationTest" time="5.207" tests="12" errors="0" skipped="0" failures="0">
  <properties>
[...]
</properties>
  <testcase name="login_wrong_password_fails" classname="vn.edu.fpt.myfschool.AuthIntegrationTest" time="0.505">
    <system-out><![CDATA[2026-06-24T20:29:33.467+07:00  INFO 24436 --- [myfschool-backend] [           main] t.c.s.AnnotationConfigContextLoaderUtils : Could not detect default configuration classes for test class [vn.edu.fpt.myfschool.AuthIntegrationTest]: AuthIntegrationTest does not declare any static, non-private, non-final, nested classes annotated with @Configuration.
2026-06-24T20:29:33.471+07:00  INFO 24436 --- [myfschool-backend] [           main] .b.t.c.SpringBootTestContextBootstrapper : Found @SpringBootConfiguration vn.edu.fpt.myfschool.MyfSchoolApplication for test class vn.edu.fpt.myfschool.AuthIntegrationTest
2026-06-24T20:29:33.478+07:00 DEBUG 24436 --- [myfschool-backend] [           main] org.hibernate.SQL                        : 
    insert 
    into
        classes
        (academic_year, created_at, grade_level, name, school_name, updated_at, id) 
    values
        (?, ?, ?, ?, ?, ?, default)
Hibernate: 
    insert 
    into
        classes
        (academic_year, created_at, grade_level, name, school_name, updated_at, id) 
    values
        (?, ?, ?, ?, ?, ?, default)
2026-06-24T20:29:33.479+07:00 DEBUG 24436 --- [myfschool-backend] [           main] org.hibernate.SQL                        : 
    insert 
    into
        classes
        (academic_year, created_at, grade_level, name, school_name, updated_at, id) 
    values
        (?, ?, ?, ?, ?, ?, default)
Hibernate: 
    insert 
    into
        classes
        (academic_year, created_at, grade_level, name, school_name, updated_at, id) 
    values
        (?, ?, ?, ?, ?, ?, default)
2026-06-24T20:29:33.480+07:00 DEBUG 24436 --- [myfschool-backend] [           main] org.hibernate.SQL                        : 
    insert 
    into
        subjects
        (code, created_at, name, updated_at, id) 
    values
        (?, ?, ?, ?, default)
Hibernate: 
    insert 
    into
        subjects
        (code, created_at, name, updated_at, id) 
    values
        (?, ?, ?, ?, default)
2026-06-24T20:29:33.480+07:00 DEBUG 24436 --- [myfschool-backend] [           main] org.hibernate.SQL                        : 
    insert 
    into
        subjects
        (code, created_at, name, updated_at, id) 
    values
        (?, ?, ?, ?, default)
Hibernate: 
    insert 
    into
        subjects
        (code, created_at, name, updated_at, id) 
    values
        (?, ?, ?, ?, default)
2026-06-24T20:29:33.480+07:00 DEBUG 24436 --- [myfschool-backend] [           main] org.hibernate.SQL                        : 
    insert 
    into
        semesters
        (academic_year, created_at, end_date, is_current, name, start_date, updated_at, id) 
    values
        (?, ?, ?, ?, ?, ?, ?, default)
Hibernate: 
    insert 
    into
        semesters
        (academic_year, created_at, end_date, is_current, name, start_date, updated_at, id) 
    values
        (?, ?, ?, ?, ?, ?, ?, default)
2026-06-24T20:29:33.545+07:00 DEBUG 24436 --- [myfschool-backend] [           main] org.hibernate.SQL                        : 
    insert 
    into
        users
        (avatar, created_at, email, name, password, phone, role, status, updated_at, id) 
    values
        (?, ?, ?, ?, ?, ?, ?, ?, ?, default)
Hibernate: 
    insert 
    into
        users
        (avatar, created_at, email, name, password, phone, role, status, updated_at, id) 
    values
        (?, ?, ?, ?, ?, ?, ?, ?, ?, default)
2026-06-24T20:29:33.547+07:00 DEBUG 24436 --- [myfschool-backend] [           main] org.hibernate.SQL                        : 
    insert 
    into
        teachers
        (created_at, department, employee_code, updated_at, user_id, id) 
    values
        (?, ?, ?, ?, ?, default)
Hibernate: 
    insert 
    into
        teachers
        (created_at, department, employee_code, updated_at, user_id, id) 
    values
        (?, ?, ?, ?, ?, default)
2026-06-24T20:29:33.548+07:00 DEBUG 24436 --- [myfschool-backend] [           main] org.hibernate.SQL                        : 
    insert 
    into
        class_subjects
        (academic_year, class_id, created_at, is_homeroom, semester_id, subject_id, teacher_id, updated_at, id) 
    values
        (?, ?, ?, ?, ?, ?, ?, ?, default)
Hibernate: 
    insert 
    into
        class_subjects
        (academic_year, class_id, created_at, is_homeroom, semester_id, subject_id, teacher_id, updated_at, id) 
    values
        (?, ?, ?, ?, ?, ?, ?, ?, default)
2026-06-24T20:29:33.611+07:00 DEBUG 24436 --- [myfschool-backend] [           main] org.hibernate.SQL                        : 
    insert 
    into
        users
        (avatar, created_at, email, name, password, phone, role, status, updated_at, id) 
    values
        (?, ?, ?, ?, ?, ?, ?, ?, ?, default)
Hibernate: 
    insert 
    into
        users
        (avatar, created_at, email, name, password, phone, role, status, updated_at, id) 
    values
        (?, ?, ?, ?, ?, ?, ?, ?, ?, default)
2026-06-24T20:29:33.612+07:00 DEBUG 24436 --- [myfschool-backend] [           main] org.hibernate.SQL                        : 
    insert 
    into
        parents
        (address, created_at, occupation, updated_at, user_id, id) 
    values
        (?, ?, ?, ?, ?, default)
Hibernate: 
    insert 
    into
        parents
        (address, created_at, occupation, updated_at, user_id, id) 
    values
        (?, ?, ?, ?, ?, default)
2026-06-24T20:29:33.683+07:00 DEBUG 24436 --- [myfschool-backend] [           main] org.hibernate.SQL                        : 
    insert 
    into
        users
        (avatar, created_at, email, name, password, phone, role, status, updated_at, id) 
    values
        (?, ?, ?, ?, ?, ?, ?, ?, ?, default)
Hibernate: 
    insert 
    into
        users
        (avatar, created_at, email, name, password, phone, role, status, updated_at, id) 
    values
        (?, ?, ?, ?, ?, ?, ?, ?, ?, default)
2026-06-24T20:29:33.684+07:00 DEBUG 24436 --- [myfschool-backend] [           main] org.hibernate.SQL                        : 
    insert 
    into
        students
        (created_at, class_id, date_of_birth, student_code, updated_at, user_id, id) 
    values
        (?, ?, ?, ?, ?, ?, default)
Hibernate: 
    insert 
    into
        students
        (created_at, class_id, date_of_birth, student_code, updated_at, user_id, id) 
    values
        (?, ?, ?, ?, ?, ?, default)
2026-06-24T20:29:33.685+07:00 DEBUG 24436 --- [myfschool-backend] [           main] org.hibernate.SQL                        : 
    insert 
    into
        student_guardians
        (created_at, guardian_id, relationship, student_id, updated_at, id) 
    values
        (?, ?, ?, ?, ?, default)
Hibernate: 
    insert 
    into
        student_guardians
        (created_at, guardian_id, relationship, student_id, updated_at, id) 
    values
        (?, ?, ?, ?, ?, default)
2026-06-24T20:29:33.752+07:00 DEBUG 24436 --- [myfschool-backend] [           main] org.hibernate.SQL                        : 
    insert 
    into
        users
        (avatar, created_at, email, name, password, phone, role, status, updated_at, id) 
    values
        (?, ?, ?, ?, ?, ?, ?, ?, ?, default)
Hibernate: 
    insert 
    into
        users
        (avatar, created_at, email, name, password, phone, role, status, updated_at, id) 
    values
        (?, ?, ?, ?, ?, ?, ?, ?, ?, default)
2026-06-24T20:29:33.753+07:00 DEBUG 24436 --- [myfschool-backend] [           main] org.hibernate.SQL                        : 
    insert 
    into
        students
        (created_at, class_id, date_of_birth, student_code, updated_at, user_id, id) 
    values
        (?, ?, ?, ?, ?, ?, default)
Hibernate: 
    insert 
    into
        students
        (created_at, class_id, date_of_birth, student_code, updated_at, user_id, id) 
    values
        (?, ?, ?, ?, ?, ?, default)
2026-06-24T20:29:33.754+07:00 DEBUG 24436 --- [myfschool-backend] [           main] org.hibernate.SQL                        : 
    insert 
    into
        student_guardians
        (created_at, guardian_id, relationship, student_id, updated_at, id) 
    values
        (?, ?, ?, ?, ?, default)
Hibernate: 
    insert 
    into
        student_guardians
        (created_at, guardian_id, relationship, student_id, updated_at, id) 
    values
        (?, ?, ?, ?, ?, default)
2026-06-24T20:29:33.817+07:00 DEBUG 24436 --- [myfschool-backend] [           main] org.hibernate.SQL                        : 
    insert 
    into
        users
        (avatar, created_at, email, name, password, phone, role, status, updated_at, id) 
    values
        (?, ?, ?, ?, ?, ?, ?, ?, ?, default)
Hibernate: 
    insert 
    into
        users
        (avatar, created_at, email, name, password, phone, role, status, updated_at, id) 
    values
        (?, ?, ?, ?, ?, ?, ?, ?, ?, default)
2026-06-24T20:29:33.818+07:00 DEBUG 24436 --- [myfschool-backend] [           main] org.hibernate.SQL                        : 
    insert 
    into
        students
        (created_at, class_id, date_of_birth, student_code, updated_at, user_id, id) 
    values
        (?, ?, ?, ?, ?, ?, default)
Hibernate: 
    insert 
    into
        students
        (created_at, class_id, date_of_birth, student_code, updated_at, user_id, id) 
    values
        (?, ?, ?, ?, ?, ?, default)
2026-06-24T20:29:33.820+07:00 DEBUG 24436 --- [myfschool-backend] [           main] org.hibernate.SQL                        : 
    insert 
    into
        student_guardians
        (created_at, guardian_id, relationship, student_id, updated_at, id) 
    values
        (?, ?, ?, ?, ?, default)
Hibernate: 
    insert 
    into
        student_guardians
        (created_at, guardian_id, relationship, student_id, updated_at, id) 
    values
        (?, ?, ?, ?, ?, default)
2026-06-24T20:29:33.834+07:00 DEBUG 24436 --- [myfschool-backend] [           main] org.hibernate.SQL                        : 
    select
        u1_0.id 
    from
        users u1_0 
    where
        u1_0.phone=? 
    fetch
        first ? rows only
Hibernate: 
    select
        u1_0.id 
    from
        users u1_0 
    where
        u1_0.phone=? 
    fetch
        first ? rows only
2026-06-24T20:29:33.897+07:00 DEBUG 24436 --- [myfschool-backend] [           main] org.hibernate.SQL                        : 
    insert 
    into
        users
        (avatar, created_at, email, name, password, phone, role, status, updated_at, id) 
    values
        (?, ?, ?, ?, ?, ?, ?, ?, ?, default)
Hibernate: 
    insert 
    into
        users
        (avatar, created_at, email, name, password, phone, role, status, updated_at, id) 
    values
        (?, ?, ?, ?, ?, ?, ?, ?, ?, default)
2026-06-24T20:29:33.899+07:00 DEBUG 24436 --- [myfschool-backend] [           main] org.hibernate.SQL                        : 
    insert 
    into
        parents
        (address, created_at, occupation, updated_at, user_id, id) 
    values
        (?, ?, ?, ?, ?, default)
Hibernate: 
    insert 
    into
        parents
        (address, created_at, occupation, updated_at, user_id, id) 
    values
        (?, ?, ?, ?, ?, default)
2026-06-24T20:29:33.899+07:00 DEBUG 24436 --- [myfschool-backend] [           main] org.hibernate.SQL                        : 
    insert 
    into
        user_settings
        (created_at, language, notification_enabled, theme, updated_at, user_id, id) 
    values
        (?, ?, ?, ?, ?, ?, default)
Hibernate: 
    insert 
    into
        user_settings
        (created_at, language, notification_enabled, theme, updated_at, user_id, id) 
    values
        (?, ?, ?, ?, ?, ?, default)
2026-06-24T20:29:33.901+07:00 DEBUG 24436 --- [myfschool-backend] [           main] org.hibernate.SQL                        : 
    select
        us1_0.id,
        us1_0.created_at,
        us1_0.language,
        us1_0.notification_enabled,
        us1_0.theme,
        us1_0.updated_at,
        us1_0.user_id 
    from
        user_settings us1_0 
    left join
        users u1_0 
            on u1_0.id=us1_0.user_id 
    where
        u1_0.id=?
Hibernate: 
    select
        us1_0.id,
        us1_0.created_at,
        us1_0.language,
        us1_0.notification_enabled,
        us1_0.theme,
        us1_0.updated_at,
        us1_0.user_id 
    from
        user_settings us1_0 
    left join
        users u1_0 
            on u1_0.id=us1_0.user_id 
    where
        u1_0.id=?
2026-06-24T20:29:33.905+07:00 DEBUG 24436 --- [myfschool-backend] [           main] org.hibernate.SQL                        : 
    select
        p1_0.id,
        p1_0.address,
        p1_0.created_at,
        p1_0.occupation,
        p1_0.updated_at,
        p1_0.user_id 
    from
        parents p1_0 
    left join
        users u1_0 
            on u1_0.id=p1_0.user_id 
    where
        u1_0.id=?
Hibernate: 
    select
        p1_0.id,
        p1_0.address,
        p1_0.created_at,
        p1_0.occupation,
        p1_0.updated_at,
        p1_0.user_id 
    from
        parents p1_0 
    left join
        users u1_0 
            on u1_0.id=p1_0.user_id 
    where
        u1_0.id=?
2026-06-24T20:29:33.906+07:00 DEBUG 24436 --- [myfschool-backend] [           main] org.hibernate.SQL                        : 
    select
        s1_0.id,
        s1_0.created_at,
        s1_0.class_id,
        s1_0.date_of_birth,
        s1_0.student_code,
        s1_0.updated_at,
        s1_0.user_id 
    from
        student_guardians sg1_0 
    join
        students s1_0 
            on s1_0.id=sg1_0.student_id 
    where
        sg1_0.guardian_id=?
Hibernate: 
    select
        s1_0.id,
        s1_0.created_at,
        s1_0.class_id,
        s1_0.date_of_birth,
        s1_0.student_code,
        s1_0.updated_at,
        s1_0.user_id 
    from
        student_guardians sg1_0 
    join
        students s1_0 
            on s1_0.id=sg1_0.student_id 
    where
        sg1_0.guardian_id=?
2026-06-24T20:29:33.911+07:00 DEBUG 24436 --- [myfschool-backend] [           main] org.hibernate.SQL                        : 
    select
        u1_0.id,
        u1_0.avatar,
        u1_0.created_at,
        u1_0.email,
        u1_0.name,
        u1_0.password,
        u1_0.phone,
        u1_0.role,
        u1_0.status,
        u1_0.updated_at 
    from
        users u1_0 
    where
        u1_0.phone=?
Hibernate: 
    select
        u1_0.id,
        u1_0.avatar,
        u1_0.created_at,
        u1_0.email,
        u1_0.name,
        u1_0.password,
        u1_0.phone,
        u1_0.role,
        u1_0.status,
        u1_0.updated_at 
    from
        users u1_0 
    where
        u1_0.phone=?
]]></system-out>
  </testcase>
  <testcase name="login_success" classname="vn.edu.fpt.myfschool.AuthIntegrationTest" time="0.478">
    <system-out><![CDATA[2026-06-24T20:29:33.984+07:00 DEBUG 24436 --- [myfschool-backend] [           main] org.hibernate.SQL                        : 
    insert 
    into
        classes
        (academic_year, created_at, grade_level, name, school_name, updated_at, id) 
    values
        (?, ?, ?, ?, ?, ?, default)
Hibernate: 
    insert 
    into
        classes
        (academic_year, created_at, grade_level, name, school_name, updated_at, id) 
    values
        (?, ?, ?, ?, ?, ?, default)
2026-06-24T20:29:33.985+07:00 DEBUG 24436 --- [myfschool-backend] [           main] org.hibernate.SQL                        : 
    insert 
    into
        classes
        (academic_year, created_at, grade_level, name, school_name, updated_at, id) 
    values
        (?, ?, ?, ?, ?, ?, default)
Hibernate: 
    insert 
    into
        classes
        (academic_year, created_at, grade_level, name, school_name, updated_at, id) 
    values
        (?, ?, ?, ?, ?, ?, default)
2026-06-24T20:29:33.986+07:00 DEBUG 24436 --- [myfschool-backend] [           main] org.hibernate.SQL                        : 
    insert 
    into
        subjects
        (code, created_at, name, updated_at, id) 
    values
        (?, ?, ?, ?, default)
Hibernate: 
    insert 
    into
        subjects
        (code, created_at, name, updated_at, id) 
    values
        (?, ?, ?, ?, default)
2026-06-24T20:29:33.987+07:00 DEBUG 24436 --- [myfschool-backend] [           main] org.hibernate.SQL                        : 
    insert 
    into
        subjects
        (code, created_at, name, updated_at, id) 
    values
        (?, ?, ?, ?, default)
Hibernate: 
    insert 
    into
        subjects
        (code, created_at, name, updated_at, id) 
    values
        (?, ?, ?, ?, default)
2026-06-24T20:29:33.987+07:00 DEBUG 24436 --- [myfschool-backend] [           main] org.hibernate.SQL                        : 
    insert 
    into
        semesters
        (academic_year, created_at, end_date, is_current, name, start_date, updated_at, id) 
    values
        (?, ?, ?, ?, ?, ?, ?, default)
Hibernate: 
    insert 
    into
        semesters
        (academic_year, created_at, end_date, is_current, name, start_date, updated_at, id) 
    values
        (?, ?, ?, ?, ?, ?, ?, default)
2026-06-24T20:29:34.050+07:00 DEBUG 24436 --- [myfschool-backend] [           main] org.hibernate.SQL                        : 
    insert 
    into
        users
        (avatar, created_at, email, name, password, phone, role, status, updated_at, id) 
    values
        (?, ?, ?, ?, ?, ?, ?, ?, ?, default)
Hibernate: 
    insert 
    into
        users
        (avatar, created_at, email, name, password, phone, role, status, updated_at, id) 
    values
        (?, ?, ?, ?, ?, ?, ?, ?, ?, default)
2026-06-24T20:29:34.051+07:00 DEBUG 24436 --- [myfschool-backend] [           main] org.hibernate.SQL                        : 
    insert 
    into
        teachers
        (created_at, department, employee_code, updated_at, user_id, id) 
    values
        (?, ?, ?, ?, ?, default)
Hibernate: 
    insert 
    into
        teachers
        (created_at, department, employee_code, updated_at, user_id, id) 
    values
        (?, ?, ?, ?, ?, default)
2026-06-24T20:29:34.052+07:00 DEBUG 24436 --- [myfschool-backend] [           main] org.hibernate.SQL                        : 
    insert 
    into
        class_subjects
        (academic_year, class_id, created_at, is_homeroom, semester_id, subject_id, teacher_id, updated_at, id) 
    values
        (?, ?, ?, ?, ?, ?, ?, ?, default)
Hibernate: 
    insert 
    into
        class_subjects
        (academic_year, class_id, created_at, is_homeroom, semester_id, subject_id, teacher_id, updated_at, id) 
    values
        (?, ?, ?, ?, ?, ?, ?, ?, default)
2026-06-24T20:29:34.114+07:00 DEBUG 24436 --- [myfschool-backend] [           main] org.hibernate.SQL                        : 
    insert 
    into
        users
        (avatar, created_at, email, name, password, phone, role, status, updated_at, id) 
    values
        (?, ?, ?, ?, ?, ?, ?, ?, ?, default)
Hibernate: 
    insert 
    into
        users
        (avatar, created_at, email, name, password, phone, role, status, updated_at, id) 
    values
        (?, ?, ?, ?, ?, ?, ?, ?, ?, default)
2026-06-24T20:29:34.115+07:00 DEBUG 24436 --- [myfschool-backend] [           main] org.hibernate.SQL                        : 
    insert 
    into
        parents
        (address, created_at, occupation, updated_at, user_id, id) 
    values
        (?, ?, ?, ?, ?, default)
Hibernate: 
    insert 
    into
        parents
        (address, created_at, occupation, updated_at, user_id, id) 
    values
        (?, ?, ?, ?, ?, default)
2026-06-24T20:29:34.177+07:00 DEBUG 24436 --- [myfschool-backend] [           main] org.hibernate.SQL                        : 
    insert 
    into
        users
        (avatar, created_at, email, name, password, phone, role, status, updated_at, id) 
    values
        (?, ?, ?, ?, ?, ?, ?, ?, ?, default)
Hibernate: 
    insert 
    into
        users
        (avatar, created_at, email, name, password, phone, role, status, updated_at, id) 
    values
        (?, ?, ?, ?, ?, ?, ?, ?, ?, default)
2026-06-24T20:29:34.178+07:00 DEBUG 24436 --- [myfschool-backend] [           main] org.hibernate.SQL                        : 
    insert 
    into
        students
        (created_at, class_id, date_of_birth, student_code, updated_at, user_id, id) 
    values
        (?, ?, ?, ?, ?, ?, default)
Hibernate: 
    insert 
    into
        students
        (created_at, class_id, date_of_birth, student_code, updated_at, user_id, id) 
    values
        (?, ?, ?, ?, ?, ?, default)
2026-06-24T20:29:34.179+07:00 DEBUG 24436 --- [myfschool-backend] [           main] org.hibernate.SQL                        : 
    insert 
    into
        student_guardians
        (created_at, guardian_id, relationship, student_id, updated_at, id) 
    values
        (?, ?, ?, ?, ?, default)
Hibernate: 
    insert 
    into
        student_guardians
        (created_at, guardian_id, relationship, student_id, updated_at, id) 
    values
        (?, ?, ?, ?, ?, default)
2026-06-24T20:29:34.244+07:00 DEBUG 24436 --- [myfschool-backend] [           main] org.hibernate.SQL                        : 
    insert 
    into
        users
        (avatar, created_at, email, name, password, phone, role, status, updated_at, id) 
    values
        (?, ?, ?, ?, ?, ?, ?, ?, ?, default)
Hibernate: 
    insert 
    into
        users
        (avatar, created_at, email, name, password, phone, role, status, updated_at, id) 
    values
        (?, ?, ?, ?, ?, ?, ?, ?, ?, default)
2026-06-24T20:29:34.246+07:00 DEBUG 24436 --- [myfschool-backend] [           main] org.hibernate.SQL                        : 
    insert 
    into
        students
        (created_at, class_id, date_of_birth, student_code, updated_at, user_id, id) 
    values
        (?, ?, ?, ?, ?, ?, default)
Hibernate: 
    insert 
    into
        students
        (created_at, class_id, date_of_birth, student_code, updated_at, user_id, id) 
    values
        (?, ?, ?, ?, ?, ?, default)
2026-06-24T20:29:34.246+07:00 DEBUG 24436 --- [myfschool-backend] [           main] org.hibernate.SQL                        : 
    insert 
    into
        student_guardians
        (created_at, guardian_id, relationship, student_id, updated_at, id) 
    values
        (?, ?, ?, ?, ?, default)
Hibernate: 
    insert 
    into
        student_guardians
        (created_at, guardian_id, relationship, student_id, updated_at, id) 
    values
        (?, ?, ?, ?, ?, default)
2026-06-24T20:29:34.307+07:00 DEBUG 24436 --- [myfschool-backend] [           main] org.hibernate.SQL                        : 
    insert 
    into
        users
        (avatar, created_at, email, name, password, phone, role, status, updated_at, id) 
    values
        (?, ?, ?, ?, ?, ?, ?, ?, ?, default)
Hibernate: 
    insert 
    into
        users
        (avatar, created_at, email, name, password, phone, role, status, updated_at, id) 
    values
        (?, ?, ?, ?, ?, ?, ?, ?, ?, default)
2026-06-24T20:29:34.309+07:00 DEBUG 24436 --- [myfschool-backend] [           main] org.hibernate.SQL                        : 
    insert 
    into
        students
        (created_at, class_id, date_of_birth, student_code, updated_at, user_id, id) 
    values
        (?, ?, ?, ?, ?, ?, default)
Hibernate: 
    insert 
    into
        students
        (created_at, class_id, date_of_birth, student_code, updated_at, user_id, id) 
    values
        (?, ?, ?, ?, ?, ?, default)
2026-06-24T20:29:34.310+07:00 DEBUG 24436 --- [myfschool-backend] [           main] org.hibernate.SQL                        : 
    insert 
    into
        student_guardians
        (created_at, guardian_id, relationship, student_id, updated_at, id) 
    values
        (?, ?, ?, ?, ?, default)
Hibernate: 
    insert 
    into
        student_guardians
        (created_at, guardian_id, relationship, student_id, updated_at, id) 
    values
        (?, ?, ?, ?, ?, default)
2026-06-24T20:29:34.314+07:00 DEBUG 24436 --- [myfschool-backend] [           main] org.hibernate.SQL                        : 
    select
        u1_0.id 
    from
        users u1_0 
    where
        u1_0.phone=? 
    fetch
        first ? rows only
Hibernate: 
    select
        u1_0.id 
    from
        users u1_0 
    where
        u1_0.phone=? 
    fetch
        first ? rows only
2026-06-24T20:29:34.377+07:00 DEBUG 24436 --- [myfschool-backend] [           main] org.hibernate.SQL                        : 
    insert 
    into
        users
        (avatar, created_at, email, name, password, phone, role, status, updated_at, id) 
    values
        (?, ?, ?, ?, ?, ?, ?, ?, ?, default)
Hibernate: 
    insert 
    into
        users
        (avatar, created_at, email, name, password, phone, role, status, updated_at, id) 
    values
        (?, ?, ?, ?, ?, ?, ?, ?, ?, default)
2026-06-24T20:29:34.378+07:00 DEBUG 24436 --- [myfschool-backend] [           main] org.hibernate.SQL                        : 
    insert 
    into
        parents
        (address, created_at, occupation, updated_at, user_id, id) 
    values
        (?, ?, ?, ?, ?, default)
Hibernate: 
    insert 
    into
        parents
        (address, created_at, occupation, updated_at, user_id, id) 
    values
        (?, ?, ?, ?, ?, default)
2026-06-24T20:29:34.378+07:00 DEBUG 24436 --- [myfschool-backend] [           main] org.hibernate.SQL                        : 
    insert 
    into
        user_settings
        (created_at, language, notification_enabled, theme, updated_at, user_id, id) 
    values
        (?, ?, ?, ?, ?, ?, default)
Hibernate: 
    insert 
    into
        user_settings
        (created_at, language, notification_enabled, theme, updated_at, user_id, id) 
    values
        (?, ?, ?, ?, ?, ?, default)
2026-06-24T20:29:34.380+07:00 DEBUG 24436 --- [myfschool-backend] [           main] org.hibernate.SQL                        : 
    select
        us1_0.id,
        us1_0.created_at,
        us1_0.language,
        us1_0.notification_enabled,
        us1_0.theme,
        us1_0.updated_at,
        us1_0.user_id 
    from
        user_settings us1_0 
    left join
        users u1_0 
            on u1_0.id=us1_0.user_id 
    where
        u1_0.id=?
Hibernate: 
    select
        us1_0.id,
        us1_0.created_at,
        us1_0.language,
        us1_0.notification_enabled,
        us1_0.theme,
        us1_0.updated_at,
        us1_0.user_id 
    from
        user_settings us1_0 
    left join
        users u1_0 
            on u1_0.id=us1_0.user_id 
    where
        u1_0.id=?
2026-06-24T20:29:34.381+07:00 DEBUG 24436 --- [myfschool-backend] [           main] org.hibernate.SQL                        : 
    select
        p1_0.id,
        p1_0.address,
        p1_0.created_at,
        p1_0.occupation,
        p1_0.updated_at,
        p1_0.user_id 
    from
        parents p1_0 
    left join
        users u1_0 
            on u1_0.id=p1_0.user_id 
    where
        u1_0.id=?
Hibernate: 
    select
        p1_0.id,
        p1_0.address,
        p1_0.created_at,
        p1_0.occupation,
        p1_0.updated_at,
        p1_0.user_id 
    from
        parents p1_0 
    left join
        users u1_0 
            on u1_0.id=p1_0.user_id 
    where
        u1_0.id=?
2026-06-24T20:29:34.383+07:00 DEBUG 24436 --- [myfschool-backend] [           main] org.hibernate.SQL                        : 
    select
        s1_0.id,
        s1_0.created_at,
        s1_0.class_id,
        s1_0.date_of_birth,
        s1_0.student_code,
        s1_0.updated_at,
        s1_0.user_id 
    from
        student_guardians sg1_0 
    join
        students s1_0 
            on s1_0.id=sg1_0.student_id 
    where
        sg1_0.guardian_id=?
Hibernate: 
    select
        s1_0.id,
        s1_0.created_at,
        s1_0.class_id,
        s1_0.date_of_birth,
        s1_0.student_code,
        s1_0.updated_at,
        s1_0.user_id 
    from
        student_guardians sg1_0 
    join
        students s1_0 
            on s1_0.id=sg1_0.student_id 
    where
        sg1_0.guardian_id=?
2026-06-24T20:29:34.388+07:00 DEBUG 24436 --- [myfschool-backend] [           main] org.hibernate.SQL                        : 
    select
        u1_0.id,
        u1_0.avatar,
        u1_0.created_at,
        u1_0.email,
        u1_0.name,
        u1_0.password,
        u1_0.phone,
        u1_0.role,
        u1_0.status,
        u1_0.updated_at 
    from
        users u1_0 
    where
        u1_0.phone=?
Hibernate: 
    select
        u1_0.id,
        u1_0.avatar,
        u1_0.created_at,
        u1_0.email,
        u1_0.name,
        u1_0.password,
        u1_0.phone,
        u1_0.role,
        u1_0.status,
        u1_0.updated_at 
    from
        users u1_0 
    where
        u1_0.phone=?
2026-06-24T20:29:34.454+07:00 DEBUG 24436 --- [myfschool-backend] [           main] org.hibernate.SQL                        : 
    select
        us1_0.id,
        us1_0.created_at,
        us1_0.language,
        us1_0.notification_enabled,
        us1_0.theme,
        us1_0.updated_at,
        us1_0.user_id 
    from
        user_settings us1_0 
    left join
        users u1_0 
            on u1_0.id=us1_0.user_id 
    where
        u1_0.id=?
Hibernate: 
    select
        us1_0.id,
        us1_0.created_at,
        us1_0.language,
        us1_0.notification_enabled,
        us1_0.theme,
        us1_0.updated_at,
        us1_0.user_id 
    from
        user_settings us1_0 
    left join
        users u1_0 
            on u1_0.id=us1_0.user_id 
    where
        u1_0.id=?
2026-06-24T20:29:34.455+07:00 DEBUG 24436 --- [myfschool-backend] [           main] org.hibernate.SQL                        : 
    select
        p1_0.id,
        p1_0.address,
        p1_0.created_at,
        p1_0.occupation,
        p1_0.updated_at,
        p1_0.user_id 
    from
        parents p1_0 
    left join
        users u1_0 
            on u1_0.id=p1_0.user_id 
    where
        u1_0.id=?
Hibernate: 
    select
        p1_0.id,
        p1_0.address,
        p1_0.created_at,
        p1_0.occupation,
        p1_0.updated_at,
        p1_0.user_id 
    from
        parents p1_0 
    left join
        users u1_0 
            on u1_0.id=p1_0.user_id 
    where
        u1_0.id=?
2026-06-24T20:29:34.456+07:00 DEBUG 24436 --- [myfschool-backend] [           main] org.hibernate.SQL                        : 
    select
        s1_0.id,
        s1_0.created_at,
        s1_0.class_id,
        s1_0.date_of_birth,
        s1_0.student_code,
        s1_0.updated_at,
        s1_0.user_id 
    from
        student_guardians sg1_0 
    join
        students s1_0 
            on s1_0.id=sg1_0.student_id 
    where
        sg1_0.guardian_id=?
Hibernate: 
    select
        s1_0.id,
        s1_0.created_at,
        s1_0.class_id,
        s1_0.date_of_birth,
        s1_0.student_code,
        s1_0.updated_at,
        s1_0.user_id 
    from
        student_guardians sg1_0 
    join
        students s1_0 
            on s1_0.id=sg1_0.student_id 
    where
        sg1_0.guardian_id=?
]]></system-out>
  </testcase>
  <testcase name="register_parent_success" classname="vn.edu.fpt.myfschool.AuthIntegrationTest" time="0.416">
    <system-out><![CDATA[2026-06-24T20:29:34.464+07:00 DEBUG 24436 --- [myfschool-backend] [           main] org.hibernate.SQL                        : 
    insert 
    into
        classes
        (academic_year, created_at, grade_level, name, school_name, updated_at, id) 
    values
        (?, ?, ?, ?, ?, ?, default)
Hibernate: 
    insert 
    into
        classes
        (academic_year, created_at, grade_level, name, school_name, updated_at, id) 
    values
        (?, ?, ?, ?, ?, ?, default)
2026-06-24T20:29:34.464+07:00 DEBUG 24436 --- [myfschool-backend] [           main] org.hibernate.SQL                        : 
    insert 
    into
        classes
        (academic_year, created_at, grade_level, name, school_name, updated_at, id) 
    values
        (?, ?, ?, ?, ?, ?, default)
Hibernate: 
    insert 
    into
        classes
        (academic_year, created_at, grade_level, name, school_name, updated_at, id) 
    values
        (?, ?, ?, ?, ?, ?, default)
2026-06-24T20:29:34.465+07:00 DEBUG 24436 --- [myfschool-backend] [           main] org.hibernate.SQL                        : 
    insert 
    into
        subjects
        (code, created_at, name, updated_at, id) 
    values
        (?, ?, ?, ?, default)
Hibernate: 
    insert 
    into
        subjects
        (code, created_at, name, updated_at, id) 
    values
        (?, ?, ?, ?, default)
2026-06-24T20:29:34.465+07:00 DEBUG 24436 --- [myfschool-backend] [           main] org.hibernate.SQL                        : 
    insert 
    into
        subjects
        (code, created_at, name, updated_at, id) 
    values
        (?, ?, ?, ?, default)
Hibernate: 
    insert 
    into
        subjects
        (code, created_at, name, updated_at, id) 
    values
        (?, ?, ?, ?, default)
2026-06-24T20:29:34.465+07:00 DEBUG 24436 --- [myfschool-backend] [           main] org.hibernate.SQL                        : 
    insert 
    into
        semesters
        (academic_year, created_at, end_date, is_current, name, start_date, updated_at, id) 
    values
        (?, ?, ?, ?, ?, ?, ?, default)
Hibernate: 
    insert 
    into
        semesters
        (academic_year, created_at, end_date, is_current, name, start_date, updated_at, id) 
    values
        (?, ?, ?, ?, ?, ?, ?, default)
2026-06-24T20:29:34.529+07:00 DEBUG 24436 --- [myfschool-backend] [           main] org.hibernate.SQL                        : 
    insert 
    into
        users
        (avatar, created_at, email, name, password, phone, role, status, updated_at, id) 
    values
        (?, ?, ?, ?, ?, ?, ?, ?, ?, default)
Hibernate: 
    insert 
    into
        users
        (avatar, created_at, email, name, password, phone, role, status, updated_at, id) 
    values
        (?, ?, ?, ?, ?, ?, ?, ?, ?, default)
2026-06-24T20:29:34.530+07:00 DEBUG 24436 --- [myfschool-backend] [           main] org.hibernate.SQL                        : 
    insert 
    into
        teachers
        (created_at, department, employee_code, updated_at, user_id, id) 
    values
        (?, ?, ?, ?, ?, default)
Hibernate: 
    insert 
    into
        teachers
        (created_at, department, employee_code, updated_at, user_id, id) 
    values
        (?, ?, ?, ?, ?, default)
2026-06-24T20:29:34.530+07:00 DEBUG 24436 --- [myfschool-backend] [           main] org.hibernate.SQL                        : 
    insert 
    into
        class_subjects
        (academic_year, class_id, created_at, is_homeroom, semester_id, subject_id, teacher_id, updated_at, id) 
    values
        (?, ?, ?, ?, ?, ?, ?, ?, default)
Hibernate: 
    insert 
    into
        class_subjects
        (academic_year, class_id, created_at, is_homeroom, semester_id, subject_id, teacher_id, updated_at, id) 
    values
        (?, ?, ?, ?, ?, ?, ?, ?, default)
2026-06-24T20:29:34.592+07:00 DEBUG 24436 --- [myfschool-backend] [           main] org.hibernate.SQL                        : 
    insert 
    into
        users
        (avatar, created_at, email, name, password, phone, role, status, updated_at, id) 
    values
        (?, ?, ?, ?, ?, ?, ?, ?, ?, default)
Hibernate: 
    insert 
    into
        users
        (avatar, created_at, email, name, password, phone, role, status, updated_at, id) 
    values
        (?, ?, ?, ?, ?, ?, ?, ?, ?, default)
2026-06-24T20:29:34.593+07:00 DEBUG 24436 --- [myfschool-backend] [           main] org.hibernate.SQL                        : 
    insert 
    into
        parents
        (address, created_at, occupation, updated_at, user_id, id) 
    values
        (?, ?, ?, ?, ?, default)
Hibernate: 
    insert 
    into
        parents
        (address, created_at, occupation, updated_at, user_id, id) 
    values
        (?, ?, ?, ?, ?, default)
2026-06-24T20:29:34.656+07:00 DEBUG 24436 --- [myfschool-backend] [           main] org.hibernate.SQL                        : 
    insert 
    into
        users
        (avatar, created_at, email, name, password, phone, role, status, updated_at, id) 
    values
        (?, ?, ?, ?, ?, ?, ?, ?, ?, default)
Hibernate: 
    insert 
    into
        users
        (avatar, created_at, email, name, password, phone, role, status, updated_at, id) 
    values
        (?, ?, ?, ?, ?, ?, ?, ?, ?, default)
2026-06-24T20:29:34.657+07:00 DEBUG 24436 --- [myfschool-backend] [           main] org.hibernate.SQL                        : 
    insert 
    into
        students
        (created_at, class_id, date_of_birth, student_code, updated_at, user_id, id) 
    values
        (?, ?, ?, ?, ?, ?, default)
Hibernate: 
    insert 
    into
        students
        (created_at, class_id, date_of_birth, student_code, updated_at, user_id, id) 
    values
        (?, ?, ?, ?, ?, ?, default)
2026-06-24T20:29:34.657+07:00 DEBUG 24436 --- [myfschool-backend] [           main] org.hibernate.SQL                        : 
    insert 
    into
        student_guardians
        (created_at, guardian_id, relationship, student_id, updated_at, id) 
    values
        (?, ?, ?, ?, ?, default)
Hibernate: 
    insert 
    into
        student_guardians
        (created_at, guardian_id, relationship, student_id, updated_at, id) 
    values
        (?, ?, ?, ?, ?, default)
2026-06-24T20:29:34.719+07:00 DEBUG 24436 --- [myfschool-backend] [           main] org.hibernate.SQL                        : 
    insert 
    into
        users
        (avatar, created_at, email, name, password, phone, role, status, updated_at, id) 
    values
        (?, ?, ?, ?, ?, ?, ?, ?, ?, default)
Hibernate: 
    insert 
    into
        users
        (avatar, created_at, email, name, password, phone, role, status, updated_at, id) 
    values
        (?, ?, ?, ?, ?, ?, ?, ?, ?, default)
2026-06-24T20:29:34.720+07:00 DEBUG 24436 --- [myfschool-backend] [           main] org.hibernate.SQL                        : 
    insert 
    into
        students
        (created_at, class_id, date_of_birth, student_code, updated_at, user_id, id) 
    values
        (?, ?, ?, ?, ?, ?, default)
Hibernate: 
    insert 
    into
        students
        (created_at, class_id, date_of_birth, student_code, updated_at, user_id, id) 
    values
        (?, ?, ?, ?, ?, ?, default)
2026-06-24T20:29:34.721+07:00 DEBUG 24436 --- [myfschool-backend] [           main] org.hibernate.SQL                        : 
    insert 
    into
        student_guardians
        (created_at, guardian_id, relationship, student_id, updated_at, id) 
    values
        (?, ?, ?, ?, ?, default)
Hibernate: 
    insert 
    into
        student_guardians
        (created_at, guardian_id, relationship, student_id, updated_at, id) 
    values
        (?, ?, ?, ?, ?, default)
2026-06-24T20:29:34.790+07:00 DEBUG 24436 --- [myfschool-backend] [           main] org.hibernate.SQL                        : 
    insert 
    into
        users
        (avatar, created_at, email, name, password, phone, role, status, updated_at, id) 
    values
        (?, ?, ?, ?, ?, ?, ?, ?, ?, default)
Hibernate: 
    insert 
    into
        users
        (avatar, created_at, email, name, password, phone, role, status, updated_at, id) 
    values
        (?, ?, ?, ?, ?, ?, ?, ?, ?, default)
2026-06-24T20:29:34.791+07:00 DEBUG 24436 --- [myfschool-backend] [           main] org.hibernate.SQL                        : 
    insert 
    into
        students
        (created_at, class_id, date_of_birth, student_code, updated_at, user_id, id) 
    values
        (?, ?, ?, ?, ?, ?, default)
Hibernate: 
    insert 
    into
        students
        (created_at, class_id, date_of_birth, student_code, updated_at, user_id, id) 
    values
        (?, ?, ?, ?, ?, ?, default)
2026-06-24T20:29:34.792+07:00 DEBUG 24436 --- [myfschool-backend] [           main] org.hibernate.SQL                        : 
    insert 
    into
        student_guardians
        (created_at, guardian_id, relationship, student_id, updated_at, id) 
    values
        (?, ?, ?, ?, ?, default)
Hibernate: 
    insert 
    into
        student_guardians
        (created_at, guardian_id, relationship, student_id, updated_at, id) 
    values
        (?, ?, ?, ?, ?, default)
2026-06-24T20:29:34.797+07:00 DEBUG 24436 --- [myfschool-backend] [           main] org.hibernate.SQL                        : 
    select
        u1_0.id 
    from
        users u1_0 
    where
        u1_0.phone=? 
    fetch
        first ? rows only
Hibernate: 
    select
        u1_0.id 
    from
        users u1_0 
    where
        u1_0.phone=? 
    fetch
        first ? rows only
2026-06-24T20:29:34.859+07:00 DEBUG 24436 --- [myfschool-backend] [           main] org.hibernate.SQL                        : 
    insert 
    into
        users
        (avatar, created_at, email, name, password, phone, role, status, updated_at, id) 
    values
        (?, ?, ?, ?, ?, ?, ?, ?, ?, default)
Hibernate: 
    insert 
    into
        users
        (avatar, created_at, email, name, password, phone, role, status, updated_at, id) 
    values
        (?, ?, ?, ?, ?, ?, ?, ?, ?, default)
2026-06-24T20:29:34.860+07:00 DEBUG 24436 --- [myfschool-backend] [           main] org.hibernate.SQL                        : 
    insert 
    into
        parents
        (address, created_at, occupation, updated_at, user_id, id) 
    values
        (?, ?, ?, ?, ?, default)
Hibernate: 
    insert 
    into
        parents
        (address, created_at, occupation, updated_at, user_id, id) 
    values
        (?, ?, ?, ?, ?, default)
2026-06-24T20:29:34.860+07:00 DEBUG 24436 --- [myfschool-backend] [           main] org.hibernate.SQL                        : 
    insert 
    into
        user_settings
        (created_at, language, notification_enabled, theme, updated_at, user_id, id) 
    values
        (?, ?, ?, ?, ?, ?, default)
Hibernate: 
    insert 
    into
        user_settings
        (created_at, language, notification_enabled, theme, updated_at, user_id, id) 
    values
        (?, ?, ?, ?, ?, ?, default)
2026-06-24T20:29:34.863+07:00 DEBUG 24436 --- [myfschool-backend] [           main] org.hibernate.SQL                        : 
    select
        us1_0.id,
        us1_0.created_at,
        us1_0.language,
        us1_0.notification_enabled,
        us1_0.theme,
        us1_0.updated_at,
        us1_0.user_id 
    from
        user_settings us1_0 
    left join
        users u1_0 
            on u1_0.id=us1_0.user_id 
    where
        u1_0.id=?
Hibernate: 
    select
        us1_0.id,
        us1_0.created_at,
        us1_0.language,
        us1_0.notification_enabled,
        us1_0.theme,
        us1_0.updated_at,
        us1_0.user_id 
    from
        user_settings us1_0 
    left join
        users u1_0 
            on u1_0.id=us1_0.user_id 
    where
        u1_0.id=?
2026-06-24T20:29:34.867+07:00 DEBUG 24436 --- [myfschool-backend] [           main] org.hibernate.SQL                        : 
    select
        p1_0.id,
        p1_0.address,
        p1_0.created_at,
        p1_0.occupation,
        p1_0.updated_at,
        p1_0.user_id 
    from
        parents p1_0 
    left join
        users u1_0 
            on u1_0.id=p1_0.user_id 
    where
        u1_0.id=?
Hibernate: 
    select
        p1_0.id,
        p1_0.address,
        p1_0.created_at,
        p1_0.occupation,
        p1_0.updated_at,
        p1_0.user_id 
    from
        parents p1_0 
    left join
        users u1_0 
            on u1_0.id=p1_0.user_id 
    where
        u1_0.id=?
2026-06-24T20:29:34.868+07:00 DEBUG 24436 --- [myfschool-backend] [           main] org.hibernate.SQL                        : 
    select
        s1_0.id,
        s1_0.created_at,
        s1_0.class_id,
        s1_0.date_of_birth,
        s1_0.student_code,
        s1_0.updated_at,
        s1_0.user_id 
    from
        student_guardians sg1_0 
    join
        students s1_0 
            on s1_0.id=sg1_0.student_id 
    where
        sg1_0.guardian_id=?
Hibernate: 
    select
        s1_0.id,
        s1_0.created_at,
        s1_0.class_id,
        s1_0.date_of_birth,
        s1_0.student_code,
        s1_0.updated_at,
        s1_0.user_id 
    from
        student_guardians sg1_0 
    join
        students s1_0 
            on s1_0.id=sg1_0.student_id 
    where
        sg1_0.guardian_id=?
]]></system-out>
  </testcase>
  <testcase name="register_student_success" classname="vn.edu.fpt.myfschool.AuthIntegrationTest" time="0.408">
    <system-out><![CDATA[2026-06-24T20:29:34.882+07:00 DEBUG 24436 --- [myfschool-backend] [           main] org.hibernate.SQL                        : 
    insert 
    into
        classes
        (academic_year, created_at, grade_level, name, school_name, updated_at, id) 
    values
        (?, ?, ?, ?, ?, ?, default)
Hibernate: 
    insert 
    into
        classes
        (academic_year, created_at, grade_level, name, school_name, updated_at, id) 
    values
        (?, ?, ?, ?, ?, ?, default)
2026-06-24T20:29:34.883+07:00 DEBUG 24436 --- [myfschool-backend] [           main] org.hibernate.SQL                        : 
    insert 
    into
        classes
        (academic_year, created_at, grade_level, name, school_name, updated_at, id) 
    values
        (?, ?, ?, ?, ?, ?, default)
Hibernate: 
    insert 
    into
        classes
        (academic_year, created_at, grade_level, name, school_name, updated_at, id) 
    values
        (?, ?, ?, ?, ?, ?, default)
2026-06-24T20:29:34.883+07:00 DEBUG 24436 --- [myfschool-backend] [           main] org.hibernate.SQL                        : 
    insert 
    into
        subjects
        (code, created_at, name, updated_at, id) 
    values
        (?, ?, ?, ?, default)
Hibernate: 
    insert 
    into
        subjects
        (code, created_at, name, updated_at, id) 
    values
        (?, ?, ?, ?, default)
2026-06-24T20:29:34.885+07:00 DEBUG 24436 --- [myfschool-backend] [           main] org.hibernate.SQL                        : 
    insert 
    into
        subjects
        (code, created_at, name, updated_at, id) 
    values
        (?, ?, ?, ?, default)
Hibernate: 
    insert 
    into
        subjects
        (code, created_at, name, updated_at, id) 
    values
        (?, ?, ?, ?, default)
2026-06-24T20:29:34.885+07:00 DEBUG 24436 --- [myfschool-backend] [           main] org.hibernate.SQL                        : 
    insert 
    into
        semesters
        (academic_year, created_at, end_date, is_current, name, start_date, updated_at, id) 
    values
        (?, ?, ?, ?, ?, ?, ?, default)
Hibernate: 
    insert 
    into
        semesters
        (academic_year, created_at, end_date, is_current, name, start_date, updated_at, id) 
    values
        (?, ?, ?, ?, ?, ?, ?, default)
2026-06-24T20:29:34.948+07:00 DEBUG 24436 --- [myfschool-backend] [           main] org.hibernate.SQL                        : 
    insert 
    into
        users
        (avatar, created_at, email, name, password, phone, role, status, updated_at, id) 
    values
        (?, ?, ?, ?, ?, ?, ?, ?, ?, default)
Hibernate: 
    insert 
    into
        users
        (avatar, created_at, email, name, password, phone, role, status, updated_at, id) 
    values
        (?, ?, ?, ?, ?, ?, ?, ?, ?, default)
2026-06-24T20:29:34.949+07:00 DEBUG 24436 --- [myfschool-backend] [           main] org.hibernate.SQL                        : 
    insert 
    into
        teachers
        (created_at, department, employee_code, updated_at, user_id, id) 
    values
        (?, ?, ?, ?, ?, default)
Hibernate: 
    insert 
    into
        teachers
        (created_at, department, employee_code, updated_at, user_id, id) 
    values
        (?, ?, ?, ?, ?, default)
2026-06-24T20:29:34.949+07:00 DEBUG 24436 --- [myfschool-backend] [           main] org.hibernate.SQL                        : 
    insert 
    into
        class_subjects
        (academic_year, class_id, created_at, is_homeroom, semester_id, subject_id, teacher_id, updated_at, id) 
    values
        (?, ?, ?, ?, ?, ?, ?, ?, default)
Hibernate: 
    insert 
    into
        class_subjects
        (academic_year, class_id, created_at, is_homeroom, semester_id, subject_id, teacher_id, updated_at, id) 
    values
        (?, ?, ?, ?, ?, ?, ?, ?, default)
2026-06-24T20:29:35.012+07:00 DEBUG 24436 --- [myfschool-backend] [           main] org.hibernate.SQL                        : 
    insert 
    into
        users
        (avatar, created_at, email, name, password, phone, role, status, updated_at, id) 
    values
        (?, ?, ?, ?, ?, ?, ?, ?, ?, default)
Hibernate: 
    insert 
    into
        users
        (avatar, created_at, email, name, password, phone, role, status, updated_at, id) 
    values
        (?, ?, ?, ?, ?, ?, ?, ?, ?, default)
2026-06-24T20:29:35.014+07:00 DEBUG 24436 --- [myfschool-backend] [           main] org.hibernate.SQL                        : 
    insert 
    into
        parents
        (address, created_at, occupation, updated_at, user_id, id) 
    values
        (?, ?, ?, ?, ?, default)
Hibernate: 
    insert 
    into
        parents
        (address, created_at, occupation, updated_at, user_id, id) 
    values
        (?, ?, ?, ?, ?, default)
2026-06-24T20:29:35.076+07:00 DEBUG 24436 --- [myfschool-backend] [           main] org.hibernate.SQL                        : 
    insert 
    into
        users
        (avatar, created_at, email, name, password, phone, role, status, updated_at, id) 
    values
        (?, ?, ?, ?, ?, ?, ?, ?, ?, default)
Hibernate: 
    insert 
    into
        users
        (avatar, created_at, email, name, password, phone, role, status, updated_at, id) 
    values
        (?, ?, ?, ?, ?, ?, ?, ?, ?, default)
2026-06-24T20:29:35.077+07:00 DEBUG 24436 --- [myfschool-backend] [           main] org.hibernate.SQL                        : 
    insert 
    into
        students
        (created_at, class_id, date_of_birth, student_code, updated_at, user_id, id) 
    values
        (?, ?, ?, ?, ?, ?, default)
Hibernate: 
    insert 
    into
        students
        (created_at, class_id, date_of_birth, student_code, updated_at, user_id, id) 
    values
        (?, ?, ?, ?, ?, ?, default)
2026-06-24T20:29:35.077+07:00 DEBUG 24436 --- [myfschool-backend] [           main] org.hibernate.SQL                        : 
    insert 
    into
        student_guardians
        (created_at, guardian_id, relationship, student_id, updated_at, id) 
    values
        (?, ?, ?, ?, ?, default)
Hibernate: 
    insert 
    into
        student_guardians
        (created_at, guardian_id, relationship, student_id, updated_at, id) 
    values
        (?, ?, ?, ?, ?, default)
2026-06-24T20:29:35.140+07:00 DEBUG 24436 --- [myfschool-backend] [           main] org.hibernate.SQL                        : 
    insert 
    into
        users
        (avatar, created_at, email, name, password, phone, role, status, updated_at, id) 
    values
        (?, ?, ?, ?, ?, ?, ?, ?, ?, default)
Hibernate: 
    insert 
    into
        users
        (avatar, created_at, email, name, password, phone, role, status, updated_at, id) 
    values
        (?, ?, ?, ?, ?, ?, ?, ?, ?, default)
2026-06-24T20:29:35.141+07:00 DEBUG 24436 --- [myfschool-backend] [           main] org.hibernate.SQL                        : 
    insert 
    into
        students
        (created_at, class_id, date_of_birth, student_code, updated_at, user_id, id) 
    values
        (?, ?, ?, ?, ?, ?, default)
Hibernate: 
    insert 
    into
        students
        (created_at, class_id, date_of_birth, student_code, updated_at, user_id, id) 
    values
        (?, ?, ?, ?, ?, ?, default)
2026-06-24T20:29:35.142+07:00 DEBUG 24436 --- [myfschool-backend] [           main] org.hibernate.SQL                        : 
    insert 
    into
        student_guardians
        (created_at, guardian_id, relationship, student_id, updated_at, id) 
    values
        (?, ?, ?, ?, ?, default)
Hibernate: 
    insert 
    into
        student_guardians
        (created_at, guardian_id, relationship, student_id, updated_at, id) 
    values
        (?, ?, ?, ?, ?, default)
2026-06-24T20:29:35.204+07:00 DEBUG 24436 --- [myfschool-backend] [           main] org.hibernate.SQL                        : 
    insert 
    into
        users
        (avatar, created_at, email, name, password, phone, role, status, updated_at, id) 
    values
        (?, ?, ?, ?, ?, ?, ?, ?, ?, default)
Hibernate: 
    insert 
    into
        users
        (avatar, created_at, email, name, password, phone, role, status, updated_at, id) 
    values
        (?, ?, ?, ?, ?, ?, ?, ?, ?, default)
2026-06-24T20:29:35.205+07:00 DEBUG 24436 --- [myfschool-backend] [           main] org.hibernate.SQL                        : 
    insert 
    into
        students
        (created_at, class_id, date_of_birth, student_code, updated_at, user_id, id) 
    values
        (?, ?, ?, ?, ?, ?, default)
Hibernate: 
    insert 
    into
        students
        (created_at, class_id, date_of_birth, student_code, updated_at, user_id, id) 
    values
        (?, ?, ?, ?, ?, ?, default)
2026-06-24T20:29:35.206+07:00 DEBUG 24436 --- [myfschool-backend] [           main] org.hibernate.SQL                        : 
    insert 
    into
        student_guardians
        (created_at, guardian_id, relationship, student_id, updated_at, id) 
    values
        (?, ?, ?, ?, ?, default)
Hibernate: 
    insert 
    into
        student_guardians
        (created_at, guardian_id, relationship, student_id, updated_at, id) 
    values
        (?, ?, ?, ?, ?, default)
2026-06-24T20:29:35.210+07:00 DEBUG 24436 --- [myfschool-backend] [           main] org.hibernate.SQL                        : 
    select
        u1_0.id 
    from
        users u1_0 
    where
        u1_0.phone=? 
    fetch
        first ? rows only
Hibernate: 
    select
        u1_0.id 
    from
        users u1_0 
    where
        u1_0.phone=? 
    fetch
        first ? rows only
2026-06-24T20:29:35.273+07:00 DEBUG 24436 --- [myfschool-backend] [           main] org.hibernate.SQL                        : 
    insert 
    into
        users
        (avatar, created_at, email, name, password, phone, role, status, updated_at, id) 
    values
        (?, ?, ?, ?, ?, ?, ?, ?, ?, default)
Hibernate: 
    insert 
    into
        users
        (avatar, created_at, email, name, password, phone, role, status, updated_at, id) 
    values
        (?, ?, ?, ?, ?, ?, ?, ?, ?, default)
2026-06-24T20:29:35.276+07:00 DEBUG 24436 --- [myfschool-backend] [           main] org.hibernate.SQL                        : 
    select
        s1_0.id 
    from
        students s1_0 
    where
        s1_0.student_code=? 
    fetch
        first ? rows only
Hibernate: 
    select
        s1_0.id 
    from
        students s1_0 
    where
        s1_0.student_code=? 
    fetch
        first ? rows only
2026-06-24T20:29:35.277+07:00 DEBUG 24436 --- [myfschool-backend] [           main] org.hibernate.SQL                        : 
    insert 
    into
        students
        (created_at, class_id, date_of_birth, student_code, updated_at, user_id, id) 
    values
        (?, ?, ?, ?, ?, ?, default)
Hibernate: 
    insert 
    into
        students
        (created_at, class_id, date_of_birth, student_code, updated_at, user_id, id) 
    values
        (?, ?, ?, ?, ?, ?, default)
2026-06-24T20:29:35.278+07:00 DEBUG 24436 --- [myfschool-backend] [           main] org.hibernate.SQL                        : 
    insert 
    into
        user_settings
        (created_at, language, notification_enabled, theme, updated_at, user_id, id) 
    values
        (?, ?, ?, ?, ?, ?, default)
Hibernate: 
    insert 
    into
        user_settings
        (created_at, language, notification_enabled, theme, updated_at, user_id, id) 
    values
        (?, ?, ?, ?, ?, ?, default)
2026-06-24T20:29:35.279+07:00 DEBUG 24436 --- [myfschool-backend] [           main] org.hibernate.SQL                        : 
    select
        us1_0.id,
        us1_0.created_at,
        us1_0.language,
        us1_0.notification_enabled,
        us1_0.theme,
        us1_0.updated_at,
        us1_0.user_id 
    from
        user_settings us1_0 
    left join
        users u1_0 
            on u1_0.id=us1_0.user_id 
    where
        u1_0.id=?
Hibernate: 
    select
        us1_0.id,
        us1_0.created_at,
        us1_0.language,
        us1_0.notification_enabled,
        us1_0.theme,
        us1_0.updated_at,
        us1_0.user_id 
    from
        user_settings us1_0 
    left join
        users u1_0 
            on u1_0.id=us1_0.user_id 
    where
        u1_0.id=?
2026-06-24T20:29:35.281+07:00 DEBUG 24436 --- [myfschool-backend] [           main] org.hibernate.SQL                        : 
    select
        s1_0.id,
        s1_0.created_at,
        s1_0.class_id,
        s1_0.date_of_birth,
        s1_0.student_code,
        s1_0.updated_at,
        s1_0.user_id 
    from
        students s1_0 
    left join
        users u1_0 
            on u1_0.id=s1_0.user_id 
    where
        u1_0.id=?
Hibernate: 
    select
        s1_0.id,
        s1_0.created_at,
        s1_0.class_id,
        s1_0.date_of_birth,
        s1_0.student_code,
        s1_0.updated_at,
        s1_0.user_id 
    from
        students s1_0 
    left join
        users u1_0 
            on u1_0.id=s1_0.user_id 
    where
        u1_0.id=?
]]></system-out>
  </testcase>
  <testcase name="change_password_success" classname="vn.edu.fpt.myfschool.AuthIntegrationTest" time="0.615">
    <system-out><![CDATA[2026-06-24T20:29:35.290+07:00 DEBUG 24436 --- [myfschool-backend] [           main] org.hibernate.SQL                        : 
    insert 
    into
        classes
        (academic_year, created_at, grade_level, name, school_name, updated_at, id) 
    values
        (?, ?, ?, ?, ?, ?, default)
Hibernate: 
    insert 
    into
        classes
        (academic_year, created_at, grade_level, name, school_name, updated_at, id) 
    values
        (?, ?, ?, ?, ?, ?, default)
2026-06-24T20:29:35.290+07:00 DEBUG 24436 --- [myfschool-backend] [           main] org.hibernate.SQL                        : 
    insert 
    into
        classes
        (academic_year, created_at, grade_level, name, school_name, updated_at, id) 
    values
        (?, ?, ?, ?, ?, ?, default)
Hibernate: 
    insert 
    into
        classes
        (academic_year, created_at, grade_level, name, school_name, updated_at, id) 
    values
        (?, ?, ?, ?, ?, ?, default)
2026-06-24T20:29:35.291+07:00 DEBUG 24436 --- [myfschool-backend] [           main] org.hibernate.SQL                        : 
    insert 
    into
        subjects
        (code, created_at, name, updated_at, id) 
    values
        (?, ?, ?, ?, default)
Hibernate: 
    insert 
    into
        subjects
        (code, created_at, name, updated_at, id) 
    values
        (?, ?, ?, ?, default)
2026-06-24T20:29:35.291+07:00 DEBUG 24436 --- [myfschool-backend] [           main] org.hibernate.SQL                        : 
    insert 
    into
        subjects
        (code, created_at, name, updated_at, id) 
    values
        (?, ?, ?, ?, default)
Hibernate: 
    insert 
    into
        subjects
        (code, created_at, name, updated_at, id) 
    values
        (?, ?, ?, ?, default)
2026-06-24T20:29:35.292+07:00 DEBUG 24436 --- [myfschool-backend] [           main] org.hibernate.SQL                        : 
    insert 
    into
        semesters
        (academic_year, created_at, end_date, is_current, name, start_date, updated_at, id) 
    values
        (?, ?, ?, ?, ?, ?, ?, default)
Hibernate: 
    insert 
    into
        semesters
        (academic_year, created_at, end_date, is_current, name, start_date, updated_at, id) 
    values
        (?, ?, ?, ?, ?, ?, ?, default)
2026-06-24T20:29:35.353+07:00 DEBUG 24436 --- [myfschool-backend] [           main] org.hibernate.SQL                        : 
    insert 
    into
        users
        (avatar, created_at, email, name, password, phone, role, status, updated_at, id) 
    values
        (?, ?, ?, ?, ?, ?, ?, ?, ?, default)
Hibernate: 
    insert 
    into
        users
        (avatar, created_at, email, name, password, phone, role, status, updated_at, id) 
    values
        (?, ?, ?, ?, ?, ?, ?, ?, ?, default)
2026-06-24T20:29:35.355+07:00 DEBUG 24436 --- [myfschool-backend] [           main] org.hibernate.SQL                        : 
    insert 
    into
        teachers
        (created_at, department, employee_code, updated_at, user_id, id) 
    values
        (?, ?, ?, ?, ?, default)
Hibernate: 
    insert 
    into
        teachers
        (created_at, department, employee_code, updated_at, user_id, id) 
    values
        (?, ?, ?, ?, ?, default)
2026-06-24T20:29:35.355+07:00 DEBUG 24436 --- [myfschool-backend] [           main] org.hibernate.SQL                        : 
    insert 
    into
        class_subjects
        (academic_year, class_id, created_at, is_homeroom, semester_id, subject_id, teacher_id, updated_at, id) 
    values
        (?, ?, ?, ?, ?, ?, ?, ?, default)
Hibernate: 
    insert 
    into
        class_subjects
        (academic_year, class_id, created_at, is_homeroom, semester_id, subject_id, teacher_id, updated_at, id) 
    values
        (?, ?, ?, ?, ?, ?, ?, ?, default)
2026-06-24T20:29:35.419+07:00 DEBUG 24436 --- [myfschool-backend] [           main] org.hibernate.SQL                        : 
    insert 
    into
        users
        (avatar, created_at, email, name, password, phone, role, status, updated_at, id) 
    values
        (?, ?, ?, ?, ?, ?, ?, ?, ?, default)
Hibernate: 
    insert 
    into
        users
        (avatar, created_at, email, name, password, phone, role, status, updated_at, id) 
    values
        (?, ?, ?, ?, ?, ?, ?, ?, ?, default)
2026-06-24T20:29:35.420+07:00 DEBUG 24436 --- [myfschool-backend] [           main] org.hibernate.SQL                        : 
    insert 
    into
        parents
        (address, created_at, occupation, updated_at, user_id, id) 
    values
        (?, ?, ?, ?, ?, default)
Hibernate: 
    insert 
    into
        parents
        (address, created_at, occupation, updated_at, user_id, id) 
    values
        (?, ?, ?, ?, ?, default)
2026-06-24T20:29:35.482+07:00 DEBUG 24436 --- [myfschool-backend] [           main] org.hibernate.SQL                        : 
    insert 
    into
        users
        (avatar, created_at, email, name, password, phone, role, status, updated_at, id) 
    values
        (?, ?, ?, ?, ?, ?, ?, ?, ?, default)
Hibernate: 
    insert 
    into
        users
        (avatar, created_at, email, name, password, phone, role, status, updated_at, id) 
    values
        (?, ?, ?, ?, ?, ?, ?, ?, ?, default)
2026-06-24T20:29:35.482+07:00 DEBUG 24436 --- [myfschool-backend] [           main] org.hibernate.SQL                        : 
    insert 
    into
        students
        (created_at, class_id, date_of_birth, student_code, updated_at, user_id, id) 
    values
        (?, ?, ?, ?, ?, ?, default)
Hibernate: 
    insert 
    into
        students
        (created_at, class_id, date_of_birth, student_code, updated_at, user_id, id) 
    values
        (?, ?, ?, ?, ?, ?, default)
2026-06-24T20:29:35.483+07:00 DEBUG 24436 --- [myfschool-backend] [           main] org.hibernate.SQL                        : 
    insert 
    into
        student_guardians
        (created_at, guardian_id, relationship, student_id, updated_at, id) 
    values
        (?, ?, ?, ?, ?, default)
Hibernate: 
    insert 
    into
        student_guardians
        (created_at, guardian_id, relationship, student_id, updated_at, id) 
    values
        (?, ?, ?, ?, ?, default)
2026-06-24T20:29:35.546+07:00 DEBUG 24436 --- [myfschool-backend] [           main] org.hibernate.SQL                        : 
    insert 
    into
        users
        (avatar, created_at, email, name, password, phone, role, status, updated_at, id) 
    values
        (?, ?, ?, ?, ?, ?, ?, ?, ?, default)
Hibernate: 
    insert 
    into
        users
        (avatar, created_at, email, name, password, phone, role, status, updated_at, id) 
    values
        (?, ?, ?, ?, ?, ?, ?, ?, ?, default)
2026-06-24T20:29:35.547+07:00 DEBUG 24436 --- [myfschool-backend] [           main] org.hibernate.SQL                        : 
    insert 
    into
        students
        (created_at, class_id, date_of_birth, student_code, updated_at, user_id, id) 
    values
        (?, ?, ?, ?, ?, ?, default)
Hibernate: 
    insert 
    into
        students
        (created_at, class_id, date_of_birth, student_code, updated_at, user_id, id) 
    values
        (?, ?, ?, ?, ?, ?, default)
2026-06-24T20:29:35.547+07:00 DEBUG 24436 --- [myfschool-backend] [           main] org.hibernate.SQL                        : 
    insert 
    into
        student_guardians
        (created_at, guardian_id, relationship, student_id, updated_at, id) 
    values
        (?, ?, ?, ?, ?, default)
Hibernate: 
    insert 
    into
        student_guardians
        (created_at, guardian_id, relationship, student_id, updated_at, id) 
    values
        (?, ?, ?, ?, ?, default)
2026-06-24T20:29:35.610+07:00 DEBUG 24436 --- [myfschool-backend] [           main] org.hibernate.SQL                        : 
    insert 
    into
        users
        (avatar, created_at, email, name, password, phone, role, status, updated_at, id) 
    values
        (?, ?, ?, ?, ?, ?, ?, ?, ?, default)
Hibernate: 
    insert 
    into
        users
        (avatar, created_at, email, name, password, phone, role, status, updated_at, id) 
    values
        (?, ?, ?, ?, ?, ?, ?, ?, ?, default)
2026-06-24T20:29:35.612+07:00 DEBUG 24436 --- [myfschool-backend] [           main] org.hibernate.SQL                        : 
    insert 
    into
        students
        (created_at, class_id, date_of_birth, student_code, updated_at, user_id, id) 
    values
        (?, ?, ?, ?, ?, ?, default)
Hibernate: 
    insert 
    into
        students
        (created_at, class_id, date_of_birth, student_code, updated_at, user_id, id) 
    values
        (?, ?, ?, ?, ?, ?, default)
2026-06-24T20:29:35.613+07:00 DEBUG 24436 --- [myfschool-backend] [           main] org.hibernate.SQL                        : 
    insert 
    into
        student_guardians
        (created_at, guardian_id, relationship, student_id, updated_at, id) 
    values
        (?, ?, ?, ?, ?, default)
Hibernate: 
    insert 
    into
        student_guardians
        (created_at, guardian_id, relationship, student_id, updated_at, id) 
    values
        (?, ?, ?, ?, ?, default)
2026-06-24T20:29:35.616+07:00 DEBUG 24436 --- [myfschool-backend] [           main] org.hibernate.SQL                        : 
    select
        u1_0.id 
    from
        users u1_0 
    where
        u1_0.phone=? 
    fetch
        first ? rows only
Hibernate: 
    select
        u1_0.id 
    from
        users u1_0 
    where
        u1_0.phone=? 
    fetch
        first ? rows only
2026-06-24T20:29:35.679+07:00 DEBUG 24436 --- [myfschool-backend] [           main] org.hibernate.SQL                        : 
    insert 
    into
        users
        (avatar, created_at, email, name, password, phone, role, status, updated_at, id) 
    values
        (?, ?, ?, ?, ?, ?, ?, ?, ?, default)
Hibernate: 
    insert 
    into
        users
        (avatar, created_at, email, name, password, phone, role, status, updated_at, id) 
    values
        (?, ?, ?, ?, ?, ?, ?, ?, ?, default)
2026-06-24T20:29:35.680+07:00 DEBUG 24436 --- [myfschool-backend] [           main] org.hibernate.SQL                        : 
    insert 
    into
        parents
        (address, created_at, occupation, updated_at, user_id, id) 
    values
        (?, ?, ?, ?, ?, default)
Hibernate: 
    insert 
    into
        parents
        (address, created_at, occupation, updated_at, user_id, id) 
    values
        (?, ?, ?, ?, ?, default)
2026-06-24T20:29:35.680+07:00 DEBUG 24436 --- [myfschool-backend] [           main] org.hibernate.SQL                        : 
    insert 
    into
        user_settings
        (created_at, language, notification_enabled, theme, updated_at, user_id, id) 
    values
        (?, ?, ?, ?, ?, ?, default)
Hibernate: 
    insert 
    into
        user_settings
        (created_at, language, notification_enabled, theme, updated_at, user_id, id) 
    values
        (?, ?, ?, ?, ?, ?, default)
2026-06-24T20:29:35.682+07:00 DEBUG 24436 --- [myfschool-backend] [           main] org.hibernate.SQL                        : 
    select
        us1_0.id,
        us1_0.created_at,
        us1_0.language,
        us1_0.notification_enabled,
        us1_0.theme,
        us1_0.updated_at,
        us1_0.user_id 
    from
        user_settings us1_0 
    left join
        users u1_0 
            on u1_0.id=us1_0.user_id 
    where
        u1_0.id=?
Hibernate: 
    select
        us1_0.id,
        us1_0.created_at,
        us1_0.language,
        us1_0.notification_enabled,
        us1_0.theme,
        us1_0.updated_at,
        us1_0.user_id 
    from
        user_settings us1_0 
    left join
        users u1_0 
            on u1_0.id=us1_0.user_id 
    where
        u1_0.id=?
2026-06-24T20:29:35.683+07:00 DEBUG 24436 --- [myfschool-backend] [           main] org.hibernate.SQL                        : 
    select
        p1_0.id,
        p1_0.address,
        p1_0.created_at,
        p1_0.occupation,
        p1_0.updated_at,
        p1_0.user_id 
    from
        parents p1_0 
    left join
        users u1_0 
            on u1_0.id=p1_0.user_id 
    where
        u1_0.id=?
Hibernate: 
    select
        p1_0.id,
        p1_0.address,
        p1_0.created_at,
        p1_0.occupation,
        p1_0.updated_at,
        p1_0.user_id 
    from
        parents p1_0 
    left join
        users u1_0 
            on u1_0.id=p1_0.user_id 
    where
        u1_0.id=?
2026-06-24T20:29:35.684+07:00 DEBUG 24436 --- [myfschool-backend] [           main] org.hibernate.SQL                        : 
    select
        s1_0.id,
        s1_0.created_at,
        s1_0.class_id,
        s1_0.date_of_birth,
        s1_0.student_code,
        s1_0.updated_at,
        s1_0.user_id 
    from
        student_guardians sg1_0 
    join
        students s1_0 
            on s1_0.id=sg1_0.student_id 
    where
        sg1_0.guardian_id=?
Hibernate: 
    select
        s1_0.id,
        s1_0.created_at,
        s1_0.class_id,
        s1_0.date_of_birth,
        s1_0.student_code,
        s1_0.updated_at,
        s1_0.user_id 
    from
        student_guardians sg1_0 
    join
        students s1_0 
            on s1_0.id=sg1_0.student_id 
    where
        sg1_0.guardian_id=?
2026-06-24T20:29:35.827+07:00 DEBUG 24436 --- [myfschool-backend] [           main] org.hibernate.SQL                        : 
    update
        users 
    set
        avatar=?,
        email=?,
        name=?,
        password=?,
        phone=?,
        role=?,
        status=?,
        updated_at=? 
    where
        id=?
Hibernate: 
    update
        users 
    set
        avatar=?,
        email=?,
        name=?,
        password=?,
        phone=?,
        role=?,
        status=?,
        updated_at=? 
    where
        id=?
2026-06-24T20:29:35.830+07:00 DEBUG 24436 --- [myfschool-backend] [           main] org.hibernate.SQL                        : 
    select
        u1_0.id,
        u1_0.avatar,
        u1_0.created_at,
        u1_0.email,
        u1_0.name,
        u1_0.password,
        u1_0.phone,
        u1_0.role,
        u1_0.status,
        u1_0.updated_at 
    from
        users u1_0 
    where
        u1_0.phone=?
Hibernate: 
    select
        u1_0.id,
        u1_0.avatar,
        u1_0.created_at,
        u1_0.email,
        u1_0.name,
        u1_0.password,
        u1_0.phone,
        u1_0.role,
        u1_0.status,
        u1_0.updated_at 
    from
        users u1_0 
    where
        u1_0.phone=?
2026-06-24T20:29:35.896+07:00 DEBUG 24436 --- [myfschool-backend] [           main] org.hibernate.SQL                        : 
    select
        us1_0.id,
        us1_0.created_at,
        us1_0.language,
        us1_0.notification_enabled,
        us1_0.theme,
        us1_0.updated_at,
        us1_0.user_id 
    from
        user_settings us1_0 
    left join
        users u1_0 
            on u1_0.id=us1_0.user_id 
    where
        u1_0.id=?
Hibernate: 
    select
        us1_0.id,
        us1_0.created_at,
        us1_0.language,
        us1_0.notification_enabled,
        us1_0.theme,
        us1_0.updated_at,
        us1_0.user_id 
    from
        user_settings us1_0 
    left join
        users u1_0 
            on u1_0.id=us1_0.user_id 
    where
        u1_0.id=?
2026-06-24T20:29:35.897+07:00 DEBUG 24436 --- [myfschool-backend] [           main] org.hibernate.SQL                        : 
    select
        p1_0.id,
        p1_0.address,
        p1_0.created_at,
        p1_0.occupation,
        p1_0.updated_at,
        p1_0.user_id 
    from
        parents p1_0 
    left join
        users u1_0 
            on u1_0.id=p1_0.user_id 
    where
        u1_0.id=?
Hibernate: 
    select
        p1_0.id,
        p1_0.address,
        p1_0.created_at,
        p1_0.occupation,
        p1_0.updated_at,
        p1_0.user_id 
    from
        parents p1_0 
    left join
        users u1_0 
            on u1_0.id=p1_0.user_id 
    where
        u1_0.id=?
2026-06-24T20:29:35.897+07:00 DEBUG 24436 --- [myfschool-backend] [           main] org.hibernate.SQL                        : 
    select
        s1_0.id,
        s1_0.created_at,
        s1_0.class_id,
        s1_0.date_of_birth,
        s1_0.student_code,
        s1_0.updated_at,
        s1_0.user_id 
    from
        student_guardians sg1_0 
    join
        students s1_0 
            on s1_0.id=sg1_0.student_id 
    where
        sg1_0.guardian_id=?
Hibernate: 
    select
        s1_0.id,
        s1_0.created_at,
        s1_0.class_id,
        s1_0.date_of_birth,
        s1_0.student_code,
        s1_0.updated_at,
        s1_0.user_id 
    from
        student_guardians sg1_0 
    join
        students s1_0 
            on s1_0.id=sg1_0.student_id 
    where
        sg1_0.guardian_id=?
]]></system-out>
  </testcase>
  <testcase name="login_nonexistent_user_fails" classname="vn.edu.fpt.myfschool.AuthIntegrationTest" time="0.345">
    <system-out><![CDATA[2026-06-24T20:29:35.907+07:00 DEBUG 24436 --- [myfschool-backend] [           main] org.hibernate.SQL                        : 
    insert 
    into
        classes
        (academic_year, created_at, grade_level, name, school_name, updated_at, id) 
    values
        (?, ?, ?, ?, ?, ?, default)
Hibernate: 
    insert 
    into
        classes
        (academic_year, created_at, grade_level, name, school_name, updated_at, id) 
    values
        (?, ?, ?, ?, ?, ?, default)
2026-06-24T20:29:35.908+07:00 DEBUG 24436 --- [myfschool-backend] [           main] org.hibernate.SQL                        : 
    insert 
    into
        classes
        (academic_year, created_at, grade_level, name, school_name, updated_at, id) 
    values
        (?, ?, ?, ?, ?, ?, default)
Hibernate: 
    insert 
    into
        classes
        (academic_year, created_at, grade_level, name, school_name, updated_at, id) 
    values
        (?, ?, ?, ?, ?, ?, default)
2026-06-24T20:29:35.908+07:00 DEBUG 24436 --- [myfschool-backend] [           main] org.hibernate.SQL                        : 
    insert 
    into
        subjects
        (code, created_at, name, updated_at, id) 
    values
        (?, ?, ?, ?, default)
Hibernate: 
    insert 
    into
        subjects
        (code, created_at, name, updated_at, id) 
    values
        (?, ?, ?, ?, default)
2026-06-24T20:29:35.908+07:00 DEBUG 24436 --- [myfschool-backend] [           main] org.hibernate.SQL                        : 
    insert 
    into
        subjects
        (code, created_at, name, updated_at, id) 
    values
        (?, ?, ?, ?, default)
Hibernate: 
    insert 
    into
        subjects
        (code, created_at, name, updated_at, id) 
    values
        (?, ?, ?, ?, default)
2026-06-24T20:29:35.909+07:00 DEBUG 24436 --- [myfschool-backend] [           main] org.hibernate.SQL                        : 
    insert 
    into
        semesters
        (academic_year, created_at, end_date, is_current, name, start_date, updated_at, id) 
    values
        (?, ?, ?, ?, ?, ?, ?, default)
Hibernate: 
    insert 
    into
        semesters
        (academic_year, created_at, end_date, is_current, name, start_date, updated_at, id) 
    values
        (?, ?, ?, ?, ?, ?, ?, default)
2026-06-24T20:29:35.977+07:00 DEBUG 24436 --- [myfschool-backend] [           main] org.hibernate.SQL                        : 
    insert 
    into
        users
        (avatar, created_at, email, name, password, phone, role, status, updated_at, id) 
    values
        (?, ?, ?, ?, ?, ?, ?, ?, ?, default)
Hibernate: 
    insert 
    into
        users
        (avatar, created_at, email, name, password, phone, role, status, updated_at, id) 
    values
        (?, ?, ?, ?, ?, ?, ?, ?, ?, default)
2026-06-24T20:29:35.978+07:00 DEBUG 24436 --- [myfschool-backend] [           main] org.hibernate.SQL                        : 
    insert 
    into
        teachers
        (created_at, department, employee_code, updated_at, user_id, id) 
    values
        (?, ?, ?, ?, ?, default)
Hibernate: 
    insert 
    into
        teachers
        (created_at, department, employee_code, updated_at, user_id, id) 
    values
        (?, ?, ?, ?, ?, default)
2026-06-24T20:29:35.978+07:00 DEBUG 24436 --- [myfschool-backend] [           main] org.hibernate.SQL                        : 
    insert 
    into
        class_subjects
        (academic_year, class_id, created_at, is_homeroom, semester_id, subject_id, teacher_id, updated_at, id) 
    values
        (?, ?, ?, ?, ?, ?, ?, ?, default)
Hibernate: 
    insert 
    into
        class_subjects
        (academic_year, class_id, created_at, is_homeroom, semester_id, subject_id, teacher_id, updated_at, id) 
    values
        (?, ?, ?, ?, ?, ?, ?, ?, default)
2026-06-24T20:29:36.041+07:00 DEBUG 24436 --- [myfschool-backend] [           main] org.hibernate.SQL                        : 
    insert 
    into
        users
        (avatar, created_at, email, name, password, phone, role, status, updated_at, id) 
    values
        (?, ?, ?, ?, ?, ?, ?, ?, ?, default)
Hibernate: 
    insert 
    into
        users
        (avatar, created_at, email, name, password, phone, role, status, updated_at, id) 
    values
        (?, ?, ?, ?, ?, ?, ?, ?, ?, default)
2026-06-24T20:29:36.042+07:00 DEBUG 24436 --- [myfschool-backend] [           main] org.hibernate.SQL                        : 
    insert 
    into
        parents
        (address, created_at, occupation, updated_at, user_id, id) 
    values
        (?, ?, ?, ?, ?, default)
Hibernate: 
    insert 
    into
        parents
        (address, created_at, occupation, updated_at, user_id, id) 
    values
        (?, ?, ?, ?, ?, default)
2026-06-24T20:29:36.107+07:00 DEBUG 24436 --- [myfschool-backend] [           main] org.hibernate.SQL                        : 
    insert 
    into
        users
        (avatar, created_at, email, name, password, phone, role, status, updated_at, id) 
    values
        (?, ?, ?, ?, ?, ?, ?, ?, ?, default)
Hibernate: 
    insert 
    into
        users
[...]
    insert 
    into
        users
        (avatar, created_at, email, name, password, phone, role, status, updated_at, id) 
    values
        (?, ?, ?, ?, ?, ?, ?, ?, ?, default)
Hibernate: 
    insert 
    into
        users
        (avatar, created_at, email, name, password, phone, role, status, updated_at, id) 
    values
        (?, ?, ?, ?, ?, ?, ?, ?, ?, default)
2026-06-24T20:29:38.063+07:00 DEBUG 24436 --- [myfschool-backend] [           main] org.hibernate.SQL                        : 
    insert 
    into
        students
        (created_at, class_id, date_of_birth, student_code, updated_at, user_id, id) 
    values
        (?, ?, ?, ?, ?, ?, default)
Hibernate: 
    insert 
    into
        students
        (created_at, class_id, date_of_birth, student_code, updated_at, user_id, id) 
    values
        (?, ?, ?, ?, ?, ?, default)
2026-06-24T20:29:38.065+07:00 DEBUG 24436 --- [myfschool-backend] [           main] org.hibernate.SQL                        : 
    insert 
    into
        student_guardians
        (created_at, guardian_id, relationship, student_id, updated_at, id) 
    values
        (?, ?, ?, ?, ?, default)
Hibernate: 
    insert 
    into
        student_guardians
        (created_at, guardian_id, relationship, student_id, updated_at, id) 
    values
        (?, ?, ?, ?, ?, default)
2026-06-24T20:29:38.126+07:00 DEBUG 24436 --- [myfschool-backend] [           main] org.hibernate.SQL                        : 
    insert 
    into
        users
        (avatar, created_at, email, name, password, phone, role, status, updated_at, id) 
    values
        (?, ?, ?, ?, ?, ?, ?, ?, ?, default)
Hibernate: 
    insert 
    into
        users
        (avatar, created_at, email, name, password, phone, role, status, updated_at, id) 
    values
        (?, ?, ?, ?, ?, ?, ?, ?, ?, default)
2026-06-24T20:29:38.127+07:00 DEBUG 24436 --- [myfschool-backend] [           main] org.hibernate.SQL                        : 
    insert 
    into
        students
        (created_at, class_id, date_of_birth, student_code, updated_at, user_id, id) 
    values
        (?, ?, ?, ?, ?, ?, default)
Hibernate: 
    insert 
    into
        students
        (created_at, class_id, date_of_birth, student_code, updated_at, user_id, id) 
    values
        (?, ?, ?, ?, ?, ?, default)
2026-06-24T20:29:38.127+07:00 DEBUG 24436 --- [myfschool-backend] [           main] org.hibernate.SQL                        : 
    insert 
    into
        student_guardians
        (created_at, guardian_id, relationship, student_id, updated_at, id) 
    values
        (?, ?, ?, ?, ?, default)
Hibernate: 
    insert 
    into
        student_guardians
        (created_at, guardian_id, relationship, student_id, updated_at, id) 
    values
        (?, ?, ?, ?, ?, default)
2026-06-24T20:29:38.132+07:00 DEBUG 24436 --- [myfschool-backend] [           main] org.hibernate.SQL                        : 
    select
        u1_0.id 
    from
        users u1_0 
    where
        u1_0.phone=? 
    fetch
        first ? rows only
Hibernate: 
    select
        u1_0.id 
    from
        users u1_0 
    where
        u1_0.phone=? 
    fetch
        first ? rows only
2026-06-24T20:29:38.194+07:00 DEBUG 24436 --- [myfschool-backend] [           main] org.hibernate.SQL                        : 
    insert 
    into
        users
        (avatar, created_at, email, name, password, phone, role, status, updated_at, id) 
    values
        (?, ?, ?, ?, ?, ?, ?, ?, ?, default)
Hibernate: 
    insert 
    into
        users
        (avatar, created_at, email, name, password, phone, role, status, updated_at, id) 
    values
        (?, ?, ?, ?, ?, ?, ?, ?, ?, default)
2026-06-24T20:29:38.196+07:00 DEBUG 24436 --- [myfschool-backend] [           main] org.hibernate.SQL                        : 
    select
        t1_0.id 
    from
        teachers t1_0 
    where
        t1_0.employee_code=? 
    fetch
        first ? rows only
Hibernate: 
    select
        t1_0.id 
    from
        teachers t1_0 
    where
        t1_0.employee_code=? 
    fetch
        first ? rows only
2026-06-24T20:29:38.197+07:00 DEBUG 24436 --- [myfschool-backend] [           main] org.hibernate.SQL                        : 
    insert 
    into
        teachers
        (created_at, department, employee_code, updated_at, user_id, id) 
    values
        (?, ?, ?, ?, ?, default)
Hibernate: 
    insert 
    into
        teachers
        (created_at, department, employee_code, updated_at, user_id, id) 
    values
        (?, ?, ?, ?, ?, default)
2026-06-24T20:29:38.197+07:00 DEBUG 24436 --- [myfschool-backend] [           main] org.hibernate.SQL                        : 
    insert 
    into
        user_settings
        (created_at, language, notification_enabled, theme, updated_at, user_id, id) 
    values
        (?, ?, ?, ?, ?, ?, default)
Hibernate: 
    insert 
    into
        user_settings
        (created_at, language, notification_enabled, theme, updated_at, user_id, id) 
    values
        (?, ?, ?, ?, ?, ?, default)
2026-06-24T20:29:38.199+07:00 DEBUG 24436 --- [myfschool-backend] [           main] org.hibernate.SQL                        : 
    select
        us1_0.id,
        us1_0.created_at,
        us1_0.language,
        us1_0.notification_enabled,
        us1_0.theme,
        us1_0.updated_at,
        us1_0.user_id 
    from
        user_settings us1_0 
    left join
        users u1_0 
            on u1_0.id=us1_0.user_id 
    where
        u1_0.id=?
Hibernate: 
    select
        us1_0.id,
        us1_0.created_at,
        us1_0.language,
        us1_0.notification_enabled,
        us1_0.theme,
        us1_0.updated_at,
        us1_0.user_id 
    from
        user_settings us1_0 
    left join
        users u1_0 
            on u1_0.id=us1_0.user_id 
    where
        u1_0.id=?
2026-06-24T20:29:38.200+07:00 DEBUG 24436 --- [myfschool-backend] [           main] org.hibernate.SQL                        : 
    select
        t1_0.id,
        t1_0.created_at,
        t1_0.department,
        t1_0.employee_code,
        t1_0.updated_at,
        t1_0.user_id 
    from
        teachers t1_0 
    left join
        users u1_0 
            on u1_0.id=t1_0.user_id 
    where
        u1_0.id=?
Hibernate: 
    select
        t1_0.id,
        t1_0.created_at,
        t1_0.department,
        t1_0.employee_code,
        t1_0.updated_at,
        t1_0.user_id 
    from
        teachers t1_0 
    left join
        users u1_0 
            on u1_0.id=t1_0.user_id 
    where
        u1_0.id=?
]]></system-out>
  </testcase>
  <testcase name="change_password_wrong_old_fails" classname="vn.edu.fpt.myfschool.AuthIntegrationTest" time="0.467">
    <system-out><![CDATA[2026-06-24T20:29:38.209+07:00 DEBUG 24436 --- [myfschool-backend] [           main] org.hibernate.SQL                        : 
    insert 
    into
        classes
        (academic_year, created_at, grade_level, name, school_name, updated_at, id) 
    values
        (?, ?, ?, ?, ?, ?, default)
Hibernate: 
    insert 
    into
        classes
        (academic_year, created_at, grade_level, name, school_name, updated_at, id) 
    values
        (?, ?, ?, ?, ?, ?, default)
2026-06-24T20:29:38.210+07:00 DEBUG 24436 --- [myfschool-backend] [           main] org.hibernate.SQL                        : 
    insert 
    into
        classes
        (academic_year, created_at, grade_level, name, school_name, updated_at, id) 
    values
        (?, ?, ?, ?, ?, ?, default)
Hibernate: 
    insert 
    into
        classes
        (academic_year, created_at, grade_level, name, school_name, updated_at, id) 
    values
        (?, ?, ?, ?, ?, ?, default)
2026-06-24T20:29:38.210+07:00 DEBUG 24436 --- [myfschool-backend] [           main] org.hibernate.SQL                        : 
    insert 
    into
        subjects
        (code, created_at, name, updated_at, id) 
    values
        (?, ?, ?, ?, default)
Hibernate: 
    insert 
    into
        subjects
        (code, created_at, name, updated_at, id) 
    values
        (?, ?, ?, ?, default)
2026-06-24T20:29:38.210+07:00 DEBUG 24436 --- [myfschool-backend] [           main] org.hibernate.SQL                        : 
    insert 
    into
        subjects
        (code, created_at, name, updated_at, id) 
    values
        (?, ?, ?, ?, default)
Hibernate: 
    insert 
    into
        subjects
        (code, created_at, name, updated_at, id) 
    values
        (?, ?, ?, ?, default)
2026-06-24T20:29:38.211+07:00 DEBUG 24436 --- [myfschool-backend] [           main] org.hibernate.SQL                        : 
    insert 
    into
        semesters
        (academic_year, created_at, end_date, is_current, name, start_date, updated_at, id) 
    values
        (?, ?, ?, ?, ?, ?, ?, default)
Hibernate: 
    insert 
    into
        semesters
        (academic_year, created_at, end_date, is_current, name, start_date, updated_at, id) 
    values
        (?, ?, ?, ?, ?, ?, ?, default)
2026-06-24T20:29:38.273+07:00 DEBUG 24436 --- [myfschool-backend] [           main] org.hibernate.SQL                        : 
    insert 
    into
        users
        (avatar, created_at, email, name, password, phone, role, status, updated_at, id) 
    values
        (?, ?, ?, ?, ?, ?, ?, ?, ?, default)
Hibernate: 
    insert 
    into
        users
        (avatar, created_at, email, name, password, phone, role, status, updated_at, id) 
    values
        (?, ?, ?, ?, ?, ?, ?, ?, ?, default)
2026-06-24T20:29:38.274+07:00 DEBUG 24436 --- [myfschool-backend] [           main] org.hibernate.SQL                        : 
    insert 
    into
        teachers
        (created_at, department, employee_code, updated_at, user_id, id) 
    values
        (?, ?, ?, ?, ?, default)
Hibernate: 
    insert 
    into
        teachers
        (created_at, department, employee_code, updated_at, user_id, id) 
    values
        (?, ?, ?, ?, ?, default)
2026-06-24T20:29:38.274+07:00 DEBUG 24436 --- [myfschool-backend] [           main] org.hibernate.SQL                        : 
    insert 
    into
        class_subjects
        (academic_year, class_id, created_at, is_homeroom, semester_id, subject_id, teacher_id, updated_at, id) 
    values
        (?, ?, ?, ?, ?, ?, ?, ?, default)
Hibernate: 
    insert 
    into
        class_subjects
        (academic_year, class_id, created_at, is_homeroom, semester_id, subject_id, teacher_id, updated_at, id) 
    values
        (?, ?, ?, ?, ?, ?, ?, ?, default)
2026-06-24T20:29:38.337+07:00 DEBUG 24436 --- [myfschool-backend] [           main] org.hibernate.SQL                        : 
    insert 
    into
        users
        (avatar, created_at, email, name, password, phone, role, status, updated_at, id) 
    values
        (?, ?, ?, ?, ?, ?, ?, ?, ?, default)
Hibernate: 
    insert 
    into
        users
        (avatar, created_at, email, name, password, phone, role, status, updated_at, id) 
    values
        (?, ?, ?, ?, ?, ?, ?, ?, ?, default)
2026-06-24T20:29:38.338+07:00 DEBUG 24436 --- [myfschool-backend] [           main] org.hibernate.SQL                        : 
    insert 
    into
        parents
        (address, created_at, occupation, updated_at, user_id, id) 
    values
        (?, ?, ?, ?, ?, default)
Hibernate: 
    insert 
    into
        parents
        (address, created_at, occupation, updated_at, user_id, id) 
    values
        (?, ?, ?, ?, ?, default)
2026-06-24T20:29:38.400+07:00 DEBUG 24436 --- [myfschool-backend] [           main] org.hibernate.SQL                        : 
    insert 
    into
        users
        (avatar, created_at, email, name, password, phone, role, status, updated_at, id) 
    values
        (?, ?, ?, ?, ?, ?, ?, ?, ?, default)
Hibernate: 
    insert 
    into
        users
        (avatar, created_at, email, name, password, phone, role, status, updated_at, id) 
    values
        (?, ?, ?, ?, ?, ?, ?, ?, ?, default)
2026-06-24T20:29:38.400+07:00 DEBUG 24436 --- [myfschool-backend] [           main] org.hibernate.SQL                        : 
    insert 
    into
        students
        (created_at, class_id, date_of_birth, student_code, updated_at, user_id, id) 
    values
        (?, ?, ?, ?, ?, ?, default)
Hibernate: 
    insert 
    into
        students
        (created_at, class_id, date_of_birth, student_code, updated_at, user_id, id) 
    values
        (?, ?, ?, ?, ?, ?, default)
2026-06-24T20:29:38.401+07:00 DEBUG 24436 --- [myfschool-backend] [           main] org.hibernate.SQL                        : 
    insert 
    into
        student_guardians
        (created_at, guardian_id, relationship, student_id, updated_at, id) 
    values
        (?, ?, ?, ?, ?, default)
Hibernate: 
    insert 
    into
        student_guardians
        (created_at, guardian_id, relationship, student_id, updated_at, id) 
    values
        (?, ?, ?, ?, ?, default)
2026-06-24T20:29:38.464+07:00 DEBUG 24436 --- [myfschool-backend] [           main] org.hibernate.SQL                        : 
    insert 
    into
        users
        (avatar, created_at, email, name, password, phone, role, status, updated_at, id) 
    values
        (?, ?, ?, ?, ?, ?, ?, ?, ?, default)
Hibernate: 
    insert 
    into
        users
        (avatar, created_at, email, name, password, phone, role, status, updated_at, id) 
    values
        (?, ?, ?, ?, ?, ?, ?, ?, ?, default)
2026-06-24T20:29:38.464+07:00 DEBUG 24436 --- [myfschool-backend] [           main] org.hibernate.SQL                        : 
    insert 
    into
        students
        (created_at, class_id, date_of_birth, student_code, updated_at, user_id, id) 
    values
        (?, ?, ?, ?, ?, ?, default)
Hibernate: 
    insert 
    into
        students
        (created_at, class_id, date_of_birth, student_code, updated_at, user_id, id) 
    values
        (?, ?, ?, ?, ?, ?, default)
2026-06-24T20:29:38.465+07:00 DEBUG 24436 --- [myfschool-backend] [           main] org.hibernate.SQL                        : 
    insert 
    into
        student_guardians
        (created_at, guardian_id, relationship, student_id, updated_at, id) 
    values
        (?, ?, ?, ?, ?, default)
Hibernate: 
    insert 
    into
        student_guardians
        (created_at, guardian_id, relationship, student_id, updated_at, id) 
    values
        (?, ?, ?, ?, ?, default)
2026-06-24T20:29:38.529+07:00 DEBUG 24436 --- [myfschool-backend] [           main] org.hibernate.SQL                        : 
    insert 
    into
        users
        (avatar, created_at, email, name, password, phone, role, status, updated_at, id) 
    values
        (?, ?, ?, ?, ?, ?, ?, ?, ?, default)
Hibernate: 
    insert 
    into
        users
        (avatar, created_at, email, name, password, phone, role, status, updated_at, id) 
    values
        (?, ?, ?, ?, ?, ?, ?, ?, ?, default)
2026-06-24T20:29:38.529+07:00 DEBUG 24436 --- [myfschool-backend] [           main] org.hibernate.SQL                        : 
    insert 
    into
        students
        (created_at, class_id, date_of_birth, student_code, updated_at, user_id, id) 
    values
        (?, ?, ?, ?, ?, ?, default)
Hibernate: 
    insert 
    into
        students
        (created_at, class_id, date_of_birth, student_code, updated_at, user_id, id) 
    values
        (?, ?, ?, ?, ?, ?, default)
2026-06-24T20:29:38.530+07:00 DEBUG 24436 --- [myfschool-backend] [           main] org.hibernate.SQL                        : 
    insert 
    into
        student_guardians
        (created_at, guardian_id, relationship, student_id, updated_at, id) 
    values
        (?, ?, ?, ?, ?, default)
Hibernate: 
    insert 
    into
        student_guardians
        (created_at, guardian_id, relationship, student_id, updated_at, id) 
    values
        (?, ?, ?, ?, ?, default)
2026-06-24T20:29:38.532+07:00 DEBUG 24436 --- [myfschool-backend] [           main] org.hibernate.SQL                        : 
    select
        u1_0.id 
    from
        users u1_0 
    where
        u1_0.phone=? 
    fetch
        first ? rows only
Hibernate: 
    select
        u1_0.id 
    from
        users u1_0 
    where
        u1_0.phone=? 
    fetch
        first ? rows only
2026-06-24T20:29:38.596+07:00 DEBUG 24436 --- [myfschool-backend] [           main] org.hibernate.SQL                        : 
    insert 
    into
        users
        (avatar, created_at, email, name, password, phone, role, status, updated_at, id) 
    values
        (?, ?, ?, ?, ?, ?, ?, ?, ?, default)
Hibernate: 
    insert 
    into
        users
        (avatar, created_at, email, name, password, phone, role, status, updated_at, id) 
    values
        (?, ?, ?, ?, ?, ?, ?, ?, ?, default)
2026-06-24T20:29:38.596+07:00 DEBUG 24436 --- [myfschool-backend] [           main] org.hibernate.SQL                        : 
    insert 
    into
        parents
        (address, created_at, occupation, updated_at, user_id, id) 
    values
        (?, ?, ?, ?, ?, default)
Hibernate: 
    insert 
    into
        parents
        (address, created_at, occupation, updated_at, user_id, id) 
    values
        (?, ?, ?, ?, ?, default)
2026-06-24T20:29:38.597+07:00 DEBUG 24436 --- [myfschool-backend] [           main] org.hibernate.SQL                        : 
    insert 
    into
        user_settings
        (created_at, language, notification_enabled, theme, updated_at, user_id, id) 
    values
        (?, ?, ?, ?, ?, ?, default)
Hibernate: 
    insert 
    into
        user_settings
        (created_at, language, notification_enabled, theme, updated_at, user_id, id) 
    values
        (?, ?, ?, ?, ?, ?, default)
2026-06-24T20:29:38.598+07:00 DEBUG 24436 --- [myfschool-backend] [           main] org.hibernate.SQL                        : 
    select
        us1_0.id,
        us1_0.created_at,
        us1_0.language,
        us1_0.notification_enabled,
        us1_0.theme,
        us1_0.updated_at,
        us1_0.user_id 
    from
        user_settings us1_0 
    left join
        users u1_0 
            on u1_0.id=us1_0.user_id 
    where
        u1_0.id=?
Hibernate: 
    select
        us1_0.id,
        us1_0.created_at,
        us1_0.language,
        us1_0.notification_enabled,
        us1_0.theme,
        us1_0.updated_at,
        us1_0.user_id 
    from
        user_settings us1_0 
    left join
        users u1_0 
            on u1_0.id=us1_0.user_id 
    where
        u1_0.id=?
2026-06-24T20:29:38.600+07:00 DEBUG 24436 --- [myfschool-backend] [           main] org.hibernate.SQL                        : 
    select
        p1_0.id,
        p1_0.address,
        p1_0.created_at,
        p1_0.occupation,
        p1_0.updated_at,
        p1_0.user_id 
    from
        parents p1_0 
    left join
        users u1_0 
            on u1_0.id=p1_0.user_id 
    where
        u1_0.id=?
Hibernate: 
    select
        p1_0.id,
        p1_0.address,
        p1_0.created_at,
        p1_0.occupation,
        p1_0.updated_at,
        p1_0.user_id 
    from
        parents p1_0 
    left join
        users u1_0 
            on u1_0.id=p1_0.user_id 
    where
        u1_0.id=?
2026-06-24T20:29:38.601+07:00 DEBUG 24436 --- [myfschool-backend] [           main] org.hibernate.SQL                        : 
    select
        s1_0.id,
        s1_0.created_at,
        s1_0.class_id,
        s1_0.date_of_birth,
        s1_0.student_code,
        s1_0.updated_at,
        s1_0.user_id 
    from
        student_guardians sg1_0 
    join
        students s1_0 
            on s1_0.id=sg1_0.student_id 
    where
        sg1_0.guardian_id=?
Hibernate: 
    select
        s1_0.id,
        s1_0.created_at,
        s1_0.class_id,
        s1_0.date_of_birth,
        s1_0.student_code,
        s1_0.updated_at,
        s1_0.user_id 
    from
        student_guardians sg1_0 
    join
        students s1_0 
            on s1_0.id=sg1_0.student_id 
    where
        sg1_0.guardian_id=?
]]></system-out>
  </testcase>
</testsuite>