<?xml version="1.0" encoding="UTF-8"?>
<testsuite xmlns:xsi="http://www.w3.org/2001/XMLSchema-instance" xsi:noNamespaceSchemaLocation="https://maven.apache.org/surefire/maven-surefire-plugin/xsd/surefire-test-report.xsd" version="3.0.2" name="vn.edu.fpt.myfschool.ConversationIntegrationTest" time="3.502" tests="8" errors="0" skipped="0" failures="0">
  <properties>
[...]
</properties>
  <testcase name="unread_count_initially_zero" classname="vn.edu.fpt.myfschool.ConversationIntegrationTest" time="0.418">
    <system-out><![CDATA[2026-06-24T20:29:38.676+07:00  INFO 24436 --- [myfschool-backend] [           main] t.c.s.AnnotationConfigContextLoaderUtils : Could not detect default configuration classes for test class [vn.edu.fpt.myfschool.ConversationIntegrationTest]: ConversationIntegrationTest does not declare any static, non-private, non-final, nested classes annotated with @Configuration.
2026-06-24T20:29:38.679+07:00  INFO 24436 --- [myfschool-backend] [           main] .b.t.c.SpringBootTestContextBootstrapper : Found @SpringBootConfiguration vn.edu.fpt.myfschool.MyfSchoolApplication for test class vn.edu.fpt.myfschool.ConversationIntegrationTest
2026-06-24T20:29:38.683+07:00 DEBUG 24436 --- [myfschool-backend] [           main] org.hibernate.SQL                        : 
    insert 
    into
        classes
        (academic_year, created_at, grade_level, name, school_name, updated_at, id) 
    values
        (?, ?, ?, ?, ?, ?, default)
Hibernate: 
    insert 
    into
        classes
        (academic_year, created_at, grade_level, name, school_name, updated_at, id) 
    values
        (?, ?, ?, ?, ?, ?, default)
2026-06-24T20:29:38.685+07:00 DEBUG 24436 --- [myfschool-backend] [           main] org.hibernate.SQL                        : 
    insert 
    into
        classes
        (academic_year, created_at, grade_level, name, school_name, updated_at, id) 
    values
        (?, ?, ?, ?, ?, ?, default)
Hibernate: 
    insert 
    into
        classes
        (academic_year, created_at, grade_level, name, school_name, updated_at, id) 
    values
        (?, ?, ?, ?, ?, ?, default)
2026-06-24T20:29:38.686+07:00 DEBUG 24436 --- [myfschool-backend] [           main] org.hibernate.SQL                        : 
    insert 
    into
        subjects
        (code, created_at, name, updated_at, id) 
    values
        (?, ?, ?, ?, default)
Hibernate: 
    insert 
    into
        subjects
        (code, created_at, name, updated_at, id) 
    values
        (?, ?, ?, ?, default)
2026-06-24T20:29:38.686+07:00 DEBUG 24436 --- [myfschool-backend] [           main] org.hibernate.SQL                        : 
    insert 
    into
        subjects
        (code, created_at, name, updated_at, id) 
    values
        (?, ?, ?, ?, default)
Hibernate: 
    insert 
    into
        subjects
        (code, created_at, name, updated_at, id) 
    values
        (?, ?, ?, ?, default)
2026-06-24T20:29:38.687+07:00 DEBUG 24436 --- [myfschool-backend] [           main] org.hibernate.SQL                        : 
    insert 
    into
        semesters
        (academic_year, created_at, end_date, is_current, name, start_date, updated_at, id) 
    values
        (?, ?, ?, ?, ?, ?, ?, default)
Hibernate: 
    insert 
    into
        semesters
        (academic_year, created_at, end_date, is_current, name, start_date, updated_at, id) 
    values
        (?, ?, ?, ?, ?, ?, ?, default)
2026-06-24T20:29:38.752+07:00 DEBUG 24436 --- [myfschool-backend] [           main] org.hibernate.SQL                        : 
    insert 
    into
        users
        (avatar, created_at, email, name, password, phone, role, status, updated_at, id) 
    values
        (?, ?, ?, ?, ?, ?, ?, ?, ?, default)
Hibernate: 
    insert 
    into
        users
        (avatar, created_at, email, name, password, phone, role, status, updated_at, id) 
    values
        (?, ?, ?, ?, ?, ?, ?, ?, ?, default)
2026-06-24T20:29:38.753+07:00 DEBUG 24436 --- [myfschool-backend] [           main] org.hibernate.SQL                        : 
    insert 
    into
        teachers
        (created_at, department, employee_code, updated_at, user_id, id) 
    values
        (?, ?, ?, ?, ?, default)
Hibernate: 
    insert 
    into
        teachers
        (created_at, department, employee_code, updated_at, user_id, id) 
    values
        (?, ?, ?, ?, ?, default)
2026-06-24T20:29:38.753+07:00 DEBUG 24436 --- [myfschool-backend] [           main] org.hibernate.SQL                        : 
    insert 
    into
        class_subjects
        (academic_year, class_id, created_at, is_homeroom, semester_id, subject_id, teacher_id, updated_at, id) 
    values
        (?, ?, ?, ?, ?, ?, ?, ?, default)
Hibernate: 
    insert 
    into
        class_subjects
        (academic_year, class_id, created_at, is_homeroom, semester_id, subject_id, teacher_id, updated_at, id) 
    values
        (?, ?, ?, ?, ?, ?, ?, ?, default)
2026-06-24T20:29:38.819+07:00 DEBUG 24436 --- [myfschool-backend] [           main] org.hibernate.SQL                        : 
    insert 
    into
        users
        (avatar, created_at, email, name, password, phone, role, status, updated_at, id) 
    values
        (?, ?, ?, ?, ?, ?, ?, ?, ?, default)
Hibernate: 
    insert 
    into
        users
        (avatar, created_at, email, name, password, phone, role, status, updated_at, id) 
    values
        (?, ?, ?, ?, ?, ?, ?, ?, ?, default)
2026-06-24T20:29:38.820+07:00 DEBUG 24436 --- [myfschool-backend] [           main] org.hibernate.SQL                        : 
    insert 
    into
        parents
        (address, created_at, occupation, updated_at, user_id, id) 
    values
        (?, ?, ?, ?, ?, default)
Hibernate: 
    insert 
    into
        parents
        (address, created_at, occupation, updated_at, user_id, id) 
    values
        (?, ?, ?, ?, ?, default)
2026-06-24T20:29:38.883+07:00 DEBUG 24436 --- [myfschool-backend] [           main] org.hibernate.SQL                        : 
    insert 
    into
        users
        (avatar, created_at, email, name, password, phone, role, status, updated_at, id) 
    values
        (?, ?, ?, ?, ?, ?, ?, ?, ?, default)
Hibernate: 
    insert 
    into
        users
        (avatar, created_at, email, name, password, phone, role, status, updated_at, id) 
    values
        (?, ?, ?, ?, ?, ?, ?, ?, ?, default)
2026-06-24T20:29:38.883+07:00 DEBUG 24436 --- [myfschool-backend] [           main] org.hibernate.SQL                        : 
    insert 
    into
        students
        (created_at, class_id, date_of_birth, student_code, updated_at, user_id, id) 
    values
        (?, ?, ?, ?, ?, ?, default)
Hibernate: 
    insert 
    into
        students
        (created_at, class_id, date_of_birth, student_code, updated_at, user_id, id) 
    values
        (?, ?, ?, ?, ?, ?, default)
2026-06-24T20:29:38.884+07:00 DEBUG 24436 --- [myfschool-backend] [           main] org.hibernate.SQL                        : 
    insert 
    into
        student_guardians
        (created_at, guardian_id, relationship, student_id, updated_at, id) 
    values
        (?, ?, ?, ?, ?, default)
Hibernate: 
    insert 
    into
        student_guardians
        (created_at, guardian_id, relationship, student_id, updated_at, id) 
    values
        (?, ?, ?, ?, ?, default)
2026-06-24T20:29:38.946+07:00 DEBUG 24436 --- [myfschool-backend] [           main] org.hibernate.SQL                        : 
    insert 
    into
        users
        (avatar, created_at, email, name, password, phone, role, status, updated_at, id) 
    values
        (?, ?, ?, ?, ?, ?, ?, ?, ?, default)
Hibernate: 
    insert 
    into
        users
        (avatar, created_at, email, name, password, phone, role, status, updated_at, id) 
    values
        (?, ?, ?, ?, ?, ?, ?, ?, ?, default)
2026-06-24T20:29:38.946+07:00 DEBUG 24436 --- [myfschool-backend] [           main] org.hibernate.SQL                        : 
    insert 
    into
        students
        (created_at, class_id, date_of_birth, student_code, updated_at, user_id, id) 
    values
        (?, ?, ?, ?, ?, ?, default)
Hibernate: 
    insert 
    into
        students
        (created_at, class_id, date_of_birth, student_code, updated_at, user_id, id) 
    values
        (?, ?, ?, ?, ?, ?, default)
2026-06-24T20:29:38.947+07:00 DEBUG 24436 --- [myfschool-backend] [           main] org.hibernate.SQL                        : 
    insert 
    into
        student_guardians
        (created_at, guardian_id, relationship, student_id, updated_at, id) 
    values
        (?, ?, ?, ?, ?, default)
Hibernate: 
    insert 
    into
        student_guardians
        (created_at, guardian_id, relationship, student_id, updated_at, id) 
    values
        (?, ?, ?, ?, ?, default)
2026-06-24T20:29:39.008+07:00 DEBUG 24436 --- [myfschool-backend] [           main] org.hibernate.SQL                        : 
    insert 
    into
        users
        (avatar, created_at, email, name, password, phone, role, status, updated_at, id) 
    values
        (?, ?, ?, ?, ?, ?, ?, ?, ?, default)
Hibernate: 
    insert 
    into
        users
        (avatar, created_at, email, name, password, phone, role, status, updated_at, id) 
    values
        (?, ?, ?, ?, ?, ?, ?, ?, ?, default)
2026-06-24T20:29:39.009+07:00 DEBUG 24436 --- [myfschool-backend] [           main] org.hibernate.SQL                        : 
    insert 
    into
        students
        (created_at, class_id, date_of_birth, student_code, updated_at, user_id, id) 
    values
        (?, ?, ?, ?, ?, ?, default)
Hibernate: 
    insert 
    into
        students
        (created_at, class_id, date_of_birth, student_code, updated_at, user_id, id) 
    values
        (?, ?, ?, ?, ?, ?, default)
2026-06-24T20:29:39.009+07:00 DEBUG 24436 --- [myfschool-backend] [           main] org.hibernate.SQL                        : 
    insert 
    into
        student_guardians
        (created_at, guardian_id, relationship, student_id, updated_at, id) 
    values
        (?, ?, ?, ?, ?, default)
Hibernate: 
    insert 
    into
        student_guardians
        (created_at, guardian_id, relationship, student_id, updated_at, id) 
    values
        (?, ?, ?, ?, ?, default)
2026-06-24T20:29:39.014+07:00 DEBUG 24436 --- [myfschool-backend] [           main] org.hibernate.SQL                        : 
    select
        u1_0.id,
        u1_0.avatar,
        u1_0.created_at,
        u1_0.email,
        u1_0.name,
        u1_0.password,
        u1_0.phone,
        u1_0.role,
        u1_0.status,
        u1_0.updated_at 
    from
        users u1_0 
    where
        u1_0.phone=?
Hibernate: 
    select
        u1_0.id,
        u1_0.avatar,
        u1_0.created_at,
        u1_0.email,
        u1_0.name,
        u1_0.password,
        u1_0.phone,
        u1_0.role,
        u1_0.status,
        u1_0.updated_at 
    from
        users u1_0 
    where
        u1_0.phone=?
2026-06-24T20:29:39.080+07:00 DEBUG 24436 --- [myfschool-backend] [           main] org.hibernate.SQL                        : 
    select
        us1_0.id,
        us1_0.created_at,
        us1_0.language,
        us1_0.notification_enabled,
        us1_0.theme,
        us1_0.updated_at,
        us1_0.user_id 
    from
        user_settings us1_0 
    left join
        users u1_0 
            on u1_0.id=us1_0.user_id 
    where
        u1_0.id=?
Hibernate: 
    select
        us1_0.id,
        us1_0.created_at,
        us1_0.language,
        us1_0.notification_enabled,
        us1_0.theme,
        us1_0.updated_at,
        us1_0.user_id 
    from
        user_settings us1_0 
    left join
        users u1_0 
            on u1_0.id=us1_0.user_id 
    where
        u1_0.id=?
2026-06-24T20:29:39.081+07:00 DEBUG 24436 --- [myfschool-backend] [           main] org.hibernate.SQL                        : 
    select
        p1_0.id,
        p1_0.address,
        p1_0.created_at,
        p1_0.occupation,
        p1_0.updated_at,
        p1_0.user_id 
    from
        parents p1_0 
    left join
        users u1_0 
            on u1_0.id=p1_0.user_id 
    where
        u1_0.id=?
Hibernate: 
    select
        p1_0.id,
        p1_0.address,
        p1_0.created_at,
        p1_0.occupation,
        p1_0.updated_at,
        p1_0.user_id 
    from
        parents p1_0 
    left join
        users u1_0 
            on u1_0.id=p1_0.user_id 
    where
        u1_0.id=?
2026-06-24T20:29:39.082+07:00 DEBUG 24436 --- [myfschool-backend] [           main] org.hibernate.SQL                        : 
    select
        s1_0.id,
        s1_0.created_at,
        s1_0.class_id,
        s1_0.date_of_birth,
        s1_0.student_code,
        s1_0.updated_at,
        s1_0.user_id 
    from
        student_guardians sg1_0 
    join
        students s1_0 
            on s1_0.id=sg1_0.student_id 
    where
        sg1_0.guardian_id=?
Hibernate: 
    select
        s1_0.id,
        s1_0.created_at,
        s1_0.class_id,
        s1_0.date_of_birth,
        s1_0.student_code,
        s1_0.updated_at,
        s1_0.user_id 
    from
        student_guardians sg1_0 
    join
        students s1_0 
            on s1_0.id=sg1_0.student_id 
    where
        sg1_0.guardian_id=?
2026-06-24T20:29:39.090+07:00 DEBUG 24436 --- [myfschool-backend] [           main] org.hibernate.SQL                        : 
    select
        cp1_0.conversation_id 
    from
        conversation_participants cp1_0 
    where
        cp1_0.user_id=?
Hibernate: 
    select
        cp1_0.conversation_id 
    from
        conversation_participants cp1_0 
    where
        cp1_0.user_id=?
]]></system-out>
  </testcase>
  <testcase name="notification_unread_count_zero" classname="vn.edu.fpt.myfschool.ConversationIntegrationTest" time="0.422">
    <system-out><![CDATA[2026-06-24T20:29:39.102+07:00 DEBUG 24436 --- [myfschool-backend] [           main] org.hibernate.SQL                        : 
    insert 
    into
        classes
        (academic_year, created_at, grade_level, name, school_name, updated_at, id) 
    values
        (?, ?, ?, ?, ?, ?, default)
Hibernate: 
    insert 
    into
        classes
        (academic_year, created_at, grade_level, name, school_name, updated_at, id) 
    values
        (?, ?, ?, ?, ?, ?, default)
2026-06-24T20:29:39.105+07:00 DEBUG 24436 --- [myfschool-backend] [           main] org.hibernate.SQL                        : 
    insert 
    into
        classes
        (academic_year, created_at, grade_level, name, school_name, updated_at, id) 
    values
        (?, ?, ?, ?, ?, ?, default)
Hibernate: 
    insert 
    into
        classes
        (academic_year, created_at, grade_level, name, school_name, updated_at, id) 
    values
        (?, ?, ?, ?, ?, ?, default)
2026-06-24T20:29:39.106+07:00 DEBUG 24436 --- [myfschool-backend] [           main] org.hibernate.SQL                        : 
    insert 
    into
        subjects
        (code, created_at, name, updated_at, id) 
    values
        (?, ?, ?, ?, default)
Hibernate: 
    insert 
    into
        subjects
        (code, created_at, name, updated_at, id) 
    values
        (?, ?, ?, ?, default)
2026-06-24T20:29:39.107+07:00 DEBUG 24436 --- [myfschool-backend] [           main] org.hibernate.SQL                        : 
    insert 
    into
        subjects
        (code, created_at, name, updated_at, id) 
    values
        (?, ?, ?, ?, default)
Hibernate: 
    insert 
    into
        subjects
        (code, created_at, name, updated_at, id) 
    values
        (?, ?, ?, ?, default)
2026-06-24T20:29:39.107+07:00 DEBUG 24436 --- [myfschool-backend] [           main] org.hibernate.SQL                        : 
    insert 
    into
        semesters
        (academic_year, created_at, end_date, is_current, name, start_date, updated_at, id) 
    values
        (?, ?, ?, ?, ?, ?, ?, default)
Hibernate: 
    insert 
    into
        semesters
        (academic_year, created_at, end_date, is_current, name, start_date, updated_at, id) 
    values
        (?, ?, ?, ?, ?, ?, ?, default)
2026-06-24T20:29:39.170+07:00 DEBUG 24436 --- [myfschool-backend] [           main] org.hibernate.SQL                        : 
    insert 
    into
        users
        (avatar, created_at, email, name, password, phone, role, status, updated_at, id) 
    values
        (?, ?, ?, ?, ?, ?, ?, ?, ?, default)
Hibernate: 
    insert 
    into
        users
        (avatar, created_at, email, name, password, phone, role, status, updated_at, id) 
    values
        (?, ?, ?, ?, ?, ?, ?, ?, ?, default)
2026-06-24T20:29:39.171+07:00 DEBUG 24436 --- [myfschool-backend] [           main] org.hibernate.SQL                        : 
    insert 
    into
        teachers
        (created_at, department, employee_code, updated_at, user_id, id) 
    values
        (?, ?, ?, ?, ?, default)
Hibernate: 
    insert 
    into
        teachers
        (created_at, department, employee_code, updated_at, user_id, id) 
    values
        (?, ?, ?, ?, ?, default)
2026-06-24T20:29:39.171+07:00 DEBUG 24436 --- [myfschool-backend] [           main] org.hibernate.SQL                        : 
    insert 
    into
        class_subjects
        (academic_year, class_id, created_at, is_homeroom, semester_id, subject_id, teacher_id, updated_at, id) 
    values
        (?, ?, ?, ?, ?, ?, ?, ?, default)
Hibernate: 
    insert 
    into
        class_subjects
        (academic_year, class_id, created_at, is_homeroom, semester_id, subject_id, teacher_id, updated_at, id) 
    values
        (?, ?, ?, ?, ?, ?, ?, ?, default)
2026-06-24T20:29:39.234+07:00 DEBUG 24436 --- [myfschool-backend] [           main] org.hibernate.SQL                        : 
    insert 
    into
        users
        (avatar, created_at, email, name, password, phone, role, status, updated_at, id) 
    values
        (?, ?, ?, ?, ?, ?, ?, ?, ?, default)
Hibernate: 
    insert 
    into
        users
        (avatar, created_at, email, name, password, phone, role, status, updated_at, id) 
    values
        (?, ?, ?, ?, ?, ?, ?, ?, ?, default)
2026-06-24T20:29:39.235+07:00 DEBUG 24436 --- [myfschool-backend] [           main] org.hibernate.SQL                        : 
    insert 
    into
        parents
        (address, created_at, occupation, updated_at, user_id, id) 
    values
        (?, ?, ?, ?, ?, default)
Hibernate: 
    insert 
    into
        parents
        (address, created_at, occupation, updated_at, user_id, id) 
    values
        (?, ?, ?, ?, ?, default)
2026-06-24T20:29:39.298+07:00 DEBUG 24436 --- [myfschool-backend] [           main] org.hibernate.SQL                        : 
    insert 
    into
        users
        (avatar, created_at, email, name, password, phone, role, status, updated_at, id) 
    values
        (?, ?, ?, ?, ?, ?, ?, ?, ?, default)
Hibernate: 
    insert 
    into
        users
        (avatar, created_at, email, name, password, phone, role, status, updated_at, id) 
    values
        (?, ?, ?, ?, ?, ?, ?, ?, ?, default)
2026-06-24T20:29:39.299+07:00 DEBUG 24436 --- [myfschool-backend] [           main] org.hibernate.SQL                        : 
    insert 
    into
        students
        (created_at, class_id, date_of_birth, student_code, updated_at, user_id, id) 
    values
        (?, ?, ?, ?, ?, ?, default)
Hibernate: 
    insert 
    into
        students
        (created_at, class_id, date_of_birth, student_code, updated_at, user_id, id) 
    values
        (?, ?, ?, ?, ?, ?, default)
2026-06-24T20:29:39.299+07:00 DEBUG 24436 --- [myfschool-backend] [           main] org.hibernate.SQL                        : 
    insert 
    into
        student_guardians
        (created_at, guardian_id, relationship, student_id, updated_at, id) 
    values
        (?, ?, ?, ?, ?, default)
Hibernate: 
    insert 
    into
        student_guardians
        (created_at, guardian_id, relationship, student_id, updated_at, id) 
    values
        (?, ?, ?, ?, ?, default)
2026-06-24T20:29:39.363+07:00 DEBUG 24436 --- [myfschool-backend] [           main] org.hibernate.SQL                        : 
    insert 
    into
        users
        (avatar, created_at, email, name, password, phone, role, status, updated_at, id) 
    values
        (?, ?, ?, ?, ?, ?, ?, ?, ?, default)
Hibernate: 
    insert 
    into
        users
        (avatar, created_at, email, name, password, phone, role, status, updated_at, id) 
    values
        (?, ?, ?, ?, ?, ?, ?, ?, ?, default)
2026-06-24T20:29:39.363+07:00 DEBUG 24436 --- [myfschool-backend] [           main] org.hibernate.SQL                        : 
    insert 
    into
        students
        (created_at, class_id, date_of_birth, student_code, updated_at, user_id, id) 
    values
        (?, ?, ?, ?, ?, ?, default)
Hibernate: 
    insert 
    into
        students
        (created_at, class_id, date_of_birth, student_code, updated_at, user_id, id) 
    values
        (?, ?, ?, ?, ?, ?, default)
2026-06-24T20:29:39.363+07:00 DEBUG 24436 --- [myfschool-backend] [           main] org.hibernate.SQL                        : 
    insert 
    into
        student_guardians
        (created_at, guardian_id, relationship, student_id, updated_at, id) 
    values
        (?, ?, ?, ?, ?, default)
Hibernate: 
    insert 
    into
        student_guardians
        (created_at, guardian_id, relationship, student_id, updated_at, id) 
    values
        (?, ?, ?, ?, ?, default)
2026-06-24T20:29:39.429+07:00 DEBUG 24436 --- [myfschool-backend] [           main] org.hibernate.SQL                        : 
    insert 
    into
        users
        (avatar, created_at, email, name, password, phone, role, status, updated_at, id) 
    values
        (?, ?, ?, ?, ?, ?, ?, ?, ?, default)
Hibernate: 
    insert 
    into
        users
        (avatar, created_at, email, name, password, phone, role, status, updated_at, id) 
    values
        (?, ?, ?, ?, ?, ?, ?, ?, ?, default)
2026-06-24T20:29:39.429+07:00 DEBUG 24436 --- [myfschool-backend] [           main] org.hibernate.SQL                        : 
    insert 
    into
        students
        (created_at, class_id, date_of_birth, student_code, updated_at, user_id, id) 
    values
        (?, ?, ?, ?, ?, ?, default)
Hibernate: 
    insert 
    into
        students
        (created_at, class_id, date_of_birth, student_code, updated_at, user_id, id) 
    values
        (?, ?, ?, ?, ?, ?, default)
2026-06-24T20:29:39.429+07:00 DEBUG 24436 --- [myfschool-backend] [           main] org.hibernate.SQL                        : 
    insert 
    into
        student_guardians
        (created_at, guardian_id, relationship, student_id, updated_at, id) 
    values
        (?, ?, ?, ?, ?, default)
Hibernate: 
    insert 
    into
        student_guardians
        (created_at, guardian_id, relationship, student_id, updated_at, id) 
    values
        (?, ?, ?, ?, ?, default)
2026-06-24T20:29:39.433+07:00 DEBUG 24436 --- [myfschool-backend] [           main] org.hibernate.SQL                        : 
    select
        u1_0.id,
        u1_0.avatar,
        u1_0.created_at,
        u1_0.email,
        u1_0.name,
        u1_0.password,
        u1_0.phone,
        u1_0.role,
        u1_0.status,
        u1_0.updated_at 
    from
        users u1_0 
    where
        u1_0.phone=?
Hibernate: 
    select
        u1_0.id,
        u1_0.avatar,
        u1_0.created_at,
        u1_0.email,
        u1_0.name,
        u1_0.password,
        u1_0.phone,
        u1_0.role,
        u1_0.status,
        u1_0.updated_at 
    from
        users u1_0 
    where
        u1_0.phone=?
2026-06-24T20:29:39.498+07:00 DEBUG 24436 --- [myfschool-backend] [           main] org.hibernate.SQL                        : 
    select
        us1_0.id,
        us1_0.created_at,
        us1_0.language,
        us1_0.notification_enabled,
        us1_0.theme,
        us1_0.updated_at,
        us1_0.user_id 
    from
        user_settings us1_0 
    left join
        users u1_0 
            on u1_0.id=us1_0.user_id 
    where
        u1_0.id=?
Hibernate: 
    select
        us1_0.id,
        us1_0.created_at,
        us1_0.language,
        us1_0.notification_enabled,
        us1_0.theme,
        us1_0.updated_at,
        us1_0.user_id 
    from
        user_settings us1_0 
    left join
        users u1_0 
            on u1_0.id=us1_0.user_id 
    where
        u1_0.id=?
2026-06-24T20:29:39.500+07:00 DEBUG 24436 --- [myfschool-backend] [           main] org.hibernate.SQL                        : 
    select
        p1_0.id,
        p1_0.address,
        p1_0.created_at,
        p1_0.occupation,
        p1_0.updated_at,
        p1_0.user_id 
    from
        parents p1_0 
    left join
        users u1_0 
            on u1_0.id=p1_0.user_id 
    where
        u1_0.id=?
Hibernate: 
    select
        p1_0.id,
        p1_0.address,
        p1_0.created_at,
        p1_0.occupation,
        p1_0.updated_at,
        p1_0.user_id 
    from
        parents p1_0 
    left join
        users u1_0 
            on u1_0.id=p1_0.user_id 
    where
        u1_0.id=?
2026-06-24T20:29:39.501+07:00 DEBUG 24436 --- [myfschool-backend] [           main] org.hibernate.SQL                        : 
    select
        s1_0.id,
        s1_0.created_at,
        s1_0.class_id,
        s1_0.date_of_birth,
        s1_0.student_code,
        s1_0.updated_at,
        s1_0.user_id 
    from
        student_guardians sg1_0 
    join
        students s1_0 
            on s1_0.id=sg1_0.student_id 
    where
        sg1_0.guardian_id=?
Hibernate: 
    select
        s1_0.id,
        s1_0.created_at,
        s1_0.class_id,
        s1_0.date_of_birth,
        s1_0.student_code,
        s1_0.updated_at,
        s1_0.user_id 
    from
        student_guardians sg1_0 
    join
        students s1_0 
            on s1_0.id=sg1_0.student_id 
    where
        sg1_0.guardian_id=?
2026-06-24T20:29:39.513+07:00 DEBUG 24436 --- [myfschool-backend] [           main] org.hibernate.SQL                        : 
    select
        count(n1_0.id) 
    from
        notifications n1_0 
    left join
        users u1_0 
            on u1_0.id=n1_0.user_id 
    where
        u1_0.id=? 
        and not(n1_0.is_read)
Hibernate: 
    select
        count(n1_0.id) 
    from
        notifications n1_0 
    left join
        users u1_0 
            on u1_0.id=n1_0.user_id 
    where
        u1_0.id=? 
        and not(n1_0.is_read)
]]></system-out>
  </testcase>
  <testcase name="mark_all_notifications_read" classname="vn.edu.fpt.myfschool.ConversationIntegrationTest" time="0.43">
    <system-out><![CDATA[2026-06-24T20:29:39.523+07:00 DEBUG 24436 --- [myfschool-backend] [           main] org.hibernate.SQL                        : 
    insert 
    into
        classes
        (academic_year, created_at, grade_level, name, school_name, updated_at, id) 
    values
        (?, ?, ?, ?, ?, ?, default)
Hibernate: 
    insert 
    into
        classes
        (academic_year, created_at, grade_level, name, school_name, updated_at, id) 
    values
        (?, ?, ?, ?, ?, ?, default)
2026-06-24T20:29:39.524+07:00 DEBUG 24436 --- [myfschool-backend] [           main] org.hibernate.SQL                        : 
    insert 
    into
        classes
        (academic_year, created_at, grade_level, name, school_name, updated_at, id) 
    values
        (?, ?, ?, ?, ?, ?, default)
Hibernate: 
    insert 
    into
        classes
        (academic_year, created_at, grade_level, name, school_name, updated_at, id) 
    values
        (?, ?, ?, ?, ?, ?, default)
2026-06-24T20:29:39.524+07:00 DEBUG 24436 --- [myfschool-backend] [           main] org.hibernate.SQL                        : 
    insert 
    into
        subjects
        (code, created_at, name, updated_at, id) 
    values
        (?, ?, ?, ?, default)
Hibernate: 
    insert 
    into
        subjects
        (code, created_at, name, updated_at, id) 
    values
        (?, ?, ?, ?, default)
2026-06-24T20:29:39.525+07:00 DEBUG 24436 --- [myfschool-backend] [           main] org.hibernate.SQL                        : 
    insert 
    into
        subjects
        (code, created_at, name, updated_at, id) 
    values
        (?, ?, ?, ?, default)
Hibernate: 
    insert 
    into
        subjects
        (code, created_at, name, updated_at, id) 
    values
        (?, ?, ?, ?, default)
2026-06-24T20:29:39.525+07:00 DEBUG 24436 --- [myfschool-backend] [           main] org.hibernate.SQL                        : 
    insert 
    into
        semesters
        (academic_year, created_at, end_date, is_current, name, start_date, updated_at, id) 
    values
        (?, ?, ?, ?, ?, ?, ?, default)
Hibernate: 
    insert 
    into
        semesters
        (academic_year, created_at, end_date, is_current, name, start_date, updated_at, id) 
    values
        (?, ?, ?, ?, ?, ?, ?, default)
2026-06-24T20:29:39.591+07:00 DEBUG 24436 --- [myfschool-backend] [           main] org.hibernate.SQL                        : 
    insert 
    into
        users
        (avatar, created_at, email, name, password, phone, role, status, updated_at, id) 
    values
        (?, ?, ?, ?, ?, ?, ?, ?, ?, default)
Hibernate: 
    insert 
    into
        users
        (avatar, created_at, email, name, password, phone, role, status, updated_at, id) 
    values
        (?, ?, ?, ?, ?, ?, ?, ?, ?, default)
2026-06-24T20:29:39.591+07:00 DEBUG 24436 --- [myfschool-backend] [           main] org.hibernate.SQL                        : 
    insert 
    into
        teachers
        (created_at, department, employee_code, updated_at, user_id, id) 
    values
        (?, ?, ?, ?, ?, default)
Hibernate: 
    insert 
    into
        teachers
        (created_at, department, employee_code, updated_at, user_id, id) 
    values
        (?, ?, ?, ?, ?, default)
2026-06-24T20:29:39.592+07:00 DEBUG 24436 --- [myfschool-backend] [           main] org.hibernate.SQL                        : 
    insert 
    into
        class_subjects
        (academic_year, class_id, created_at, is_homeroom, semester_id, subject_id, teacher_id, updated_at, id) 
    values
        (?, ?, ?, ?, ?, ?, ?, ?, default)
Hibernate: 
    insert 
    into
        class_subjects
        (academic_year, class_id, created_at, is_homeroom, semester_id, subject_id, teacher_id, updated_at, id) 
    values
        (?, ?, ?, ?, ?, ?, ?, ?, default)
2026-06-24T20:29:39.657+07:00 DEBUG 24436 --- [myfschool-backend] [           main] org.hibernate.SQL                        : 
    insert 
    into
        users
        (avatar, created_at, email, name, password, phone, role, status, updated_at, id) 
    values
        (?, ?, ?, ?, ?, ?, ?, ?, ?, default)
Hibernate: 
    insert 
    into
        users
        (avatar, created_at, email, name, password, phone, role, status, updated_at, id) 
    values
        (?, ?, ?, ?, ?, ?, ?, ?, ?, default)
2026-06-24T20:29:39.658+07:00 DEBUG 24436 --- [myfschool-backend] [           main] org.hibernate.SQL                        : 
    insert 
    into
        parents
        (address, created_at, occupation, updated_at, user_id, id) 
    values
        (?, ?, ?, ?, ?, default)
Hibernate: 
    insert 
    into
        parents
        (address, created_at, occupation, updated_at, user_id, id) 
    values
        (?, ?, ?, ?, ?, default)
2026-06-24T20:29:39.719+07:00 DEBUG 24436 --- [myfschool-backend] [           main] org.hibernate.SQL                        : 
    insert 
    into
        users
        (avatar, created_at, email, name, password, phone, role, status, updated_at, id) 
    values
        (?, ?, ?, ?, ?, ?, ?, ?, ?, default)
Hibernate: 
    insert 
    into
        users
        (avatar, created_at, email, name, password, phone, role, status, updated_at, id) 
    values
        (?, ?, ?, ?, ?, ?, ?, ?, ?, default)
2026-06-24T20:29:39.721+07:00 DEBUG 24436 --- [myfschool-backend] [           main] org.hibernate.SQL                        : 
    insert 
    into
        students
        (created_at, class_id, date_of_birth, student_code, updated_at, user_id, id) 
    values
        (?, ?, ?, ?, ?, ?, default)
Hibernate: 
    insert 
    into
        students
        (created_at, class_id, date_of_birth, student_code, updated_at, user_id, id) 
    values
        (?, ?, ?, ?, ?, ?, default)
2026-06-24T20:29:39.721+07:00 DEBUG 24436 --- [myfschool-backend] [           main] org.hibernate.SQL                        : 
    insert 
    into
        student_guardians
        (created_at, guardian_id, relationship, student_id, updated_at, id) 
    values
        (?, ?, ?, ?, ?, default)
Hibernate: 
    insert 
    into
        student_guardians
        (created_at, guardian_id, relationship, student_id, updated_at, id) 
    values
        (?, ?, ?, ?, ?, default)
2026-06-24T20:29:39.786+07:00 DEBUG 24436 --- [myfschool-backend] [           main] org.hibernate.SQL                        : 
    insert 
    into
        users
        (avatar, created_at, email, name, password, phone, role, status, updated_at, id) 
    values
        (?, ?, ?, ?, ?, ?, ?, ?, ?, default)
Hibernate: 
    insert 
    into
        users
        (avatar, created_at, email, name, password, phone, role, status, updated_at, id) 
    values
        (?, ?, ?, ?, ?, ?, ?, ?, ?, default)
2026-06-24T20:29:39.787+07:00 DEBUG 24436 --- [myfschool-backend] [           main] org.hibernate.SQL                        : 
    insert 
    into
        students
        (created_at, class_id, date_of_birth, student_code, updated_at, user_id, id) 
    values
        (?, ?, ?, ?, ?, ?, default)
Hibernate: 
    insert 
    into
        students
        (created_at, class_id, date_of_birth, student_code, updated_at, user_id, id) 
    values
        (?, ?, ?, ?, ?, ?, default)
2026-06-24T20:29:39.788+07:00 DEBUG 24436 --- [myfschool-backend] [           main] org.hibernate.SQL                        : 
    insert 
    into
        student_guardians
        (created_at, guardian_id, relationship, student_id, updated_at, id) 
    values
        (?, ?, ?, ?, ?, default)
Hibernate: 
    insert 
    into
        student_guardians
        (created_at, guardian_id, relationship, student_id, updated_at, id) 
    values
        (?, ?, ?, ?, ?, default)
2026-06-24T20:29:39.853+07:00 DEBUG 24436 --- [myfschool-backend] [           main] org.hibernate.SQL                        : 
    insert 
    into
        users
        (avatar, created_at, email, name, password, phone, role, status, updated_at, id) 
    values
        (?, ?, ?, ?, ?, ?, ?, ?, ?, default)
Hibernate: 
    insert 
    into
        users
        (avatar, created_at, email, name, password, phone, role, status, updated_at, id) 
    values
        (?, ?, ?, ?, ?, ?, ?, ?, ?, default)
2026-06-24T20:29:39.854+07:00 DEBUG 24436 --- [myfschool-backend] [           main] org.hibernate.SQL                        : 
    insert 
    into
        students
        (created_at, class_id, date_of_birth, student_code, updated_at, user_id, id) 
    values
        (?, ?, ?, ?, ?, ?, default)
Hibernate: 
    insert 
    into
        students
        (created_at, class_id, date_of_birth, student_code, updated_at, user_id, id) 
    values
        (?, ?, ?, ?, ?, ?, default)
2026-06-24T20:29:39.854+07:00 DEBUG 24436 --- [myfschool-backend] [           main] org.hibernate.SQL                        : 
    insert 
    into
        student_guardians
        (created_at, guardian_id, relationship, student_id, updated_at, id) 
    values
        (?, ?, ?, ?, ?, default)
Hibernate: 
    insert 
    into
        student_guardians
        (created_at, guardian_id, relationship, student_id, updated_at, id) 
    values
        (?, ?, ?, ?, ?, default)
2026-06-24T20:29:39.857+07:00 DEBUG 24436 --- [myfschool-backend] [           main] org.hibernate.SQL                        : 
    select
        u1_0.id,
        u1_0.avatar,
        u1_0.created_at,
        u1_0.email,
        u1_0.name,
        u1_0.password,
        u1_0.phone,
        u1_0.role,
        u1_0.status,
        u1_0.updated_at 
    from
        users u1_0 
    where
        u1_0.phone=?
Hibernate: 
    select
        u1_0.id,
        u1_0.avatar,
        u1_0.created_at,
        u1_0.email,
        u1_0.name,
        u1_0.password,
        u1_0.phone,
        u1_0.role,
        u1_0.status,
        u1_0.updated_at 
    from
        users u1_0 
    where
        u1_0.phone=?
2026-06-24T20:29:39.928+07:00 DEBUG 24436 --- [myfschool-backend] [           main] org.hibernate.SQL                        : 
    select
        us1_0.id,
        us1_0.created_at,
        us1_0.language,
        us1_0.notification_enabled,
        us1_0.theme,
        us1_0.updated_at,
        us1_0.user_id 
    from
        user_settings us1_0 
    left join
        users u1_0 
            on u1_0.id=us1_0.user_id 
    where
        u1_0.id=?
Hibernate: 
    select
        us1_0.id,
        us1_0.created_at,
        us1_0.language,
        us1_0.notification_enabled,
        us1_0.theme,
        us1_0.updated_at,
        us1_0.user_id 
    from
        user_settings us1_0 
    left join
        users u1_0 
            on u1_0.id=us1_0.user_id 
    where
        u1_0.id=?
2026-06-24T20:29:39.930+07:00 DEBUG 24436 --- [myfschool-backend] [           main] org.hibernate.SQL                        : 
    select
        p1_0.id,
        p1_0.address,
        p1_0.created_at,
        p1_0.occupation,
        p1_0.updated_at,
        p1_0.user_id 
    from
        parents p1_0 
    left join
        users u1_0 
            on u1_0.id=p1_0.user_id 
    where
        u1_0.id=?
Hibernate: 
    select
        p1_0.id,
        p1_0.address,
        p1_0.created_at,
        p1_0.occupation,
        p1_0.updated_at,
        p1_0.user_id 
    from
        parents p1_0 
    left join
        users u1_0 
            on u1_0.id=p1_0.user_id 
    where
        u1_0.id=?
2026-06-24T20:29:39.930+07:00 DEBUG 24436 --- [myfschool-backend] [           main] org.hibernate.SQL                        : 
    select
        s1_0.id,
        s1_0.created_at,
        s1_0.class_id,
        s1_0.date_of_birth,
        s1_0.student_code,
        s1_0.updated_at,
        s1_0.user_id 
    from
        student_guardians sg1_0 
    join
        students s1_0 
            on s1_0.id=sg1_0.student_id 
    where
        sg1_0.guardian_id=?
Hibernate: 
    select
        s1_0.id,
        s1_0.created_at,
        s1_0.class_id,
        s1_0.date_of_birth,
        s1_0.student_code,
        s1_0.updated_at,
        s1_0.user_id 
    from
        student_guardians sg1_0 
    join
        students s1_0 
            on s1_0.id=sg1_0.student_id 
    where
        sg1_0.guardian_id=?
2026-06-24T20:29:39.945+07:00 DEBUG 24436 --- [myfschool-backend] [           main] org.hibernate.SQL                        : 
    update
        notifications n1_0 
    set
        is_read=true 
    where
        n1_0.user_id=? 
        and n1_0.is_read=false
Hibernate: 
    update
        notifications n1_0 
    set
        is_read=true 
    where
        n1_0.user_id=? 
        and n1_0.is_read=false
]]></system-out>
  </testcase>
  <testcase name="create_announcement_teacher_only" classname="vn.edu.fpt.myfschool.ConversationIntegrationTest" time="0.459">
    <system-out><![CDATA[2026-06-24T20:29:39.954+07:00 DEBUG 24436 --- [myfschool-backend] [           main] org.hibernate.SQL                        : 
    insert 
    into
        classes
        (academic_year, created_at, grade_level, name, school_name, updated_at, id) 
    values
        (?, ?, ?, ?, ?, ?, default)
Hibernate: 
    insert 
    into
        classes
        (academic_year, created_at, grade_level, name, school_name, updated_at, id) 
    values
        (?, ?, ?, ?, ?, ?, default)
2026-06-24T20:29:39.955+07:00 DEBUG 24436 --- [myfschool-backend] [           main] org.hibernate.SQL                        : 
    insert 
    into
        classes
        (academic_year, created_at, grade_level, name, school_name, updated_at, id) 
    values
        (?, ?, ?, ?, ?, ?, default)
Hibernate: 
    insert 
    into
        classes
        (academic_year, created_at, grade_level, name, school_name, updated_at, id) 
    values
        (?, ?, ?, ?, ?, ?, default)
2026-06-24T20:29:39.956+07:00 DEBUG 24436 --- [myfschool-backend] [           main] org.hibernate.SQL                        : 
    insert 
    into
        subjects
        (code, created_at, name, updated_at, id) 
    values
        (?, ?, ?, ?, default)
Hibernate: 
    insert 
    into
        subjects
        (code, created_at, name, updated_at, id) 
    values
        (?, ?, ?, ?, default)
2026-06-24T20:29:39.956+07:00 DEBUG 24436 --- [myfschool-backend] [           main] org.hibernate.SQL                        : 
    insert 
    into
        subjects
        (code, created_at, name, updated_at, id) 
    values
        (?, ?, ?, ?, default)
Hibernate: 
    insert 
    into
        subjects
        (code, created_at, name, updated_at, id) 
    values
        (?, ?, ?, ?, default)
2026-06-24T20:29:39.956+07:00 DEBUG 24436 --- [myfschool-backend] [           main] org.hibernate.SQL                        : 
    insert 
    into
        semesters
        (academic_year, created_at, end_date, is_current, name, start_date, updated_at, id) 
    values
        (?, ?, ?, ?, ?, ?, ?, default)
Hibernate: 
    insert 
    into
        semesters
        (academic_year, created_at, end_date, is_current, name, start_date, updated_at, id) 
    values
        (?, ?, ?, ?, ?, ?, ?, default)
2026-06-24T20:29:40.021+07:00 DEBUG 24436 --- [myfschool-backend] [           main] org.hibernate.SQL                        : 
    insert 
    into
        users
        (avatar, created_at, email, name, password, phone, role, status, updated_at, id) 
    values
        (?, ?, ?, ?, ?, ?, ?, ?, ?, default)
Hibernate: 
    insert 
    into
        users
        (avatar, created_at, email, name, password, phone, role, status, updated_at, id) 
    values
        (?, ?, ?, ?, ?, ?, ?, ?, ?, default)
2026-06-24T20:29:40.023+07:00 DEBUG 24436 --- [myfschool-backend] [           main] org.hibernate.SQL                        : 
    insert 
    into
        teachers
        (created_at, department, employee_code, updated_at, user_id, id) 
    values
        (?, ?, ?, ?, ?, default)
Hibernate: 
    insert 
    into
        teachers
        (created_at, department, employee_code, updated_at, user_id, id) 
    values
        (?, ?, ?, ?, ?, default)
2026-06-24T20:29:40.023+07:00 DEBUG 24436 --- [myfschool-backend] [           main] org.hibernate.SQL                        : 
    insert 
    into
        class_subjects
        (academic_year, class_id, created_at, is_homeroom, semester_id, subject_id, teacher_id, updated_at, id) 
    values
        (?, ?, ?, ?, ?, ?, ?, ?, default)
Hibernate: 
    insert 
    into
        class_subjects
        (academic_year, class_id, created_at, is_homeroom, semester_id, subject_id, teacher_id, updated_at, id) 
    values
        (?, ?, ?, ?, ?, ?, ?, ?, default)
2026-06-24T20:29:40.092+07:00 DEBUG 24436 --- [myfschool-backend] [           main] org.hibernate.SQL                        : 
    insert 
    into
        users
        (avatar, created_at, email, name, password, phone, role, status, updated_at, id) 
    values
        (?, ?, ?, ?, ?, ?, ?, ?, ?, default)
Hibernate: 
    insert 
    into
        users
        (avatar, created_at, email, name, password, phone, role, status, updated_at, id) 
    values
        (?, ?, ?, ?, ?, ?, ?, ?, ?, default)
2026-06-24T20:29:40.092+07:00 DEBUG 24436 --- [myfschool-backend] [           main] org.hibernate.SQL                        : 
    insert 
    into
        parents
        (address, created_at, occupation, updated_at, user_id, id) 
    values
        (?, ?, ?, ?, ?, default)
Hibernate: 
    insert 
    into
        parents
        (address, created_at, occupation, updated_at, user_id, id) 
    values
        (?, ?, ?, ?, ?, default)
2026-06-24T20:29:40.168+07:00 DEBUG 24436 --- [myfschool-backend] [           main] org.hibernate.SQL                        : 
    insert 
    into
        users
        (avatar, created_at, email, name, password, phone, role, status, updated_at, id) 
    values
        (?, ?, ?, ?, ?, ?, ?, ?, ?, default)
Hibernate: 
    insert 
    into
        users
        (avatar, created_at, email, name, password, phone, role, status, updated_at, id) 
    values
        (?, ?, ?, ?, ?, ?, ?, ?, ?, default)
2026-06-24T20:29:40.168+07:00 DEBUG 24436 --- [myfschool-backend] [           main] org.hibernate.SQL                        : 
    insert 
    into
        students
        (created_at, class_id, date_of_birth, student_code, updated_at, user_id, id) 
    values
        (?, ?, ?, ?, ?, ?, default)
Hibernate: 
    insert 
    into
        students
        (created_at, class_id, date_of_birth, student_code, updated_at, user_id, id) 
    values
        (?, ?, ?, ?, ?, ?, default)
2026-06-24T20:29:40.169+07:00 DEBUG 24436 --- [myfschool-backend] [           main] org.hibernate.SQL                        : 
    insert 
    into
        student_guardians
        (created_at, guardian_id, relationship, student_id, updated_at, id) 
    values
        (?, ?, ?, ?, ?, default)
Hibernate: 
    insert 
    into
        student_guardians
        (created_at, guardian_id, relationship, student_id, updated_at, id) 
    values
        (?, ?, ?, ?, ?, default)
2026-06-24T20:29:40.239+07:00 DEBUG 24436 --- [myfschool-backend] [           main] org.hibernate.SQL                        : 
    insert 
    into
        users
        (avatar, created_at, email, name, password, phone, role, status, updated_at, id) 
    values
        (?, ?, ?, ?, ?, ?, ?, ?, ?, default)
Hibernate: 
    insert 
    into
        users
        (avatar, created_at, email, name, password, phone, role, status, updated_at, id) 
    values
        (?, ?, ?, ?, ?, ?, ?, ?, ?, default)
2026-06-24T20:29:40.242+07:00 DEBUG 24436 --- [myfschool-backend] [           main] org.hibernate.SQL                        : 
    insert 
    into
        students
        (created_at, class_id, date_of_birth, student_code, updated_at, user_id, id) 
    values
        (?, ?, ?, ?, ?, ?, default)
Hibernate: 
    insert 
    into
        students
        (created_at, class_id, date_of_birth, student_code, updated_at, user_id, id) 
    values
        (?, ?, ?, ?, ?, ?, default)
2026-06-24T20:29:40.242+07:00 DEBUG 24436 --- [myfschool-backend] [           main] org.hibernate.SQL                        : 
    insert 
    into
        student_guardians
        (created_at, guardian_id, relationship, student_id, updated_at, id) 
    values
        (?, ?, ?, ?, ?, default)
Hibernate: 
    insert 
    into
        student_guardians
        (created_at, guardian_id, relationship, student_id, updated_at, id) 
    values
        (?, ?, ?, ?, ?, default)
2026-06-24T20:29:40.308+07:00 DEBUG 24436 --- [myfschool-backend] [           main] org.hibernate.SQL                        : 
    insert 
    into
        users
        (avatar, created_at, email, name, password, phone, role, status, updated_at, id) 
    values
        (?, ?, ?, ?, ?, ?, ?, ?, ?, default)
Hibernate: 
    insert 
    into
        users
        (avatar, created_at, email, name, password, phone, role, status, updated_at, id) 
    values
        (?, ?, ?, ?, ?, ?, ?, ?, ?, default)
2026-06-24T20:29:40.309+07:00 DEBUG 24436 --- [myfschool-backend] [           main] org.hibernate.SQL                        : 
    insert 
    into
        students
        (created_at, class_id, date_of_birth, student_code, updated_at, user_id, id) 
    values
        (?, ?, ?, ?, ?, ?, default)
Hibernate: 
    insert 
    into
        students
        (created_at, class_id, date_of_birth, student_code, updated_at, user_id, id) 
    values
        (?, ?, ?, ?, ?, ?, default)
2026-06-24T20:29:40.309+07:00 DEBUG 24436 --- [myfschool-backend] [           main] org.hibernate.SQL                        : 
    insert 
    into
        student_guardians
        (created_at, guardian_id, relationship, student_id, updated_at, id) 
    values
        (?, ?, ?, ?, ?, default)
Hibernate: 
    insert 
    into
        student_guardians
        (created_at, guardian_id, relationship, student_id, updated_at, id) 
    values
        (?, ?, ?, ?, ?, default)
2026-06-24T20:29:40.312+07:00 DEBUG 24436 --- [myfschool-backend] [           main] org.hibernate.SQL                        : 
    select
        u1_0.id,
        u1_0.avatar,
        u1_0.created_at,
        u1_0.email,
        u1_0.name,
        u1_0.password,
        u1_0.phone,
        u1_0.role,
        u1_0.status,
        u1_0.updated_at 
    from
        users u1_0 
    where
        u1_0.phone=?
Hibernate: 
    select
        u1_0.id,
        u1_0.avatar,
        u1_0.created_at,
        u1_0.email,
        u1_0.name,
        u1_0.password,
        u1_0.phone,
        u1_0.role,
        u1_0.status,
        u1_0.updated_at 
    from
        users u1_0 
    where
        u1_0.phone=?
2026-06-24T20:29:40.378+07:00 DEBUG 24436 --- [myfschool-backend] [           main] org.hibernate.SQL                        : 
    select
        us1_0.id,
        us1_0.created_at,
        us1_0.language,
        us1_0.notification_enabled,
        us1_0.theme,
        us1_0.updated_at,
        us1_0.user_id 
    from
        user_settings us1_0 
    left join
        users u1_0 
            on u1_0.id=us1_0.user_id 
    where
        u1_0.id=?
Hibernate: 
    select
        us1_0.id,
        us1_0.created_at,
        us1_0.language,
        us1_0.notification_enabled,
        us1_0.theme,
        us1_0.updated_at,
        us1_0.user_id 
    from
        user_settings us1_0 
    left join
        users u1_0 
            on u1_0.id=us1_0.user_id 
    where
        u1_0.id=?
2026-06-24T20:29:40.379+07:00 DEBUG 24436 --- [myfschool-backend] [           main] org.hibernate.SQL                        : 
    select
        t1_0.id,
        t1_0.created_at,
        t1_0.department,
        t1_0.employee_code,
        t1_0.updated_at,
        t1_0.user_id 
    from
        teachers t1_0 
    left join
        users u1_0 
            on u1_0.id=t1_0.user_id 
    where
        u1_0.id=?
Hibernate: 
    select
        t1_0.id,
        t1_0.created_at,
        t1_0.department,
        t1_0.employee_code,
        t1_0.updated_at,
        t1_0.user_id 
    from
        teachers t1_0 
    left join
        users u1_0 
            on u1_0.id=t1_0.user_id 
    where
        u1_0.id=?
2026-06-24T20:29:40.394+07:00 DEBUG 24436 --- [myfschool-backend] [           main] org.hibernate.SQL                        : 
    select
        t1_0.id,
        t1_0.created_at,
        t1_0.department,
        t1_0.employee_code,
        t1_0.updated_at,
        t1_0.user_id 
    from
        teachers t1_0 
    left join
        users u1_0 
            on u1_0.id=t1_0.user_id 
    where
        u1_0.id=?
Hibernate: 
    select
        t1_0.id,
        t1_0.created_at,
        t1_0.department,
        t1_0.employee_code,
        t1_0.updated_at,
        t1_0.user_id 
    from
        teachers t1_0 
    left join
        users u1_0 
            on u1_0.id=t1_0.user_id 
    where
        u1_0.id=?
2026-06-24T20:29:40.396+07:00 DEBUG 24436 --- [myfschool-backend] [           main] org.hibernate.SQL                        : 
    insert 
    into
        announcements
        (body, created_at, requires_reply, target_role, teacher_id, title, updated_at, id) 
    values
        (?, ?, ?, ?, ?, ?, ?, default)
Hibernate: 
    insert 
    into
        announcements
        (body, created_at, requires_reply, target_role, teacher_id, title, updated_at, id) 
    values
        (?, ?, ?, ?, ?, ?, ?, default)
2026-06-24T20:29:40.397+07:00 DEBUG 24436 --- [myfschool-backend] [           main] org.hibernate.SQL                        : 
    insert 
    into
        announcement_classes
        (announcement_id, class_id, created_at, updated_at, id) 
    values
        (?, ?, ?, ?, default)
Hibernate: 
    insert 
    into
        announcement_classes
        (announcement_id, class_id, created_at, updated_at, id) 
    values
        (?, ?, ?, ?, default)
]]></system-out>
  </testcase>
  <testcase name="create_announcement_parent_forbidden" classname="vn.edu.fpt.myfschool.ConversationIntegrationTest" time="0.407">
    <system-out><![CDATA[2026-06-24T20:29:40.414+07:00 DEBUG 24436 --- [myfschool-backend] [           main] org.hibernate.SQL                        : 
    insert 
    into
        classes
        (academic_year, created_at, grade_level, name, school_name, updated_at, id) 
    values
        (?, ?, ?, ?, ?, ?, default)
Hibernate: 
    insert 
    into
        classes
        (academic_year, created_at, grade_level, name, school_name, updated_at, id) 
    values
        (?, ?, ?, ?, ?, ?, default)
2026-06-24T20:29:40.414+07:00 DEBUG 24436 --- [myfschool-backend] [           main] org.hibernate.SQL                        : 
    insert 
    into
        classes
        (academic_year, created_at, grade_level, name, school_name, updated_at, id) 
    values
        (?, ?, ?, ?, ?, ?, default)
Hibernate: 
    insert 
    into
        classes
        (academic_year, created_at, grade_level, name, school_name, updated_at, id) 
    values
        (?, ?, ?, ?, ?, ?, default)
2026-06-24T20:29:40.415+07:00 DEBUG 24436 --- [myfschool-backend] [           main] org.hibernate.SQL                        : 
    insert 
    into
        subjects
        (code, created_at, name, updated_at, id) 
    values
        (?, ?, ?, ?, default)
Hibernate: 
    insert 
    into
        subjects
        (code, created_at, name, updated_at, id) 
    values
        (?, ?, ?, ?, default)
2026-06-24T20:29:40.415+07:00 DEBUG 24436 --- [myfschool-backend] [           main] org.hibernate.SQL                        : 
    insert 
    into
        subjects
        (code, created_at, name, updated_at, id) 
    values
        (?, ?, ?, ?, default)
Hibernate: 
    insert 
    into
        subjects
        (code, created_at, name, updated_at, id) 
    values
        (?, ?, ?, ?, default)
2026-06-24T20:29:40.415+07:00 DEBUG 24436 --- [myfschool-backend] [           main] org.hibernate.SQL                        : 
    insert 
    into
        semesters
        (academic_year, created_at, end_date, is_current, name, start_date, updated_at, id) 
    values
        (?, ?, ?, ?, ?, ?, ?, default)
Hibernate: 
    insert 
    into
        semesters
        (academic_year, created_at, end_date, is_current, name, start_date, updated_at, id) 
    values
        (?, ?, ?, ?, ?, ?, ?, default)
2026-06-24T20:29:40.479+07:00 DEBUG 24436 --- [myfschool-backend] [           main] org.hibernate.SQL                        : 
    insert 
    into
        users
        (avatar, created_at, email, name, password, phone, role, status, updated_at, id) 
    values
        (?, ?, ?, ?, ?, ?, ?, ?, ?, default)
Hibernate: 
    insert 
    into
        users
        (avatar, created_at, email, name, password, phone, role, status, updated_at, id) 
    values
        (?, ?, ?, ?, ?, ?, ?, ?, ?, default)
2026-06-24T20:29:40.480+07:00 DEBUG 24436 --- [myfschool-backend] [           main] org.hibernate.SQL                        : 
    insert 
    into
        teachers
        (created_at, department, employee_code, updated_at, user_id, id) 
    values
        (?, ?, ?, ?, ?, default)
Hibernate: 
    insert 
    into
        teachers
        (created_at, department, employee_code, updated_at, user_id, id) 
    values
        (?, ?, ?, ?, ?, default)
2026-06-24T20:29:40.480+07:00 DEBUG 24436 --- [myfschool-backend] [           main] org.hibernate.SQL                        : 
    insert 
    into
        class_subjects
        (academic_year, class_id, created_at, is_homeroom, semester_id, subject_id, teacher_id, updated_at, id) 
    values
        (?, ?, ?, ?, ?, ?, ?, ?, default)
Hibernate: 
    insert 
    into
        class_subjects
        (academic_year, class_id, created_at, is_homeroom, semester_id, subject_id, teacher_id, updated_at, id) 
    values
        (?, ?, ?, ?, ?, ?, ?, ?, default)
2026-06-24T20:29:40.544+07:00 DEBUG 24436 --- [myfschool-backend] [           main] org.hibernate.SQL                        : 
    insert 
    into
        users
        (avatar, created_at, email, name, password, phone, role, status, updated_at, id) 
    values
        (?, ?, ?, ?, ?, ?, ?, ?, ?, default)
Hibernate: 
    insert 
    into
        users
        (avatar, created_at, email, name, password, phone, role, status, updated_at, id) 
    values
        (?, ?, ?, ?, ?, ?, ?, ?, ?, default)
2026-06-24T20:29:40.544+07:00 DEBUG 24436 --- [myfschool-backend] [           main] org.hibernate.SQL                        : 
    insert 
    into
        parents
        (address, created_at, occupation, updated_at, user_id, id) 
    values
        (?, ?, ?, ?, ?, default)
Hibernate: 
    insert 
    into
        parents
        (address, created_at, occupation, updated_at, user_id, id) 
    values
        (?, ?, ?, ?, ?, default)
2026-06-24T20:29:40.606+07:00 DEBUG 24436 --- [myfschool-backend] [           main] org.hibernate.SQL                        : 
    insert 
    into
        users
        (avatar, created_at, email, name, password, phone, role, status, updated_at, id) 
    values
        (?, ?, ?, ?, ?, ?, ?, ?, ?, default)
Hibernate: 
    insert 
    into
        users
        (avatar, created_at, email, name, password, phone, role, status, updated_at, id) 
    values
        (?, ?, ?, ?, ?, ?, ?, ?, ?, default)
2026-06-24T20:29:40.607+07:00 DEBUG 24436 --- [myfschool-backend] [           main] org.hibernate.SQL                        : 
    insert 
    into
        students
        (created_at, class_id, date_of_birth, student_code, updated_at, user_id, id) 
    values
        (?, ?, ?, ?, ?, ?, default)
Hibernate: 
    insert 
    into
        students
        (created_at, class_id, date_of_birth, student_code, updated_at, user_id, id) 
    values
        (?, ?, ?, ?, ?, ?, default)
2026-06-24T20:29:40.607+07:00 DEBUG 24436 --- [myfschool-backend] [           main] org.hibernate.SQL                        : 
    insert 
    into
        student_guardians
        (created_at, guardian_id, relationship, student_id, updated_at, id) 
    values
        (?, ?, ?, ?, ?, default)
Hibernate: 
    insert 
    into
        student_guardians
        (created_at, guardian_id, relationship, student_id, updated_at, id) 
    values
        (?, ?, ?, ?, ?, default)
2026-06-24T20:29:40.669+07:00 DEBUG 24436 --- [myfschool-backend] [           main] org.hibernate.SQL                        : 
    insert 
    into
        users
        (avatar, created_at, email, name, password, phone, role, status, updated_at, id) 
    values
        (?, ?, ?, ?, ?, ?, ?, ?, ?, default)
Hibernate: 
    insert 
    into
        users
        (avatar, created_at, email, name, password, phone, role, status, updated_at, id) 
    values
        (?, ?, ?, ?, ?, ?, ?, ?, ?, default)
2026-06-24T20:29:40.670+07:00 DEBUG 24436 --- [myfschool-backend] [           main] org.hibernate.SQL                        : 
    insert 
    into
        students
        (created_at, class_id, date_of_birth, student_code, updated_at, user_id, id) 
    values
        (?, ?, ?, ?, ?, ?, default)
Hibernate: 
    insert 
    into
        students
        (created_at, class_id, date_of_birth, student_code, updated_at, user_id, id) 
    values
        (?, ?, ?, ?, ?, ?, default)
2026-06-24T20:29:40.672+07:00 DEBUG 24436 --- [myfschool-backend] [           main] org.hibernate.SQL                        : 
    insert 
    into
        student_guardians
        (created_at, guardian_id, relationship, student_id, updated_at, id) 
    values
        (?, ?, ?, ?, ?, default)
Hibernate: 
    insert 
    into
        student_guardians
        (created_at, guardian_id, relationship, student_id, updated_at, id) 
    values
        (?, ?, ?, ?, ?, default)
2026-06-24T20:29:40.734+07:00 DEBUG 24436 --- [myfschool-backend] [           main] org.hibernate.SQL                        : 
    insert 
    into
        users
        (avatar, created_at, email, name, password, phone, role, status, updated_at, id) 
    values
        (?, ?, ?, ?, ?, ?, ?, ?, ?, default)
Hibernate: 
    insert 
    into
        users
        (avatar, created_at, email, name, password, phone, role, status, updated_at, id) 
    values
        (?, ?, ?, ?, ?, ?, ?, ?, ?, default)
2026-06-24T20:29:40.734+07:00 DEBUG 24436 --- [myfschool-backend] [           main] org.hibernate.SQL                        : 
    insert 
    into
        students
        (created_at, class_id, date_of_birth, student_code, updated_at, user_id, id) 
    values
        (?, ?, ?, ?, ?, ?, default)
Hibernate: 
    insert 
    into
        students
        (created_at, class_id, date_of_birth, student_code, updated_at, user_id, id) 
    values
        (?, ?, ?, ?, ?, ?, default)
2026-06-24T20:29:40.735+07:00 DEBUG 24436 --- [myfschool-backend] [           main] org.hibernate.SQL                        : 
    insert 
    into
        student_guardians
        (created_at, guardian_id, relationship, student_id, updated_at, id) 
    values
        (?, ?, ?, ?, ?, default)
Hibernate: 
    insert 
    into
        student_guardians
        (created_at, guardian_id, relationship, student_id, updated_at, id) 
    values
        (?, ?, ?, ?, ?, default)
2026-06-24T20:29:40.739+07:00 DEBUG 24436 --- [myfschool-backend] [           main] org.hibernate.SQL                        : 
    select
        u1_0.id,
        u1_0.avatar,
        u1_0.created_at,
        u1_0.email,
        u1_0.name,
        u1_0.password,
        u1_0.phone,
        u1_0.role,
        u1_0.status,
        u1_0.updated_at 
    from
        users u1_0 
    where
        u1_0.phone=?
Hibernate: 
    select
        u1_0.id,
        u1_0.avatar,
        u1_0.created_at,
        u1_0.email,
        u1_0.name,
        u1_0.password,
        u1_0.phone,
        u1_0.role,
        u1_0.status,
        u1_0.updated_at 
    from
        users u1_0 
    where
        u1_0.phone=?
2026-06-24T20:29:40.806+07:00 DEBUG 24436 --- [myfschool-backend] [           main] org.hibernate.SQL                        : 
    select
        us1_0.id,
        us1_0.created_at,
        us1_0.language,
        us1_0.notification_enabled,
        us1_0.theme,
        us1_0.updated_at,
        us1_0.user_id 
    from
        user_settings us1_0 
    left join
        users u1_0 
            on u1_0.id=us1_0.user_id 
    where
        u1_0.id=?
Hibernate: 
    select
        us1_0.id,
        us1_0.created_at,
        us1_0.language,
        us1_0.notification_enabled,
        us1_0.theme,
        us1_0.updated_at,
        us1_0.user_id 
    from
        user_settings us1_0 
    left join
        users u1_0 
            on u1_0.id=us1_0.user_id 
    where
        u1_0.id=?
2026-06-24T20:29:40.808+07:00 DEBUG 24436 --- [myfschool-backend] [           main] org.hibernate.SQL                        : 
    select
        p1_0.id,
        p1_0.address,
        p1_0.created_at,
        p1_0.occupation,
        p1_0.updated_at,
        p1_0.user_id 
    from
        parents p1_0 
    left join
        users u1_0 
            on u1_0.id=p1_0.user_id 
    where
        u1_0.id=?
Hibernate: 
    select
        p1_0.id,
        p1_0.address,
        p1_0.created_at,
        p1_0.occupation,
        p1_0.updated_at,
        p1_0.user_id 
    from
        parents p1_0 
    left join
        users u1_0 
            on u1_0.id=p1_0.user_id 
    where
        u1_0.id=?
2026-06-24T20:29:40.809+07:00 DEBUG 24436 --- [myfschool-backend] [           main] org.hibernate.SQL                        : 
    select
        s1_0.id,
        s1_0.created_at,
        s1_0.class_id,
        s1_0.date_of_birth,
        s1_0.student_code,
        s1_0.updated_at,
        s1_0.user_id 
    from
        student_guardians sg1_0 
    join
        students s1_0 
            on s1_0.id=sg1_0.student_id 
    where
        sg1_0.guardian_id=?
Hibernate: 
    select
        s1_0.id,
        s1_0.created_at,
        s1_0.class_id,
        s1_0.date_of_birth,
        s1_0.student_code,
        s1_0.updated_at,
        s1_0.user_id 
    from
        student_guardians sg1_0 
    join
        students s1_0 
            on s1_0.id=sg1_0.student_id 
    where
        sg1_0.guardian_id=?
]]></system-out>
  </testcase>
  <testcase name="list_notifications_empty" classname="vn.edu.fpt.myfschool.ConversationIntegrationTest" time="0.417">
    <system-out><![CDATA[2026-06-24T20:29:40.821+07:00 DEBUG 24436 --- [myfschool-backend] [           main] org.hibernate.SQL                        : 
    insert 
    into
        classes
        (academic_year, created_at, grade_level, name, school_name, updated_at, id) 
    values
        (?, ?, ?, ?, ?, ?, default)
Hibernate: 
    insert 
    into
        classes
        (academic_year, created_at, grade_level, name, school_name, updated_at, id) 
    values
        (?, ?, ?, ?, ?, ?, default)
2026-06-24T20:29:40.822+07:00 DEBUG 24436 --- [myfschool-backend] [           main] org.hibernate.SQL                        : 
    insert 
    into
        classes
        (academic_year, created_at, grade_level, name, school_name, updated_at, id) 
    values
        (?, ?, ?, ?, ?, ?, default)
Hibernate: 
    insert 
    into
        classes
        (academic_year, created_at, grade_level, name, school_name, updated_at, id) 
    values
        (?, ?, ?, ?, ?, ?, default)
2026-06-24T20:29:40.823+07:00 DEBUG 24436 --- [myfschool-backend] [           main] org.hibernate.SQL                        : 
    insert 
    into
        subjects
        (code, created_at, name, updated_at, id) 
    values
        (?, ?, ?, ?, default)
Hibernate: 
    insert 
    into
        subjects
        (code, created_at, name, updated_at, id) 
    values
        (?, ?, ?, ?, default)
2026-06-24T20:29:40.823+07:00 DEBUG 24436 --- [myfschool-backend] [           main] org.hibernate.SQL                        : 
    insert 
    into
        subjects
        (code, created_at, name, updated_at, id) 
    values
        (?, ?, ?, ?, default)
Hibernate: 
    insert 
    into
        subjects
        (code, created_at, name, updated_at, id) 
    values
        (?, ?, ?, ?, default)
2026-06-24T20:29:40.824+07:00 DEBUG 24436 --- [myfschool-backend] [           main] org.hibernate.SQL                        : 
    insert 
    into
        semesters
        (academic_year, created_at, end_date, is_current, name, start_date, updated_at, id) 
    values
        (?, ?, ?, ?, ?, ?, ?, default)
Hibernate: 
    insert 
    into
        semesters
        (academic_year, created_at, end_date, is_current, name, start_date, updated_at, id) 
    values
        (?, ?, ?, ?, ?, ?, ?, default)
2026-06-24T20:29:40.886+07:00 DEBUG 24436 --- [myfschool-backend] [           main] org.hibernate.SQL                        : 
    insert 
    into
        users
        (avatar, created_at, email, name, password, phone, role, status, updated_at, id) 
    values
        (?, ?, ?, ?, ?, ?, ?, ?, ?, default)
Hibernate: 
    insert 
    into
        users
        (avatar, created_at, email, name, password, phone, role, status, updated_at, id) 
    values
        (?, ?, ?, ?, ?, ?, ?, ?, ?, default)
2026-06-24T20:29:40.887+07:00 DEBUG 24436 --- [myfschool-backend] [           main] org.hibernate.SQL                        : 
    insert 
    into
        teachers
        (created_at, department, employee_code, updated_at, user_id, id) 
    values
        (?, ?, ?, ?, ?, default)
Hibernate: 
    insert 
    into
        teachers
        (created_at, department, employee_code, updated_at, user_id, id) 
    values
        (?, ?, ?, ?, ?, default)
2026-06-24T20:29:40.887+07:00 DEBUG 24436 --- [myfschool-backend] [           main] org.hibernate.SQL                        : 
    insert 
    into
        class_subjects
        (academic_year, class_id, created_at, is_homeroom, semester_id, subject_id, teacher_id, updated_at, id) 
    values
        (?, ?, ?, ?, ?, ?, ?, ?, default)
Hibernate: 
    insert 
    into
        class_subjects
        (academic_year, class_id, created_at, is_homeroom, semester_id, subject_id, teacher_id, updated_at, id) 
    values
        (?, ?, ?, ?, ?, ?, ?, ?, default)
2026-06-24T20:29:40.951+07:00 DEBUG 24436 --- [myfschool-backend] [           main] org.hibernate.SQL                        : 
    insert 
    into
        users
        (avatar, created_at, email, name, password, phone, role, status, updated_at, id) 
    values
        (?, ?, ?, ?, ?, ?, ?, ?, ?, default)
Hibernate: 
    insert 
    into
        users
        (avatar, created_at, email, name, password, phone, role, status, updated_at, id) 
    values
        (?, ?, ?, ?, ?, ?, ?, ?, ?, default)
2026-06-24T20:29:40.952+07:00 DEBUG 24436 --- [myfschool-backend] [           main] org.hibernate.SQL                        : 
    insert 
    into
        parents
        (address, created_at, occupation, updated_at, user_id, id) 
    values
        (?, ?, ?, ?, ?, default)
Hibernate: 
    insert 
    into
        parents
        (address, created_at, occupation, updated_at, user_id, id) 
    values
        (?, ?, ?, ?, ?, default)
2026-06-24T20:29:41.022+07:00 DEBUG 24436 --- [myfschool-backend] [           main] org.hibernate.SQL                        : 
    insert 
    into
        users
        (avatar, created_at, email, name, password, phone, role, status, updated_at, id) 
    values
        (?, ?, ?, ?, ?, ?, ?, ?, ?, default)
Hibernate: 
    insert 
    into
        users
        (avatar, created_at, email, name, password, phone, role, status, updated_at, id) 
    values
        (?, ?, ?, ?, ?, ?, ?, ?, ?, default)
2026-06-24T20:29:41.023+07:00 DEBUG 24436 --- [myfschool-backend] [           main] org.hibernate.SQL                        : 
    insert 
    into
        students
        (created_at, class_id, date_of_birth, student_code, updated_at, user_id, id) 
    values
        (?, ?, ?, ?, ?, ?, default)
Hibernate: 
    insert 
    into
        students
        (created_at, class_id, date_of_birth, student_code, updated_at, user_id, id) 
    values
        (?, ?, ?, ?, ?, ?, default)
2026-06-24T20:29:41.023+07:00 DEBUG 24436 --- [myfschool-backend] [           main] org.hibernate.SQL                        : 
    insert 
    into
        student_guardians
        (created_at, guardian_id, relationship, student_id, updated_at, id) 
    values
        (?, ?, ?, ?, ?, default)
Hibernate: 
    insert 
    into
        student_guardians
        (created_at, guardian_id, relationship, student_id, updated_at, id) 
    values
        (?, ?, ?, ?, ?, default)
2026-06-24T20:29:41.088+07:00 DEBUG 24436 --- [myfschool-backend] [           main] org.hibernate.SQL                        : 
    insert 
    into
        users
        (avatar, created_at, email, name, password, phone, role, status, updated_at, id) 
    values
        (?, ?, ?, ?, ?, ?, ?, ?, ?, default)
Hibernate: 
    insert 
    into
        users
        (avatar, created_at, email, name, password, phone, role, status, updated_at, id) 
    values
        (?, ?, ?, ?, ?, ?, ?, ?, ?, default)
2026-06-24T20:29:41.088+07:00 DEBUG 24436 --- [myfschool-backend] [           main] org.hibernate.SQL                        : 
    insert 
    into
        students
        (created_at, class_id, date_of_birth, student_code, updated_at, user_id, id) 
    values
        (?, ?, ?, ?, ?, ?, default)
Hibernate: 
    insert 
    into
        students
        (created_at, class_id, date_of_birth, student_code, updated_at, user_id, id) 
    values
        (?, ?, ?, ?, ?, ?, default)
2026-06-24T20:29:41.089+07:00 DEBUG 24436 --- [myfschool-backend] [           main] org.hibernate.SQL                        : 
    insert 
    into
        student_guardians
        (created_at, guardian_id, relationship, student_id, updated_at, id) 
    values
        (?, ?, ?, ?, ?, default)
Hibernate: 
    insert 
    into
        student_guardians
        (created_at, guardian_id, relationship, student_id, updated_at, id) 
    values
        (?, ?, ?, ?, ?, default)
2026-06-24T20:29:41.151+07:00 DEBUG 24436 --- [myfschool-backend] [           main] org.hibernate.SQL                        : 
    insert 
    into
        users
        (avatar, created_at, email, name, password, phone, role, status, updated_at, id) 
    values
        (?, ?, ?, ?, ?, ?, ?, ?, ?, default)
Hibernate: 
    insert 
    into
        users
        (avatar, created_at, email, name, password, phone, role, status, updated_at, id) 
    values
        (?, ?, ?, ?, ?, ?, ?, ?, ?, default)
2026-06-24T20:29:41.152+07:00 DEBUG 24436 --- [myfschool-backend] [           main] org.hibernate.SQL                        : 
    insert 
    into
        students
        (created_at, class_id, date_of_birth, student_code, updated_at, user_id, id) 
    values
        (?, ?, ?, ?, ?, ?, default)
Hibernate: 
    insert 
    into
        students
        (created_at, class_id, date_of_birth, student_code, updated_at, user_id, id) 
    values
        (?, ?, ?, ?, ?, ?, default)
2026-06-24T20:29:41.152+07:00 DEBUG 24436 --- [myfschool-backend] [           main] org.hibernate.SQL                        : 
    insert 
    into
        student_guardians
        (created_at, guardian_id, relationship, student_id, updated_at, id) 
    values
        (?, ?, ?, ?, ?, default)
Hibernate: 
    insert 
    into
        student_guardians
        (created_at, guardian_id, relationship, student_id, updated_at, id) 
    values
        (?, ?, ?, ?, ?, default)
2026-06-24T20:29:41.155+07:00 DEBUG 24436 --- [myfschool-backend] [           main] org.hibernate.SQL                        : 
    select
        u1_0.id,
        u1_0.avatar,
        u1_0.created_at,
        u1_0.email,
        u1_0.name,
        u1_0.password,
        u1_0.phone,
        u1_0.role,
        u1_0.status,
        u1_0.updated_at 
    from
        users u1_0 
    where
        u1_0.phone=?
Hibernate: 
    select
        u1_0.id,
        u1_0.avatar,
        u1_0.created_at,
        u1_0.email,
        u1_0.name,
        u1_0.password,
        u1_0.phone,
        u1_0.role,
        u1_0.status,
        u1_0.updated_at 
    from
        users u1_0 
    where
        u1_0.phone=?
2026-06-24T20:29:41.220+07:00 DEBUG 24436 --- [myfschool-backend] [           main] org.hibernate.SQL                        : 
    select
        us1_0.id,
        us1_0.created_at,
        us1_0.language,
        us1_0.notification_enabled,
        us1_0.theme,
        us1_0.updated_at,
        us1_0.user_id 
    from
        user_settings us1_0 
    left join
        users u1_0 
            on u1_0.id=us1_0.user_id 
    where
        u1_0.id=?
Hibernate: 
    select
        us1_0.id,
        us1_0.created_at,
        us1_0.language,
        us1_0.notification_enabled,
        us1_0.theme,
        us1_0.updated_at,
        us1_0.user_id 
    from
        user_settings us1_0 
    left join
        users u1_0 
            on u1_0.id=us1_0.user_id 
    where
        u1_0.id=?
2026-06-24T20:29:41.221+07:00 DEBUG 24436 --- [myfschool-backend] [           main] org.hibernate.SQL                        : 
    select
        p1_0.id,
        p1_0.address,
        p1_0.created_at,
        p1_0.occupation,
        p1_0.updated_at,
        p1_0.user_id 
    from
        parents p1_0 
    left join
        users u1_0 
            on u1_0.id=p1_0.user_id 
    where
        u1_0.id=?
Hibernate: 
    select
        p1_0.id,
        p1_0.address,
        p1_0.created_at,
        p1_0.occupation,
        p1_0.updated_at,
        p1_0.user_id 
    from
        parents p1_0 
    left join
        users u1_0 
            on u1_0.id=p1_0.user_id 
    where
        u1_0.id=?
2026-06-24T20:29:41.222+07:00 DEBUG 24436 --- [myfschool-backend] [           main] org.hibernate.SQL                        : 
    select
        s1_0.id,
        s1_0.created_at,
        s1_0.class_id,
        s1_0.date_of_birth,
        s1_0.student_code,
        s1_0.updated_at,
        s1_0.user_id 
    from
        student_guardians sg1_0 
    join
        students s1_0 
            on s1_0.id=sg1_0.student_id 
    where
        sg1_0.guardian_id=?
Hibernate: 
    select
        s1_0.id,
        s1_0.created_at,
        s1_0.class_id,
        s1_0.date_of_birth,
        s1_0.student_code,
        s1_0.updated_at,
        s1_0.user_id 
    from
        student_guardians sg1_0 
    join
        students s1_0 
            on s1_0.id=sg1_0.student_id 
    where
        sg1_0.guardian_id=?
2026-06-24T20:29:41.230+07:00 DEBUG 24436 --- [myfschool-backend] [           main] org.hibernate.SQL                        : 
    select
        n1_0.id,
        n1_0.body,
        n1_0.created_at,
        n1_0.is_read,
        n1_0.tag,
        n1_0.title,
        n1_0.tuition_bill_id,
        n1_0.updated_at,
        n1_0.user_id 
    from
        notifications n1_0 
    left join
        users u1_0 
            on u1_0.id=n1_0.user_id 
    where
        u1_0.id=? 
    order by
        n1_0.created_at desc
Hibernate: 
    select
        n1_0.id,
        n1_0.body,
        n1_0.created_at,
        n1_0.is_read,
        n1_0.tag,
        n1_0.title,
        n1_0.tuition_bill_id,
        n1_0.updated_at,
        n1_0.user_id 
    from
        notifications n1_0 
    left join
        users u1_0 
            on u1_0.id=n1_0.user_id 
    where
        u1_0.id=? 
    order by
        n1_0.created_at desc
]]></system-out>
  </testcase>
  <testcase name="create_conversation_between_parent_and_teacher" classname="vn.edu.fpt.myfschool.ConversationIntegrationTest" time="0.515">
    <system-out><![CDATA[2026-06-24T20:29:41.241+07:00 DEBUG 24436 --- [myfschool-backend] [           main] org.hibernate.SQL                        : 
    insert 
    into
        classes
        (academic_year, created_at, grade_level, name, school_name, updated_at, id) 
    values
        (?, ?, ?, ?, ?, ?, default)
Hibernate: 
    insert 
    into
        classes
        (academic_year, created_at, grade_level, name, school_name, updated_at, id) 
    values
        (?, ?, ?, ?, ?, ?, default)
2026-06-24T20:29:41.241+07:00 DEBUG 24436 --- [myfschool-backend] [           main] org.hibernate.SQL                        : 
    insert 
    into
        classes
        (academic_year, created_at, grade_level, name, school_name, updated_at, id) 
    values
        (?, ?, ?, ?, ?, ?, default)
Hibernate: 
    insert 
    into
        classes
        (academic_year, created_at, grade_level, name, school_name, updated_at, id) 
    values
        (?, ?, ?, ?, ?, ?, default)
2026-06-24T20:29:41.242+07:00 DEBUG 24436 --- [myfschool-backend] [           main] org.hibernate.SQL                        : 
    insert 
    into
        subjects
        (code, created_at, name, updated_at, id) 
    values
        (?, ?, ?, ?, default)
Hibernate: 
    insert 
    into
        subjects
        (code, created_at, name, updated_at, id) 
    values
        (?, ?, ?, ?, default)
2026-06-24T20:29:41.242+07:00 DEBUG 24436 --- [myfschool-backend] [           main] org.hibernate.SQL                        : 
    insert 
    into
        subjects
        (code, created_at, name, updated_at, id) 
    values
        (?, ?, ?, ?, default)
Hibernate: 
    insert 
    into
        subjects
        (code, created_at, name, updated_at, id) 
    values
        (?, ?, ?, ?, default)
2026-06-24T20:29:41.242+07:00 DEBUG 24436 --- [myfschool-backend] [           main] org.hibernate.SQL                        : 
    insert 
    into
        semesters
        (academic_year, created_at, end_date, is_current, name, start_date, updated_at, id) 
    values
        (?, ?, ?, ?, ?, ?, ?, default)
Hibernate: 
    insert 
    into
        semesters
[...]
        s1_0.created_at,
        s1_0.class_id,
        s1_0.date_of_birth,
        s1_0.student_code,
        s1_0.updated_at,
        s1_0.user_id 
    from
        student_guardians sg1_0 
    join
        students s1_0 
            on s1_0.id=sg1_0.student_id 
    where
        sg1_0.guardian_id=?
2026-06-24T20:29:41.639+07:00 DEBUG 24436 --- [myfschool-backend] [           main] org.hibernate.SQL                        : 
    select
        u1_0.id,
        u1_0.avatar,
        u1_0.created_at,
        u1_0.email,
        u1_0.name,
        u1_0.password,
        u1_0.phone,
        u1_0.role,
        u1_0.status,
        u1_0.updated_at 
    from
        users u1_0 
    where
        u1_0.phone=?
Hibernate: 
    select
        u1_0.id,
        u1_0.avatar,
        u1_0.created_at,
        u1_0.email,
        u1_0.name,
        u1_0.password,
        u1_0.phone,
        u1_0.role,
        u1_0.status,
        u1_0.updated_at 
    from
        users u1_0 
    where
        u1_0.phone=?
2026-06-24T20:29:41.702+07:00 DEBUG 24436 --- [myfschool-backend] [           main] org.hibernate.SQL                        : 
    select
        us1_0.id,
        us1_0.created_at,
        us1_0.language,
        us1_0.notification_enabled,
        us1_0.theme,
        us1_0.updated_at,
        us1_0.user_id 
    from
        user_settings us1_0 
    left join
        users u1_0 
            on u1_0.id=us1_0.user_id 
    where
        u1_0.id=?
Hibernate: 
    select
        us1_0.id,
        us1_0.created_at,
        us1_0.language,
        us1_0.notification_enabled,
        us1_0.theme,
        us1_0.updated_at,
        us1_0.user_id 
    from
        user_settings us1_0 
    left join
        users u1_0 
            on u1_0.id=us1_0.user_id 
    where
        u1_0.id=?
2026-06-24T20:29:41.706+07:00 DEBUG 24436 --- [myfschool-backend] [           main] org.hibernate.SQL                        : 
    select
        t1_0.id,
        t1_0.created_at,
        t1_0.department,
        t1_0.employee_code,
        t1_0.updated_at,
        t1_0.user_id 
    from
        teachers t1_0 
    left join
        users u1_0 
            on u1_0.id=t1_0.user_id 
    where
        u1_0.id=?
Hibernate: 
    select
        t1_0.id,
        t1_0.created_at,
        t1_0.department,
        t1_0.employee_code,
        t1_0.updated_at,
        t1_0.user_id 
    from
        teachers t1_0 
    left join
        users u1_0 
            on u1_0.id=t1_0.user_id 
    where
        u1_0.id=?
2026-06-24T20:29:41.711+07:00 DEBUG 24436 --- [myfschool-backend] [           main] org.hibernate.SQL                        : 
    select
        us1_0.id,
        us1_0.created_at,
        us1_0.language,
        us1_0.notification_enabled,
        us1_0.theme,
        us1_0.updated_at,
        us1_0.user_id 
    from
        user_settings us1_0 
    left join
        users u1_0 
            on u1_0.id=us1_0.user_id 
    where
        u1_0.id=?
Hibernate: 
    select
        us1_0.id,
        us1_0.created_at,
        us1_0.language,
        us1_0.notification_enabled,
        us1_0.theme,
        us1_0.updated_at,
        us1_0.user_id 
    from
        user_settings us1_0 
    left join
        users u1_0 
            on u1_0.id=us1_0.user_id 
    where
        u1_0.id=?
2026-06-24T20:29:41.713+07:00 DEBUG 24436 --- [myfschool-backend] [           main] org.hibernate.SQL                        : 
    select
        t1_0.id,
        t1_0.created_at,
        t1_0.department,
        t1_0.employee_code,
        t1_0.updated_at,
        t1_0.user_id 
    from
        teachers t1_0 
    left join
        users u1_0 
            on u1_0.id=t1_0.user_id 
    where
        u1_0.id=?
Hibernate: 
    select
        t1_0.id,
        t1_0.created_at,
        t1_0.department,
        t1_0.employee_code,
        t1_0.updated_at,
        t1_0.user_id 
    from
        teachers t1_0 
    left join
        users u1_0 
            on u1_0.id=t1_0.user_id 
    where
        u1_0.id=?
2026-06-24T20:29:41.735+07:00 DEBUG 24436 --- [myfschool-backend] [           main] org.hibernate.SQL                        : 
    select
        c1_0.id,
        c1_0.created_at,
        c1_0.last_message,
        c1_0.last_message_at,
        c1_0.updated_at 
    from
        conversations c1_0 
    join
        conversation_participants p1_0 
            on c1_0.id=p1_0.conversation_id 
    join
        conversation_participants p2_0 
            on c1_0.id=p2_0.conversation_id 
    where
        p1_0.user_id=? 
        and p2_0.user_id=? 
        and (
            select
                count(*) 
            from
                conversation_participants p3_0 
            where
                c1_0.id=p3_0.conversation_id
        )=2
Hibernate: 
    select
        c1_0.id,
        c1_0.created_at,
        c1_0.last_message,
        c1_0.last_message_at,
        c1_0.updated_at 
    from
        conversations c1_0 
    join
        conversation_participants p1_0 
            on c1_0.id=p1_0.conversation_id 
    join
        conversation_participants p2_0 
            on c1_0.id=p2_0.conversation_id 
    where
        p1_0.user_id=? 
        and p2_0.user_id=? 
        and (
            select
                count(*) 
            from
                conversation_participants p3_0 
            where
                c1_0.id=p3_0.conversation_id
        )=2
2026-06-24T20:29:41.742+07:00 DEBUG 24436 --- [myfschool-backend] [           main] org.hibernate.SQL                        : 
    insert 
    into
        conversations
        (created_at, last_message, last_message_at, updated_at, id) 
    values
        (?, ?, ?, ?, default)
Hibernate: 
    insert 
    into
        conversations
        (created_at, last_message, last_message_at, updated_at, id) 
    values
        (?, ?, ?, ?, default)
2026-06-24T20:29:41.744+07:00 DEBUG 24436 --- [myfschool-backend] [           main] org.hibernate.SQL                        : 
    insert 
    into
        conversation_participants
        (conversation_id, created_at, joined_at, last_read_at, updated_at, user_id, id) 
    values
        (?, ?, ?, ?, ?, ?, default)
Hibernate: 
    insert 
    into
        conversation_participants
        (conversation_id, created_at, joined_at, last_read_at, updated_at, user_id, id) 
    values
        (?, ?, ?, ?, ?, ?, default)
2026-06-24T20:29:41.746+07:00 DEBUG 24436 --- [myfschool-backend] [           main] org.hibernate.SQL                        : 
    insert 
    into
        conversation_participants
        (conversation_id, created_at, joined_at, last_read_at, updated_at, user_id, id) 
    values
        (?, ?, ?, ?, ?, ?, default)
Hibernate: 
    insert 
    into
        conversation_participants
        (conversation_id, created_at, joined_at, last_read_at, updated_at, user_id, id) 
    values
        (?, ?, ?, ?, ?, ?, default)
]]></system-out>
  </testcase>
  <testcase name="list_conversations_empty" classname="vn.edu.fpt.myfschool.ConversationIntegrationTest" time="0.416">
    <system-out><![CDATA[2026-06-24T20:29:41.764+07:00 DEBUG 24436 --- [myfschool-backend] [           main] org.hibernate.SQL                        : 
    insert 
    into
        classes
        (academic_year, created_at, grade_level, name, school_name, updated_at, id) 
    values
        (?, ?, ?, ?, ?, ?, default)
Hibernate: 
    insert 
    into
        classes
        (academic_year, created_at, grade_level, name, school_name, updated_at, id) 
    values
        (?, ?, ?, ?, ?, ?, default)
2026-06-24T20:29:41.766+07:00 DEBUG 24436 --- [myfschool-backend] [           main] org.hibernate.SQL                        : 
    insert 
    into
        classes
        (academic_year, created_at, grade_level, name, school_name, updated_at, id) 
    values
        (?, ?, ?, ?, ?, ?, default)
Hibernate: 
    insert 
    into
        classes
        (academic_year, created_at, grade_level, name, school_name, updated_at, id) 
    values
        (?, ?, ?, ?, ?, ?, default)
2026-06-24T20:29:41.766+07:00 DEBUG 24436 --- [myfschool-backend] [           main] org.hibernate.SQL                        : 
    insert 
    into
        subjects
        (code, created_at, name, updated_at, id) 
    values
        (?, ?, ?, ?, default)
Hibernate: 
    insert 
    into
        subjects
        (code, created_at, name, updated_at, id) 
    values
        (?, ?, ?, ?, default)
2026-06-24T20:29:41.767+07:00 DEBUG 24436 --- [myfschool-backend] [           main] org.hibernate.SQL                        : 
    insert 
    into
        subjects
        (code, created_at, name, updated_at, id) 
    values
        (?, ?, ?, ?, default)
Hibernate: 
    insert 
    into
        subjects
        (code, created_at, name, updated_at, id) 
    values
        (?, ?, ?, ?, default)
2026-06-24T20:29:41.767+07:00 DEBUG 24436 --- [myfschool-backend] [           main] org.hibernate.SQL                        : 
    insert 
    into
        semesters
        (academic_year, created_at, end_date, is_current, name, start_date, updated_at, id) 
    values
        (?, ?, ?, ?, ?, ?, ?, default)
Hibernate: 
    insert 
    into
        semesters
        (academic_year, created_at, end_date, is_current, name, start_date, updated_at, id) 
    values
        (?, ?, ?, ?, ?, ?, ?, default)
2026-06-24T20:29:41.829+07:00 DEBUG 24436 --- [myfschool-backend] [           main] org.hibernate.SQL                        : 
    insert 
    into
        users
        (avatar, created_at, email, name, password, phone, role, status, updated_at, id) 
    values
        (?, ?, ?, ?, ?, ?, ?, ?, ?, default)
Hibernate: 
    insert 
    into
        users
        (avatar, created_at, email, name, password, phone, role, status, updated_at, id) 
    values
        (?, ?, ?, ?, ?, ?, ?, ?, ?, default)
2026-06-24T20:29:41.830+07:00 DEBUG 24436 --- [myfschool-backend] [           main] org.hibernate.SQL                        : 
    insert 
    into
        teachers
        (created_at, department, employee_code, updated_at, user_id, id) 
    values
        (?, ?, ?, ?, ?, default)
Hibernate: 
    insert 
    into
        teachers
        (created_at, department, employee_code, updated_at, user_id, id) 
    values
        (?, ?, ?, ?, ?, default)
2026-06-24T20:29:41.830+07:00 DEBUG 24436 --- [myfschool-backend] [           main] org.hibernate.SQL                        : 
    insert 
    into
        class_subjects
        (academic_year, class_id, created_at, is_homeroom, semester_id, subject_id, teacher_id, updated_at, id) 
    values
        (?, ?, ?, ?, ?, ?, ?, ?, default)
Hibernate: 
    insert 
    into
        class_subjects
        (academic_year, class_id, created_at, is_homeroom, semester_id, subject_id, teacher_id, updated_at, id) 
    values
        (?, ?, ?, ?, ?, ?, ?, ?, default)
2026-06-24T20:29:41.893+07:00 DEBUG 24436 --- [myfschool-backend] [           main] org.hibernate.SQL                        : 
    insert 
    into
        users
        (avatar, created_at, email, name, password, phone, role, status, updated_at, id) 
    values
        (?, ?, ?, ?, ?, ?, ?, ?, ?, default)
Hibernate: 
    insert 
    into
        users
        (avatar, created_at, email, name, password, phone, role, status, updated_at, id) 
    values
        (?, ?, ?, ?, ?, ?, ?, ?, ?, default)
2026-06-24T20:29:41.894+07:00 DEBUG 24436 --- [myfschool-backend] [           main] org.hibernate.SQL                        : 
    insert 
    into
        parents
        (address, created_at, occupation, updated_at, user_id, id) 
    values
        (?, ?, ?, ?, ?, default)
Hibernate: 
    insert 
    into
        parents
        (address, created_at, occupation, updated_at, user_id, id) 
    values
        (?, ?, ?, ?, ?, default)
2026-06-24T20:29:41.957+07:00 DEBUG 24436 --- [myfschool-backend] [           main] org.hibernate.SQL                        : 
    insert 
    into
        users
        (avatar, created_at, email, name, password, phone, role, status, updated_at, id) 
    values
        (?, ?, ?, ?, ?, ?, ?, ?, ?, default)
Hibernate: 
    insert 
    into
        users
        (avatar, created_at, email, name, password, phone, role, status, updated_at, id) 
    values
        (?, ?, ?, ?, ?, ?, ?, ?, ?, default)
2026-06-24T20:29:41.957+07:00 DEBUG 24436 --- [myfschool-backend] [           main] org.hibernate.SQL                        : 
    insert 
    into
        students
        (created_at, class_id, date_of_birth, student_code, updated_at, user_id, id) 
    values
        (?, ?, ?, ?, ?, ?, default)
Hibernate: 
    insert 
    into
        students
        (created_at, class_id, date_of_birth, student_code, updated_at, user_id, id) 
    values
        (?, ?, ?, ?, ?, ?, default)
2026-06-24T20:29:41.958+07:00 DEBUG 24436 --- [myfschool-backend] [           main] org.hibernate.SQL                        : 
    insert 
    into
        student_guardians
        (created_at, guardian_id, relationship, student_id, updated_at, id) 
    values
        (?, ?, ?, ?, ?, default)
Hibernate: 
    insert 
    into
        student_guardians
        (created_at, guardian_id, relationship, student_id, updated_at, id) 
    values
        (?, ?, ?, ?, ?, default)
2026-06-24T20:29:42.021+07:00 DEBUG 24436 --- [myfschool-backend] [           main] org.hibernate.SQL                        : 
    insert 
    into
        users
        (avatar, created_at, email, name, password, phone, role, status, updated_at, id) 
    values
        (?, ?, ?, ?, ?, ?, ?, ?, ?, default)
Hibernate: 
    insert 
    into
        users
        (avatar, created_at, email, name, password, phone, role, status, updated_at, id) 
    values
        (?, ?, ?, ?, ?, ?, ?, ?, ?, default)
2026-06-24T20:29:42.021+07:00 DEBUG 24436 --- [myfschool-backend] [           main] org.hibernate.SQL                        : 
    insert 
    into
        students
        (created_at, class_id, date_of_birth, student_code, updated_at, user_id, id) 
    values
        (?, ?, ?, ?, ?, ?, default)
Hibernate: 
    insert 
    into
        students
        (created_at, class_id, date_of_birth, student_code, updated_at, user_id, id) 
    values
        (?, ?, ?, ?, ?, ?, default)
2026-06-24T20:29:42.022+07:00 DEBUG 24436 --- [myfschool-backend] [           main] org.hibernate.SQL                        : 
    insert 
    into
        student_guardians
        (created_at, guardian_id, relationship, student_id, updated_at, id) 
    values
        (?, ?, ?, ?, ?, default)
Hibernate: 
    insert 
    into
        student_guardians
        (created_at, guardian_id, relationship, student_id, updated_at, id) 
    values
        (?, ?, ?, ?, ?, default)
2026-06-24T20:29:42.086+07:00 DEBUG 24436 --- [myfschool-backend] [           main] org.hibernate.SQL                        : 
    insert 
    into
        users
        (avatar, created_at, email, name, password, phone, role, status, updated_at, id) 
    values
        (?, ?, ?, ?, ?, ?, ?, ?, ?, default)
Hibernate: 
    insert 
    into
        users
        (avatar, created_at, email, name, password, phone, role, status, updated_at, id) 
    values
        (?, ?, ?, ?, ?, ?, ?, ?, ?, default)
2026-06-24T20:29:42.087+07:00 DEBUG 24436 --- [myfschool-backend] [           main] org.hibernate.SQL                        : 
    insert 
    into
        students
        (created_at, class_id, date_of_birth, student_code, updated_at, user_id, id) 
    values
        (?, ?, ?, ?, ?, ?, default)
Hibernate: 
    insert 
    into
        students
        (created_at, class_id, date_of_birth, student_code, updated_at, user_id, id) 
    values
        (?, ?, ?, ?, ?, ?, default)
2026-06-24T20:29:42.087+07:00 DEBUG 24436 --- [myfschool-backend] [           main] org.hibernate.SQL                        : 
    insert 
    into
        student_guardians
        (created_at, guardian_id, relationship, student_id, updated_at, id) 
    values
        (?, ?, ?, ?, ?, default)
Hibernate: 
    insert 
    into
        student_guardians
        (created_at, guardian_id, relationship, student_id, updated_at, id) 
    values
        (?, ?, ?, ?, ?, default)
2026-06-24T20:29:42.092+07:00 DEBUG 24436 --- [myfschool-backend] [           main] org.hibernate.SQL                        : 
    select
        u1_0.id,
        u1_0.avatar,
        u1_0.created_at,
        u1_0.email,
        u1_0.name,
        u1_0.password,
        u1_0.phone,
        u1_0.role,
        u1_0.status,
        u1_0.updated_at 
    from
        users u1_0 
    where
        u1_0.phone=?
Hibernate: 
    select
        u1_0.id,
        u1_0.avatar,
        u1_0.created_at,
        u1_0.email,
        u1_0.name,
        u1_0.password,
        u1_0.phone,
        u1_0.role,
        u1_0.status,
        u1_0.updated_at 
    from
        users u1_0 
    where
        u1_0.phone=?
2026-06-24T20:29:42.159+07:00 DEBUG 24436 --- [myfschool-backend] [           main] org.hibernate.SQL                        : 
    select
        us1_0.id,
        us1_0.created_at,
        us1_0.language,
        us1_0.notification_enabled,
        us1_0.theme,
        us1_0.updated_at,
        us1_0.user_id 
    from
        user_settings us1_0 
    left join
        users u1_0 
            on u1_0.id=us1_0.user_id 
    where
        u1_0.id=?
Hibernate: 
    select
        us1_0.id,
        us1_0.created_at,
        us1_0.language,
        us1_0.notification_enabled,
        us1_0.theme,
        us1_0.updated_at,
        us1_0.user_id 
    from
        user_settings us1_0 
    left join
        users u1_0 
            on u1_0.id=us1_0.user_id 
    where
        u1_0.id=?
2026-06-24T20:29:42.160+07:00 DEBUG 24436 --- [myfschool-backend] [           main] org.hibernate.SQL                        : 
    select
        p1_0.id,
        p1_0.address,
        p1_0.created_at,
        p1_0.occupation,
        p1_0.updated_at,
        p1_0.user_id 
    from
        parents p1_0 
    left join
        users u1_0 
            on u1_0.id=p1_0.user_id 
    where
        u1_0.id=?
Hibernate: 
    select
        p1_0.id,
        p1_0.address,
        p1_0.created_at,
        p1_0.occupation,
        p1_0.updated_at,
        p1_0.user_id 
    from
        parents p1_0 
    left join
        users u1_0 
            on u1_0.id=p1_0.user_id 
    where
        u1_0.id=?
2026-06-24T20:29:42.161+07:00 DEBUG 24436 --- [myfschool-backend] [           main] org.hibernate.SQL                        : 
    select
        s1_0.id,
        s1_0.created_at,
        s1_0.class_id,
        s1_0.date_of_birth,
        s1_0.student_code,
        s1_0.updated_at,
        s1_0.user_id 
    from
        student_guardians sg1_0 
    join
        students s1_0 
            on s1_0.id=sg1_0.student_id 
    where
        sg1_0.guardian_id=?
Hibernate: 
    select
        s1_0.id,
        s1_0.created_at,
        s1_0.class_id,
        s1_0.date_of_birth,
        s1_0.student_code,
        s1_0.updated_at,
        s1_0.user_id 
    from
        student_guardians sg1_0 
    join
        students s1_0 
            on s1_0.id=sg1_0.student_id 
    where
        sg1_0.guardian_id=?
2026-06-24T20:29:42.172+07:00 DEBUG 24436 --- [myfschool-backend] [           main] org.hibernate.SQL                        : 
    select
        c1_0.id,
        c1_0.created_at,
        c1_0.last_message,
        c1_0.last_message_at,
        c1_0.updated_at 
    from
        conversations c1_0 
    join
        conversation_participants p1_0 
            on c1_0.id=p1_0.conversation_id 
    where
        p1_0.user_id=? 
    order by
        c1_0.last_message_at desc
Hibernate: 
    select
        c1_0.id,
        c1_0.created_at,
        c1_0.last_message,
        c1_0.last_message_at,
        c1_0.updated_at 
    from
        conversations c1_0 
    join
        conversation_participants p1_0 
            on c1_0.id=p1_0.conversation_id 
    where
        p1_0.user_id=? 
    order by
        c1_0.last_message_at desc
]]></system-out>
  </testcase>
</testsuite>